--------------------14:14:46.6631792--------------------
Insert Into IAI_PATIENT
(
	PATIENT_ID,ID_NUMBER,NAME,TELECOM,GENDER_CODE,
	BIRTH_TIME,STREET_ADDRESS_LINE,STATE,CITY,COUNTY,
	STREET_NAME_BASE,STREET_NAME,HOUSE_NUMBER,POSTAL_CODE,MARITAL_STATUS_CODE,
	ETHNIC_GROUP_CODE,OCCUPATION_CODE,EMPLOYERORGANIZATION_NAME,EMPLOYERORGANIZATION_TELECOM,ASOTHERIDS_ID1,
	SCOPINGORGANIZATION_ID1,ASOTHERIDS_ID2,SCOPINGORGANIZATION_ID2,PERSONALRELATIONSHIP_CODE,PERSONALRELATIONSHIP_TELECOM,
	RELATIONSHIPHOLDER1_NAME,PROVIDERORGANIZATION_ID,PROVIDERORGANIZATION_NAME,BENEFICIARY_CODE
)
Values
(
	:PATIENT_ID,:ID_NUMBER,:NAME,:TELECOM,:GENDER_CODE,
	:BIRTH_TIME,:STREET_ADDRESS_LINE,:STATE,:CITY,:COUNTY,
	:STREET_NAME_BASE,:STREET_NAME,:HOUSE_NUMBER,:POSTAL_CODE,:MARITAL_STATUS_CODE,
	:ETHNIC_GROUP_CODE,:OCCUPATION_CODE,:EMPLOYERORGANIZATION_NAME,:EMPLOYERORGANIZATION_TELECOM,:ASOTHERIDS_ID1,
	:SCOPINGORGANIZATION_ID1,:ASOTHERIDS_ID2,:SCOPINGORGANIZATION_ID2,:PERSONALRELATIONSHIP_CODE,:PERSONALRELATIONSHIP_TELECOM,
	:RELATIONSHIPHOLDER1_NAME,:PROVIDERORGANIZATION_ID,:PROVIDERORGANIZATION_NAME,:BENEFICIARY_CODE
)

参数值:
(String)    PATIENT_ID = 0000010374
(String)    ID_NUMBER = 0000010374
(String)    NAME = 刘淑俊
(String)    TELECOM = 028-6507157
(String)    GENDER_CODE = 1
(String)    BIRTH_TIME = 19570323
(String)    STREET_ADDRESS_LINE = 北京朝阳区黑庄户定西队
(String)    STATE = 北京
(String)    CITY = 北京
(String)    COUNTY = 朝阳区
(String)    STREET_NAME_BASE = 黑庄户
(String)    STREET_NAME = 定西队
(String)    HOUSE_NUMBER = 39号
(String)    POSTAL_CODE = 510000
(String)    MARITAL_STATUS_CODE = 10
(String)    ETHNIC_GROUP_CODE = 01
(String)    OCCUPATION_CODE = 13
(String)    EMPLOYERORGANIZATION_NAME = XXX学校
(String)    EMPLOYERORGANIZATION_TELECOM = 028-9999999
(String)    ASOTHERIDS_ID1 = 12345678901234567
(String)    SCOPINGORGANIZATION_ID1 = 1234567890
(String)    ASOTHERIDS_ID2 = 12345678901234567
(String)    SCOPINGORGANIZATION_ID2 = 1234567890
(String)    PERSONALRELATIONSHIP_CODE = (空)
(String)    PERSONALRELATIONSHIP_TELECOM = 13366075110
(String)    RELATIONSHIPHOLDER1_NAME = 郝书连
(String)    PROVIDERORGANIZATION_ID = 1234567890
(String)    PROVIDERORGANIZATION_NAME = 朝阳医院
(String)    BENEFICIARY_CODE = 01
--------------------14:23:18.3764501--------------------
Update IAI_PATIENT 
Set 
	PATIENT_ID = :PATIENT_ID,
	ID_NUMBER = :ID_NUMBER,
	NAME = :NAME,
	TELECOM = :TELECOM,
	GENDER_CODE = :GENDER_CODE,
	BIRTH_TIME = :BIRTH_TIME,
	STREET_ADDRESS_LINE = :STREET_ADDRESS_LINE,
	STATE = :STATE,
	CITY = :CITY,
	COUNTY = :COUNTY,
	STREET_NAME_BASE = :STREET_NAME_BASE,
	STREET_NAME = :STREET_NAME,
	HOUSE_NUMBER = :HOUSE_NUMBER,
	POSTAL_CODE = :POSTAL_CODE,
	MARITAL_STATUS_CODE = :MARITAL_STATUS_CODE,
	ETHNIC_GROUP_CODE = :ETHNIC_GROUP_CODE,
	OCCUPATION_CODE = :OCCUPATION_CODE,
	EMPLOYERORGANIZATION_NAME = :EMPLOYERORGANIZATION_NAME,
	EMPLOYERORGANIZATION_TELECOM = :EMPLOYERORGANIZATION_TELECOM,
	ASOTHERIDS_ID1 = :ASOTHERIDS_ID1,
	SCOPINGORGANIZATION_ID1 = :SCOPINGORGANIZATION_ID1,
	ASOTHERIDS_ID2 = :ASOTHERIDS_ID2,
	SCOPINGORGANIZATION_ID2 = :SCOPINGORGANIZATION_ID2,
	PERSONALRELATIONSHIP_CODE = :PERSONALRELATIONSHIP_CODE,
	PERSONALRELATIONSHIP_TELECOM = :PERSONALRELATIONSHIP_TELECOM,
	RELATIONSHIPHOLDER1_NAME = :RELATIONSHIPHOLDER1_NAME,
	PROVIDERORGANIZATION_ID = :PROVIDERORGANIZATION_ID,
	PROVIDERORGANIZATION_NAME = :PROVIDERORGANIZATION_NAME,
	BENEFICIARY_CODE = :BENEFICIARY_CODE
Where patient_id = :Original_patient_id

参数值:
(String)    PATIENT_ID = 0000010374
(String)    ID_NUMBER = 0000010374
(String)    NAME = 刘淑俊
(String)    TELECOM = 13810139065
(String)    GENDER_CODE = 1
(String)    BIRTH_TIME = 19570323
(String)    STREET_ADDRESS_LINE = 北京朝阳区黑庄户定西队
(String)    STATE = 北京
(String)    CITY = 北京
(String)    COUNTY = 朝阳区
(String)    STREET_NAME_BASE = 黑庄户
(String)    STREET_NAME = 定西队
(String)    HOUSE_NUMBER = -
(String)    POSTAL_CODE = -
(String)    MARITAL_STATUS_CODE = 10
(String)    ETHNIC_GROUP_CODE = 01
(String)    OCCUPATION_CODE = 13
(String)    EMPLOYERORGANIZATION_NAME = XXX学校
(String)    EMPLOYERORGANIZATION_TELECOM = 028-9999999
(String)    ASOTHERIDS_ID1 = 12345678901234567
(String)    SCOPINGORGANIZATION_ID1 = 1234567890
(String)    ASOTHERIDS_ID2 = 12345678901234567
(String)    SCOPINGORGANIZATION_ID2 = 1234567890
(String)    PERSONALRELATIONSHIP_CODE = (空)
(String)    PERSONALRELATIONSHIP_TELECOM = 028-8888888
(String)    RELATIONSHIPHOLDER1_NAME = 刘好
(String)    PROVIDERORGANIZATION_ID = 1234567890
(String)    PROVIDERORGANIZATION_NAME = 无锡中医院
(String)    BENEFICIARY_CODE = 01
(String)    Original_patient_id = 0000010374
--------------------14:27:10.7471148--------------------
Update IAI_PATIENT 
Set 
	PATIENT_ID = :PATIENT_ID,
	ID_NUMBER = :ID_NUMBER,
	NAME = :NAME,
	TELECOM = :TELECOM,
	GENDER_CODE = :GENDER_CODE,
	BIRTH_TIME = :BIRTH_TIME,
	STREET_ADDRESS_LINE = :STREET_ADDRESS_LINE,
	STATE = :STATE,
	CITY = :CITY,
	COUNTY = :COUNTY,
	STREET_NAME_BASE = :STREET_NAME_BASE,
	STREET_NAME = :STREET_NAME,
	HOUSE_NUMBER = :HOUSE_NUMBER,
	POSTAL_CODE = :POSTAL_CODE,
	MARITAL_STATUS_CODE = :MARITAL_STATUS_CODE,
	ETHNIC_GROUP_CODE = :ETHNIC_GROUP_CODE,
	OCCUPATION_CODE = :OCCUPATION_CODE,
	EMPLOYERORGANIZATION_NAME = :EMPLOYERORGANIZATION_NAME,
	EMPLOYERORGANIZATION_TELECOM = :EMPLOYERORGANIZATION_TELECOM,
	ASOTHERIDS_ID1 = :ASOTHERIDS_ID1,
	SCOPINGORGANIZATION_ID1 = :SCOPINGORGANIZATION_ID1,
	ASOTHERIDS_ID2 = :ASOTHERIDS_ID2,
	SCOPINGORGANIZATION_ID2 = :SCOPINGORGANIZATION_ID2,
	PERSONALRELATIONSHIP_CODE = :PERSONALRELATIONSHIP_CODE,
	PERSONALRELATIONSHIP_TELECOM = :PERSONALRELATIONSHIP_TELECOM,
	RELATIONSHIPHOLDER1_NAME = :RELATIONSHIPHOLDER1_NAME,
	PROVIDERORGANIZATION_ID = :PROVIDERORGANIZATION_ID,
	PROVIDERORGANIZATION_NAME = :PROVIDERORGANIZATION_NAME,
	BENEFICIARY_CODE = :BENEFICIARY_CODE
Where patient_id = :Original_patient_id

参数值:
(String)    PATIENT_ID = 0000010374
(String)    ID_NUMBER = 0000010374
(String)    NAME = 刘淑俊
(String)    TELECOM = 13810139065
(String)    GENDER_CODE = 1
(String)    BIRTH_TIME = 19570323
(String)    STREET_ADDRESS_LINE = 北京朝阳区黑庄户定西队
(String)    STATE = 北京
(String)    CITY = 北京
(String)    COUNTY = 朝阳区
(String)    STREET_NAME_BASE = 黑庄户
(String)    STREET_NAME = 定西队
(String)    HOUSE_NUMBER = -
(String)    POSTAL_CODE = -
(String)    MARITAL_STATUS_CODE = 10
(String)    ETHNIC_GROUP_CODE = 01
(String)    OCCUPATION_CODE = 13
(String)    EMPLOYERORGANIZATION_NAME = XXX学校
(String)    EMPLOYERORGANIZATION_TELECOM = 028-9999999
(String)    ASOTHERIDS_ID1 = 12345678901234567
(String)    SCOPINGORGANIZATION_ID1 = 1234567890
(String)    ASOTHERIDS_ID2 = 12345678901234567
(String)    SCOPINGORGANIZATION_ID2 = 1234567890
(String)    PERSONALRELATIONSHIP_CODE = (空)
(String)    PERSONALRELATIONSHIP_TELECOM = 028-8888888
(String)    RELATIONSHIPHOLDER1_NAME = 刘好
(String)    PROVIDERORGANIZATION_ID = 1234567890
(String)    PROVIDERORGANIZATION_NAME = 无锡中医院
(String)    BENEFICIARY_CODE = 01
(String)    Original_patient_id = 0000010374
--------------------14:27:55.1465483--------------------
Update IAI_PATIENT 
Set 
	PATIENT_ID = :PATIENT_ID,
	ID_NUMBER = :ID_NUMBER,
	NAME = :NAME,
	TELECOM = :TELECOM,
	GENDER_CODE = :GENDER_CODE,
	BIRTH_TIME = :BIRTH_TIME,
	STREET_ADDRESS_LINE = :STREET_ADDRESS_LINE,
	STATE = :STATE,
	CITY = :CITY,
	COUNTY = :COUNTY,
	STREET_NAME_BASE = :STREET_NAME_BASE,
	STREET_NAME = :STREET_NAME,
	HOUSE_NUMBER = :HOUSE_NUMBER,
	POSTAL_CODE = :POSTAL_CODE,
	MARITAL_STATUS_CODE = :MARITAL_STATUS_CODE,
	ETHNIC_GROUP_CODE = :ETHNIC_GROUP_CODE,
	OCCUPATION_CODE = :OCCUPATION_CODE,
	EMPLOYERORGANIZATION_NAME = :EMPLOYERORGANIZATION_NAME,
	EMPLOYERORGANIZATION_TELECOM = :EMPLOYERORGANIZATION_TELECOM,
	ASOTHERIDS_ID1 = :ASOTHERIDS_ID1,
	SCOPINGORGANIZATION_ID1 = :SCOPINGORGANIZATION_ID1,
	ASOTHERIDS_ID2 = :ASOTHERIDS_ID2,
	SCOPINGORGANIZATION_ID2 = :SCOPINGORGANIZATION_ID2,
	PERSONALRELATIONSHIP_CODE = :PERSONALRELATIONSHIP_CODE,
	PERSONALRELATIONSHIP_TELECOM = :PERSONALRELATIONSHIP_TELECOM,
	RELATIONSHIPHOLDER1_NAME = :RELATIONSHIPHOLDER1_NAME,
	PROVIDERORGANIZATION_ID = :PROVIDERORGANIZATION_ID,
	PROVIDERORGANIZATION_NAME = :PROVIDERORGANIZATION_NAME,
	BENEFICIARY_CODE = :BENEFICIARY_CODE
Where patient_id = :Original_patient_id

参数值:
(String)    PATIENT_ID = 0000010374
(String)    ID_NUMBER = 0000010374
(String)    NAME = 刘淑俊
(String)    TELECOM = 13810139065
(String)    GENDER_CODE = 1
(String)    BIRTH_TIME = 19570323
(String)    STREET_ADDRESS_LINE = 北京朝阳区黑庄户定西队
(String)    STATE = 北京
(String)    CITY = 北京
(String)    COUNTY = 朝阳区
(String)    STREET_NAME_BASE = 黑庄户
(String)    STREET_NAME = 定西队
(String)    HOUSE_NUMBER = -
(String)    POSTAL_CODE = -
(String)    MARITAL_STATUS_CODE = 10
(String)    ETHNIC_GROUP_CODE = 01
(String)    OCCUPATION_CODE = 13
(String)    EMPLOYERORGANIZATION_NAME = XXX学校
(String)    EMPLOYERORGANIZATION_TELECOM = 028-9999999
(String)    ASOTHERIDS_ID1 = 12345678901234567
(String)    SCOPINGORGANIZATION_ID1 = 1234567890
(String)    ASOTHERIDS_ID2 = 12345678901234567
(String)    SCOPINGORGANIZATION_ID2 = 1234567890
(String)    PERSONALRELATIONSHIP_CODE = (空)
(String)    PERSONALRELATIONSHIP_TELECOM = 028-8888888
(String)    RELATIONSHIPHOLDER1_NAME = 刘好
(String)    PROVIDERORGANIZATION_ID = 1234567890
(String)    PROVIDERORGANIZATION_NAME = 无锡中医院
(String)    BENEFICIARY_CODE = 01
(String)    Original_patient_id = 0000010374
--------------------14:29:26.6008863--------------------
Update IAI_PATIENT 
Set 
	PATIENT_ID = :PATIENT_ID,
	ID_NUMBER = :ID_NUMBER,
	NAME = :NAME,
	TELECOM = :TELECOM,
	GENDER_CODE = :GENDER_CODE,
	BIRTH_TIME = :BIRTH_TIME,
	STREET_ADDRESS_LINE = :STREET_ADDRESS_LINE,
	STATE = :STATE,
	CITY = :CITY,
	COUNTY = :COUNTY,
	STREET_NAME_BASE = :STREET_NAME_BASE,
	STREET_NAME = :STREET_NAME,
	HOUSE_NUMBER = :HOUSE_NUMBER,
	POSTAL_CODE = :POSTAL_CODE,
	MARITAL_STATUS_CODE = :MARITAL_STATUS_CODE,
	ETHNIC_GROUP_CODE = :ETHNIC_GROUP_CODE,
	OCCUPATION_CODE = :OCCUPATION_CODE,
	EMPLOYERORGANIZATION_NAME = :EMPLOYERORGANIZATION_NAME,
	EMPLOYERORGANIZATION_TELECOM = :EMPLOYERORGANIZATION_TELECOM,
	ASOTHERIDS_ID1 = :ASOTHERIDS_ID1,
	SCOPINGORGANIZATION_ID1 = :SCOPINGORGANIZATION_ID1,
	ASOTHERIDS_ID2 = :ASOTHERIDS_ID2,
	SCOPINGORGANIZATION_ID2 = :SCOPINGORGANIZATION_ID2,
	PERSONALRELATIONSHIP_CODE = :PERSONALRELATIONSHIP_CODE,
	PERSONALRELATIONSHIP_TELECOM = :PERSONALRELATIONSHIP_TELECOM,
	RELATIONSHIPHOLDER1_NAME = :RELATIONSHIPHOLDER1_NAME,
	PROVIDERORGANIZATION_ID = :PROVIDERORGANIZATION_ID,
	PROVIDERORGANIZATION_NAME = :PROVIDERORGANIZATION_NAME,
	BENEFICIARY_CODE = :BENEFICIARY_CODE
Where patient_id = :Original_patient_id

参数值:
(String)    PATIENT_ID = 0000010374
(String)    ID_NUMBER = 0000010374
(String)    NAME = 刘淑俊
(String)    TELECOM = 13810139065
(String)    GENDER_CODE = 1
(String)    BIRTH_TIME = 19570323
(String)    STREET_ADDRESS_LINE = 北京朝阳区黑庄户定西队
(String)    STATE = 北京
(String)    CITY = 北京
(String)    COUNTY = 朝阳区
(String)    STREET_NAME_BASE = 黑庄户
(String)    STREET_NAME = 定西队
(String)    HOUSE_NUMBER = -
(String)    POSTAL_CODE = -
(String)    MARITAL_STATUS_CODE = 10
(String)    ETHNIC_GROUP_CODE = 01
(String)    OCCUPATION_CODE = 13
(String)    EMPLOYERORGANIZATION_NAME = XXX学校
(String)    EMPLOYERORGANIZATION_TELECOM = 028-9999999
(String)    ASOTHERIDS_ID1 = 12345678901234567
(String)    SCOPINGORGANIZATION_ID1 = 1234567890
(String)    ASOTHERIDS_ID2 = 12345678901234567
(String)    SCOPINGORGANIZATION_ID2 = 1234567890
(String)    PERSONALRELATIONSHIP_CODE = (空)
(String)    PERSONALRELATIONSHIP_TELECOM = 028-8888888
(String)    RELATIONSHIPHOLDER1_NAME = 刘好
(String)    PROVIDERORGANIZATION_ID = 1234567890
(String)    PROVIDERORGANIZATION_NAME = 无锡中医院
(String)    BENEFICIARY_CODE = 01
(String)    Original_patient_id = 0000010374
--------------------14:31:03.7644858--------------------
Update IAI_PATIENT 
Set 
	PATIENT_ID = :PATIENT_ID,
	ID_NUMBER = :ID_NUMBER,
	NAME = :NAME,
	TELECOM = :TELECOM,
	GENDER_CODE = :GENDER_CODE,
	BIRTH_TIME = :BIRTH_TIME,
	STREET_ADDRESS_LINE = :STREET_ADDRESS_LINE,
	STATE = :STATE,
	CITY = :CITY,
	COUNTY = :COUNTY,
	STREET_NAME_BASE = :STREET_NAME_BASE,
	STREET_NAME = :STREET_NAME,
	HOUSE_NUMBER = :HOUSE_NUMBER,
	POSTAL_CODE = :POSTAL_CODE,
	MARITAL_STATUS_CODE = :MARITAL_STATUS_CODE,
	ETHNIC_GROUP_CODE = :ETHNIC_GROUP_CODE,
	OCCUPATION_CODE = :OCCUPATION_CODE,
	EMPLOYERORGANIZATION_NAME = :EMPLOYERORGANIZATION_NAME,
	EMPLOYERORGANIZATION_TELECOM = :EMPLOYERORGANIZATION_TELECOM,
	ASOTHERIDS_ID1 = :ASOTHERIDS_ID1,
	SCOPINGORGANIZATION_ID1 = :SCOPINGORGANIZATION_ID1,
	ASOTHERIDS_ID2 = :ASOTHERIDS_ID2,
	SCOPINGORGANIZATION_ID2 = :SCOPINGORGANIZATION_ID2,
	PERSONALRELATIONSHIP_CODE = :PERSONALRELATIONSHIP_CODE,
	PERSONALRELATIONSHIP_TELECOM = :PERSONALRELATIONSHIP_TELECOM,
	RELATIONSHIPHOLDER1_NAME = :RELATIONSHIPHOLDER1_NAME,
	PROVIDERORGANIZATION_ID = :PROVIDERORGANIZATION_ID,
	PROVIDERORGANIZATION_NAME = :PROVIDERORGANIZATION_NAME,
	BENEFICIARY_CODE = :BENEFICIARY_CODE
Where patient_id = :Original_patient_id

参数值:
(String)    PATIENT_ID = 123123ID1231
(String)    ID_NUMBER = 123123ID1231
(String)    NAME = 刘永好
(String)    TELECOM = 028-1234567
(String)    GENDER_CODE = 1
(String)    BIRTH_TIME = 19570323
(String)    STREET_ADDRESS_LINE = 四川省成都市双流县红沙村3号
(String)    STATE = 广东省
(String)    CITY = 广州市
(String)    COUNTY = 越秀区
(String)    STREET_NAME_BASE = 童心街
(String)    STREET_NAME = 下塘西路
(String)    HOUSE_NUMBER = 39号
(String)    POSTAL_CODE = 510000
(String)    MARITAL_STATUS_CODE = 10
(String)    ETHNIC_GROUP_CODE = 01
(String)    OCCUPATION_CODE = 13
(String)    EMPLOYERORGANIZATION_NAME = XXX学校
(String)    EMPLOYERORGANIZATION_TELECOM = 028-9999999
(String)    ASOTHERIDS_ID1 = 38273N237
(String)    SCOPINGORGANIZATION_ID1 = XXXXX
(String)    ASOTHERIDS_ID2 = 38273N237
(String)    SCOPINGORGANIZATION_ID2 = XXXXX
(String)    PERSONALRELATIONSHIP_CODE = (空)
(String)    PERSONALRELATIONSHIP_TELECOM = 028-8888888
(String)    RELATIONSHIPHOLDER1_NAME = 刘好
(String)    PROVIDERORGANIZATION_ID = XXXXX
(String)    PROVIDERORGANIZATION_NAME = 无锡中医院
(String)    BENEFICIARY_CODE = 1
(String)    Original_patient_id = 123123ID1231
--------------------14:34:22.9143228--------------------
Insert Into IAI_PATIENT
(
	PATIENT_ID,ID_NUMBER,NAME,TELECOM,GENDER_CODE,
	BIRTH_TIME,STREET_ADDRESS_LINE,STATE,CITY,COUNTY,
	STREET_NAME_BASE,STREET_NAME,HOUSE_NUMBER,POSTAL_CODE,MARITAL_STATUS_CODE,
	ETHNIC_GROUP_CODE,OCCUPATION_CODE,EMPLOYERORGANIZATION_NAME,EMPLOYERORGANIZATION_TELECOM,ASOTHERIDS_ID1,
	SCOPINGORGANIZATION_ID1,ASOTHERIDS_ID2,SCOPINGORGANIZATION_ID2,PERSONALRELATIONSHIP_CODE,PERSONALRELATIONSHIP_TELECOM,
	RELATIONSHIPHOLDER1_NAME,PROVIDERORGANIZATION_ID,PROVIDERORGANIZATION_NAME,BENEFICIARY_CODE
)
Values
(
	:PATIENT_ID,:ID_NUMBER,:NAME,:TELECOM,:GENDER_CODE,
	:BIRTH_TIME,:STREET_ADDRESS_LINE,:STATE,:CITY,:COUNTY,
	:STREET_NAME_BASE,:STREET_NAME,:HOUSE_NUMBER,:POSTAL_CODE,:MARITAL_STATUS_CODE,
	:ETHNIC_GROUP_CODE,:OCCUPATION_CODE,:EMPLOYERORGANIZATION_NAME,:EMPLOYERORGANIZATION_TELECOM,:ASOTHERIDS_ID1,
	:SCOPINGORGANIZATION_ID1,:ASOTHERIDS_ID2,:SCOPINGORGANIZATION_ID2,:PERSONALRELATIONSHIP_CODE,:PERSONALRELATIONSHIP_TELECOM,
	:RELATIONSHIPHOLDER1_NAME,:PROVIDERORGANIZATION_ID,:PROVIDERORGANIZATION_NAME,:BENEFICIARY_CODE
)

参数值:
(String)    PATIENT_ID = 0000010379
(String)    ID_NUMBER = 0000010379
(String)    NAME = 荣明姝
(String)    TELECOM = 13366075110
(String)    GENDER_CODE = 1
(String)    BIRTH_TIME = 19570323
(String)    STREET_ADDRESS_LINE = 朝阳区管庄周井大院15号楼
(String)    STATE = 北京
(String)    CITY = 北京
(String)    COUNTY = 朝阳区
(String)    STREET_NAME_BASE = 管庄
(String)    STREET_NAME = 周井大院
(String)    HOUSE_NUMBER = 15号楼
(String)    POSTAL_CODE = 510000
(String)    MARITAL_STATUS_CODE = 10
(String)    ETHNIC_GROUP_CODE = 01
(String)    OCCUPATION_CODE = 13
(String)    EMPLOYERORGANIZATION_NAME = XXX学校
(String)    EMPLOYERORGANIZATION_TELECOM = 028-9999999
(String)    ASOTHERIDS_ID1 = 12345678901234567
(String)    SCOPINGORGANIZATION_ID1 = 1234567890
(String)    ASOTHERIDS_ID2 = 12345678901234567
(String)    SCOPINGORGANIZATION_ID2 = 1234567890
(String)    PERSONALRELATIONSHIP_CODE = (空)
(String)    PERSONALRELATIONSHIP_TELECOM = 13366075110
(String)    RELATIONSHIPHOLDER1_NAME = 刘瑞芝
(String)    PROVIDERORGANIZATION_ID = 1234567890
(String)    PROVIDERORGANIZATION_NAME = 朝阳医院
(String)    BENEFICIARY_CODE = 01
--------------------14:34:34.9635239--------------------
Insert Into IAI_PATIENT
(
	PATIENT_ID,ID_NUMBER,NAME,TELECOM,GENDER_CODE,
	BIRTH_TIME,STREET_ADDRESS_LINE,STATE,CITY,COUNTY,
	STREET_NAME_BASE,STREET_NAME,HOUSE_NUMBER,POSTAL_CODE,MARITAL_STATUS_CODE,
	ETHNIC_GROUP_CODE,OCCUPATION_CODE,EMPLOYERORGANIZATION_NAME,EMPLOYERORGANIZATION_TELECOM,ASOTHERIDS_ID1,
	SCOPINGORGANIZATION_ID1,ASOTHERIDS_ID2,SCOPINGORGANIZATION_ID2,PERSONALRELATIONSHIP_CODE,PERSONALRELATIONSHIP_TELECOM,
	RELATIONSHIPHOLDER1_NAME,PROVIDERORGANIZATION_ID,PROVIDERORGANIZATION_NAME,BENEFICIARY_CODE
)
Values
(
	:PATIENT_ID,:ID_NUMBER,:NAME,:TELECOM,:GENDER_CODE,
	:BIRTH_TIME,:STREET_ADDRESS_LINE,:STATE,:CITY,:COUNTY,
	:STREET_NAME_BASE,:STREET_NAME,:HOUSE_NUMBER,:POSTAL_CODE,:MARITAL_STATUS_CODE,
	:ETHNIC_GROUP_CODE,:OCCUPATION_CODE,:EMPLOYERORGANIZATION_NAME,:EMPLOYERORGANIZATION_TELECOM,:ASOTHERIDS_ID1,
	:SCOPINGORGANIZATION_ID1,:ASOTHERIDS_ID2,:SCOPINGORGANIZATION_ID2,:PERSONALRELATIONSHIP_CODE,:PERSONALRELATIONSHIP_TELECOM,
	:RELATIONSHIPHOLDER1_NAME,:PROVIDERORGANIZATION_ID,:PROVIDERORGANIZATION_NAME,:BENEFICIARY_CODE
)

参数值:
(String)    PATIENT_ID = 0000010372
(String)    ID_NUMBER = 0000010372
(String)    NAME = 张体光
(String)    TELECOM = 028-6507157
(String)    GENDER_CODE = 1
(String)    BIRTH_TIME = 19570323
(String)    STREET_ADDRESS_LINE = 天津市宝坻区口东南王村
(String)    STATE = 天津市
(String)    CITY = 天津市
(String)    COUNTY = 宝坻区
(String)    STREET_NAME_BASE = 口东南王村
(String)    STREET_NAME = 口东南王村
(String)    HOUSE_NUMBER = 39号
(String)    POSTAL_CODE = 510000
(String)    MARITAL_STATUS_CODE = 10
(String)    ETHNIC_GROUP_CODE = 01
(String)    OCCUPATION_CODE = 13
(String)    EMPLOYERORGANIZATION_NAME = XXX学校
(String)    EMPLOYERORGANIZATION_TELECOM = 028-9999999
(String)    ASOTHERIDS_ID1 = 12345678901234567
(String)    SCOPINGORGANIZATION_ID1 = 1234567890
(String)    ASOTHERIDS_ID2 = 12345678901234567
(String)    SCOPINGORGANIZATION_ID2 = 1234567890
(String)    PERSONALRELATIONSHIP_CODE = (空)
(String)    PERSONALRELATIONSHIP_TELECOM = 13366075110
(String)    RELATIONSHIPHOLDER1_NAME = 张宾
(String)    PROVIDERORGANIZATION_ID = 1234567890
(String)    PROVIDERORGANIZATION_NAME = 朝阳医院
(String)    BENEFICIARY_CODE = 01
--------------------14:36:36.8820993--------------------
Delete From IAI_PATIENT 
Where patient_id = :Original_patient_id

参数值:
(String)    Original_patient_id = 0000010374
--------------------14:36:36.9170525--------------------
Update IAI_PATIENT 
Set 
	PATIENT_ID = :PATIENT_ID
Where patient_id = :Original_patient_id

参数值:
(String)    PATIENT_ID = 0000010374
(String)    Original_patient_id = 0000010372
--------------------14:44:36.4260947--------------------
Insert Into IAI_PROVIDER
(
	HEALTHCAREPROVIDER_ID,HEALTHCAREPROVIDER_CODE,EFFECTIVETIME_HIGH,EFFECTIVETIME_LOW,ID_NUMBER,
	NAME,GENDER_CODE,BIRTH_TIME,ORGANIZATION_ID,ORGANIZATION_NAME,
	BIRTH_PLACE
)
Values
(
	:HEALTHCAREPROVIDER_ID,:HEALTHCAREPROVIDER_CODE,:EFFECTIVETIME_HIGH,:EFFECTIVETIME_LOW,:ID_NUMBER,
	:NAME,:GENDER_CODE,:BIRTH_TIME,:ORGANIZATION_ID,:ORGANIZATION_NAME,
	:BIRTH_PLACE
)

参数值:
(String)    HEALTHCAREPROVIDER_ID = 000959
(String)    HEALTHCAREPROVIDER_CODE = 231
(String)    EFFECTIVETIME_HIGH = 20180201
(String)    EFFECTIVETIME_LOW = 20130116
(String)    ID_NUMBER = 210103197503147655
(String)    NAME = 秦建民
(String)    GENDER_CODE = 1
(String)    BIRTH_TIME = 19750314
(String)    ORGANIZATION_ID = 000061
(String)    ORGANIZATION_NAME = 呼吸内科
(String)    BIRTH_PLACE = 沈阳市和平区三好街
--------------------14:46:41.9043315--------------------
Update IAI_PROVIDER 
Set 
	HEALTHCAREPROVIDER_ID = :HEALTHCAREPROVIDER_ID,
	HEALTHCAREPROVIDER_CODE = :HEALTHCAREPROVIDER_CODE,
	EFFECTIVETIME_HIGH = :EFFECTIVETIME_HIGH,
	EFFECTIVETIME_LOW = :EFFECTIVETIME_LOW,
	ID_NUMBER = :ID_NUMBER,
	NAME = :NAME,
	GENDER_CODE = :GENDER_CODE,
	BIRTH_TIME = :BIRTH_TIME,
	ORGANIZATION_ID = :ORGANIZATION_ID,
	ORGANIZATION_NAME = :ORGANIZATION_NAME,
	BIRTH_PLACE = :BIRTH_PLACE
Where healthcareprovider_id = :Original_healthcareprovider_id

参数值:
(String)    HEALTHCAREPROVIDER_ID = 000959
(String)    HEALTHCAREPROVIDER_CODE = 231
(String)    EFFECTIVETIME_HIGH = 20501231
(String)    EFFECTIVETIME_LOW = 20100101
(String)    ID_NUMBER = 210103197503147654
(String)    NAME = 张泽辉
(String)    GENDER_CODE = 1
(String)    BIRTH_TIME = 19750314
(String)    ORGANIZATION_ID = 000061
(String)    ORGANIZATION_NAME = 呼吸内科
(String)    BIRTH_PLACE = 沈阳市和平区三好街
(String)    Original_healthcareprovider_id = 000959
--------------------14:47:52.7166334--------------------
Update IAI_PROVIDER 
Set 
	HEALTHCAREPROVIDER_ID = :HEALTHCAREPROVIDER_ID,
	HEALTHCAREPROVIDER_CODE = :HEALTHCAREPROVIDER_CODE,
	EFFECTIVETIME_HIGH = :EFFECTIVETIME_HIGH,
	EFFECTIVETIME_LOW = :EFFECTIVETIME_LOW,
	ID_NUMBER = :ID_NUMBER,
	NAME = :NAME,
	GENDER_CODE = :GENDER_CODE,
	BIRTH_TIME = :BIRTH_TIME,
	ORGANIZATION_ID = :ORGANIZATION_ID,
	ORGANIZATION_NAME = :ORGANIZATION_NAME,
	BIRTH_PLACE = :BIRTH_PLACE
Where healthcareprovider_id = :Original_healthcareprovider_id

参数值:
(String)    HEALTHCAREPROVIDER_ID = 000009061
(String)    HEALTHCAREPROVIDER_CODE = 231
(String)    EFFECTIVETIME_HIGH = 20501231
(String)    EFFECTIVETIME_LOW = 20100101
(String)    ID_NUMBER = 210103197503147656
(String)    NAME = 杨泽辉
(String)    GENDER_CODE = 1
(String)    BIRTH_TIME = 19750314
(String)    ORGANIZATION_ID = 1060
(String)    ORGANIZATION_NAME = 呼吸内科
(String)    BIRTH_PLACE = 沈阳市和平区三好街
(String)    Original_healthcareprovider_id = 000009061
--------------------14:49:36.1420589--------------------
Update IAI_PROVIDER 
Set 
	HEALTHCAREPROVIDER_ID = :HEALTHCAREPROVIDER_ID,
	HEALTHCAREPROVIDER_CODE = :HEALTHCAREPROVIDER_CODE,
	EFFECTIVETIME_HIGH = :EFFECTIVETIME_HIGH,
	EFFECTIVETIME_LOW = :EFFECTIVETIME_LOW,
	ID_NUMBER = :ID_NUMBER,
	NAME = :NAME,
	GENDER_CODE = :GENDER_CODE,
	BIRTH_TIME = :BIRTH_TIME,
	ORGANIZATION_ID = :ORGANIZATION_ID,
	ORGANIZATION_NAME = :ORGANIZATION_NAME,
	BIRTH_PLACE = :BIRTH_PLACE
Where healthcareprovider_id = :Original_healthcareprovider_id

参数值:
(String)    HEALTHCAREPROVIDER_ID = 000009061
(String)    HEALTHCAREPROVIDER_CODE = 231
(String)    EFFECTIVETIME_HIGH = 20501231
(String)    EFFECTIVETIME_LOW = 20100101
(String)    ID_NUMBER = 210103197503147656
(String)    NAME = 杨泽辉
(String)    GENDER_CODE = 1
(String)    BIRTH_TIME = 19750314
(String)    ORGANIZATION_ID = 1060
(String)    ORGANIZATION_NAME = 呼吸内科
(String)    BIRTH_PLACE = 沈阳市和平区三好街
(String)    Original_healthcareprovider_id = 000009061
--------------------14:51:35.7016796--------------------
Insert Into IAI_ORGANIZATION
(
	ORGANIZATION_ID,ORGANIZATION_CODE,ROLE_NAME,ADDR,TELECOM,
	EFFECTIVETIME_HIGH,EFFECTIVETIME_LOW,NAME,SCOPER2_ID,SCOPER2_NAME
)
Values
(
	:ORGANIZATION_ID,:ORGANIZATION_CODE,:ROLE_NAME,:ADDR,:TELECOM,
	:EFFECTIVETIME_HIGH,:EFFECTIVETIME_LOW,:NAME,:SCOPER2_ID,:SCOPER2_NAME
)

参数值:
(String)    ORGANIZATION_ID = 000061
(String)    ORGANIZATION_CODE = A05.01
(String)    ROLE_NAME = 第二妇科
(String)    ADDR = 北京市朝阳区工体南路8号
(String)    TELECOM = 85231000
(String)    EFFECTIVETIME_HIGH = 20200201
(String)    EFFECTIVETIME_LOW = 20120201
(String)    NAME = 第二妇科病房
(String)    SCOPER2_ID = 0231
(String)    SCOPER2_NAME = 妇科
--------------------14:56:21.0892358--------------------
Update IAI_ORGANIZATION 
Set 
	ORGANIZATION_ID = :ORGANIZATION_ID,
	ORGANIZATION_CODE = :ORGANIZATION_CODE,
	ROLE_NAME = :ROLE_NAME,
	ADDR = :ADDR,
	TELECOM = :TELECOM,
	EFFECTIVETIME_HIGH = :EFFECTIVETIME_HIGH,
	EFFECTIVETIME_LOW = :EFFECTIVETIME_LOW,
	NAME = :NAME,
	SCOPER2_ID = :SCOPER2_ID,
	SCOPER2_NAME = :SCOPER2_NAME
Where organization_id = :Original_organization_id

参数值:
(String)    ORGANIZATION_ID = 1234567890
(String)    ORGANIZATION_CODE = A03.01
(String)    ROLE_NAME = 呼吸内科1
(String)    ADDR = (空)
(String)    TELECOM = null
(String)    EFFECTIVETIME_HIGH = 20501231
(String)    EFFECTIVETIME_LOW = 20100101
(String)    NAME = 呼吸内科1病房
(String)    SCOPER2_ID = null
(String)    SCOPER2_NAME = null
(String)    Original_organization_id = 1234567890
--------------------15:04:15.5466175--------------------
Insert Into IAI_ORDER
(
	ORDER_ID,ORDER_TYPE_CODE,TEXT,EFFECTIVETIME_HIGH,EFFECTIVETIME_LOW,
	EFFECTIVETIME_PERIOD,ROUTE_CODE,DOSE_QUANTITY,NUMERTOR,UNIT_CODE,
	MEDICINE_NAME,CAPACITY_QUANTITY,PATIENT_ID,AUTHOR_TIME,SIGNATURE_TEXT,
	ASSIGNEDENTITY_ID,ASSIGNEDPERSON_NAME,ORGANIZATION_ID,ORGANIZATION_NAME,VERIFIER_TIME,
	VERIFIER_ASSIGNEDENTITY_ID,VERIFIER_ASSIGNEDENTITY_NAME,ANNOTION_TEXT,ANNOTION_STATUS_CODE,ANNOTION_AUTHOR_ID,
	ANNOTION_AUTHOR_NAME,ANNOTION_ORGANIZATION_ID,ANNOTION_ORGANIZATION_NAME,ENCOUNTER_ID,DENOMINATOR,
	EFFECTIVETIME_UNIT,DOSE_QUANTITY_UNIT
)
Values
(
	:ORDER_ID,:ORDER_TYPE_CODE,:TEXT,:EFFECTIVETIME_HIGH,:EFFECTIVETIME_LOW,
	:EFFECTIVETIME_PERIOD,:ROUTE_CODE,:DOSE_QUANTITY,:NUMERTOR,:UNIT_CODE,
	:MEDICINE_NAME,:CAPACITY_QUANTITY,:PATIENT_ID,:AUTHOR_TIME,:SIGNATURE_TEXT,
	:ASSIGNEDENTITY_ID,:ASSIGNEDPERSON_NAME,:ORGANIZATION_ID,:ORGANIZATION_NAME,:VERIFIER_TIME,
	:VERIFIER_ASSIGNEDENTITY_ID,:VERIFIER_ASSIGNEDENTITY_NAME,:ANNOTION_TEXT,:ANNOTION_STATUS_CODE,:ANNOTION_AUTHOR_ID,
	:ANNOTION_AUTHOR_NAME,:ANNOTION_ORGANIZATION_ID,:ANNOTION_ORGANIZATION_NAME,:ENCOUNTER_ID,:DENOMINATOR,
	:EFFECTIVETIME_UNIT,:DOSE_QUANTITY_UNIT
)

参数值:
(String)    ORDER_ID = OBS00AO09KQ
(String)    ORDER_TYPE_CODE = 01
(String)    TEXT = (空)
(String)    EFFECTIVETIME_HIGH = 20110203030303
(String)    EFFECTIVETIME_LOW = 20110202030303
(String)    EFFECTIVETIME_PERIOD = 8
(String)    ROUTE_CODE = 1
(String)    DOSE_QUANTITY = 20
(String)    NUMERTOR = 1
(String)    UNIT_CODE = 01
(String)    MEDICINE_NAME = 氢氯噻嗪
(String)    CAPACITY_QUANTITY = 1
(String)    PATIENT_ID = 123456789011
(String)    AUTHOR_TIME = 20120202030303
(String)    SIGNATURE_TEXT = 曹梦雅
(String)    ASSIGNEDENTITY_ID = 120109197706015518
(String)    ASSIGNEDPERSON_NAME = 曹梦雅
(String)    ORGANIZATION_ID = 1234567890
(String)    ORGANIZATION_NAME = 呼吸内科
(String)    VERIFIER_TIME = 20120202030303
(String)    VERIFIER_ASSIGNEDENTITY_ID = 120109197706015518
(String)    VERIFIER_ASSIGNEDENTITY_NAME = 马朦朦
(String)    ANNOTION_TEXT = 对下达医嘱的补充说明和注意事项提示
(String)    ANNOTION_STATUS_CODE = completed
(String)    ANNOTION_AUTHOR_ID = 12010913327065518
(String)    ANNOTION_AUTHOR_NAME = 赵文玲
(String)    ANNOTION_ORGANIZATION_ID = 1234567890
(String)    ANNOTION_ORGANIZATION_NAME = 呼吸内科
(String)    ENCOUNTER_ID = (空)
(String)    DENOMINATOR = 1
(String)    EFFECTIVETIME_UNIT = h
(String)    DOSE_QUANTITY_UNIT = mg
--------------------15:11:10.5014742--------------------
Insert Into IAI_OBSERVATION
(
	OBSERVATION_ID,OBSERVATION_TYPE,OBSERVATION_TEXT,EFFECTIVETIME_HIGH,EFFECTIVETIME_LOW,
	PRIORITYCODE,SPECIMEN_ID,RECORDTARGET,AUTHOR_TIME,SIGNATURETEXT,
	AUTHOR_ASSIGNEDENTITY_ID,ASSIGNEDPERSON_NAME,REPRESENTEDORGANIZATION_ID,REPRESENTEDORGANIZATION_NAME,VERIFIER_TIME,
	VERIFIER_SIGNATURETEXT,VERIFIER_ASSIGNEDENTITY_ID,VERIFIER_ASSIGNEDPERSON_NAME,GOAL_TEXT,GOAL_REASON,
	ANNOTATION_TEXT,ANNOTATION_AUTHOR_ID,ANNOTATION_AUTHOR_NAME,REPRESENTED_ORGANIZATION_ID,REPRESENTED_ORGANIZATION_NAME,
	ENCOUNTER_ID,ADDITIVE3,SPECIMEN_DESC,SPECIMEN_CODE,PRODUCTOF_TIME,
	SPECIMENPROCESSSTEP_TIME
)
Values
(
	:OBSERVATION_ID,:OBSERVATION_TYPE,:OBSERVATION_TEXT,:EFFECTIVETIME_HIGH,:EFFECTIVETIME_LOW,
	:PRIORITYCODE,:SPECIMEN_ID,:RECORDTARGET,:AUTHOR_TIME,:SIGNATURETEXT,
	:AUTHOR_ASSIGNEDENTITY_ID,:ASSIGNEDPERSON_NAME,:REPRESENTEDORGANIZATION_ID,:REPRESENTEDORGANIZATION_NAME,:VERIFIER_TIME,
	:VERIFIER_SIGNATURETEXT,:VERIFIER_ASSIGNEDENTITY_ID,:VERIFIER_ASSIGNEDPERSON_NAME,:GOAL_TEXT,:GOAL_REASON,
	:ANNOTATION_TEXT,:ANNOTATION_AUTHOR_ID,:ANNOTATION_AUTHOR_NAME,:REPRESENTED_ORGANIZATION_ID,:REPRESENTED_ORGANIZATION_NAME,
	:ENCOUNTER_ID,:ADDITIVE3,:SPECIMEN_DESC,:SPECIMEN_CODE,:PRODUCTOF_TIME,
	:SPECIMENPROCESSSTEP_TIME
)

参数值:
(String)    OBSERVATION_ID = HA20110211LOIE7D65
(String)    OBSERVATION_TYPE = (空)
(String)    OBSERVATION_TEXT = (空)
(String)    EFFECTIVETIME_HIGH = 20110202030303
(String)    EFFECTIVETIME_LOW = 20110202030303
(String)    PRIORITYCODE = R
(String)    SPECIMEN_ID = SP1234567890
(String)    RECORDTARGET = E10000000
(String)    AUTHOR_TIME = 20120202030303
(String)    SIGNATURETEXT = 蒋茜
(String)    AUTHOR_ASSIGNEDENTITY_ID = 120109197706015518
(String)    ASSIGNEDPERSON_NAME = 蒋茜
(String)    REPRESENTEDORGANIZATION_ID = 1234567890
(String)    REPRESENTEDORGANIZATION_NAME = 呼吸内科
(String)    VERIFIER_TIME = 20120202030303
(String)    VERIFIER_SIGNATURETEXT = 蒋茜
(String)    VERIFIER_ASSIGNEDENTITY_ID = 120109197706015518
(String)    VERIFIER_ASSIGNEDPERSON_NAME = 蒋茜
(String)    GOAL_TEXT = keep systolic blood pressure between 90 and 110 mm Hg.
(String)    GOAL_REASON = 间断胸痛伴憋气1年余。
(String)    ANNOTATION_TEXT = 对下达申请单的补充说明和注意事项提示
(String)    ANNOTATION_AUTHOR_ID = 120109197706015518
(String)    ANNOTATION_AUTHOR_NAME = 郑余金
(String)    REPRESENTED_ORGANIZATION_ID = 1234567890
(String)    REPRESENTED_ORGANIZATION_NAME = 呼吸内科
(String)    ENCOUNTER_ID = null
(String)    ADDITIVE3 = 福尔马林
(String)    SPECIMEN_DESC = 对受检标本状态的描述
(String)    SPECIMEN_CODE = (空)
(String)    PRODUCTOF_TIME = 20130303020404
(String)    SPECIMENPROCESSSTEP_TIME = 20130303040404
--------------------15:13:06.3801483--------------------
Insert Into IAI_MEDICAL_REGISTRATION
(
	ENCOUNTEREVENT_ID,TYPE_CODE,EFFECTIVE_TIME,ORIGINAL_TEXT,PATIENT_ID,
	PATIENT_NAME,CONSULTANT_ID,CONSULTANT_NAME,LOCATION_ID,LOCATION_NAME,
	ORGANIZATION_ID,MEDICAL_TYPE
)
Values
(
	:ENCOUNTEREVENT_ID,:TYPE_CODE,:EFFECTIVE_TIME,:ORIGINAL_TEXT,:PATIENT_ID,
	:PATIENT_NAME,:CONSULTANT_ID,:CONSULTANT_NAME,:LOCATION_ID,:LOCATION_NAME,
	:ORGANIZATION_ID,:MEDICAL_TYPE
)

参数值:
(String)    ENCOUNTEREVENT_ID = MZ_IKE9832AF
(String)    TYPE_CODE = 1
(String)    EFFECTIVE_TIME = 20130101
(String)    ORIGINAL_TEXT = 腹胀1年,下肢浮肿8个月,精神萎靡10天
(String)    PATIENT_ID = 6c798c4b-d4ce-4a66-82ec-5051a5b00000
(String)    PATIENT_NAME = 臧彩虹
(String)    CONSULTANT_ID = 001
(String)    CONSULTANT_NAME = 杨雨顶
(String)    LOCATION_ID = 003
(String)    LOCATION_NAME = 妇产科
(String)    ORGANIZATION_ID = 68823369-9
(Decimal)   MEDICAL_TYPE = 1
--------------------15:14:29.1552000--------------------
Insert Into IAI_MEDICAL_REGISTRATION
(
	ENCOUNTEREVENT_ID,TYPE_CODE,EFFECTIVE_TIME,ORIGINAL_TEXT,PATIENT_ID,
	PATIENT_NAME,CONSULTANT_ID,CONSULTANT_NAME,LOCATION_ID,LOCATION_NAME,
	ORGANIZATION_ID,MEDICAL_TYPE
)
Values
(
	:ENCOUNTEREVENT_ID,:TYPE_CODE,:EFFECTIVE_TIME,:ORIGINAL_TEXT,:PATIENT_ID,
	:PATIENT_NAME,:CONSULTANT_ID,:CONSULTANT_NAME,:LOCATION_ID,:LOCATION_NAME,
	:ORGANIZATION_ID,:MEDICAL_TYPE
)

参数值:
(String)    ENCOUNTEREVENT_ID = 9iie9029k
(String)    TYPE_CODE = 3
(String)    EFFECTIVE_TIME = 20130101
(String)    ORIGINAL_TEXT = 腹胀
(String)    PATIENT_ID = 6c798c4b-d4ce-4a66-82ec-5051a5b00000
(String)    PATIENT_NAME = 夏昆山
(String)    CONSULTANT_ID = 001
(String)    CONSULTANT_NAME = 王凤山
(String)    LOCATION_ID = 68823369-9-003
(String)    LOCATION_NAME = 内科一病区
(String)    ORGANIZATION_ID = 68823369-9
(Decimal)   MEDICAL_TYPE = 3
--------------------15:16:00.7719358--------------------
Insert Into IAI_MEDICAL_REGISTRATION
(
	ENCOUNTEREVENT_ID,TYPE_CODE,EFFECTIVE_TIME,ORIGINAL_TEXT,PATIENT_ID,
	PATIENT_NAME,CONSULTANT_ID,CONSULTANT_NAME,LOCATION_ID,LOCATION_NAME,
	ORGANIZATION_ID,MEDICAL_TYPE
)
Values
(
	:ENCOUNTEREVENT_ID,:TYPE_CODE,:EFFECTIVE_TIME,:ORIGINAL_TEXT,:PATIENT_ID,
	:PATIENT_NAME,:CONSULTANT_ID,:CONSULTANT_NAME,:LOCATION_ID,:LOCATION_NAME,
	:ORGANIZATION_ID,:MEDICAL_TYPE
)

参数值:
(String)    ENCOUNTEREVENT_ID = UJIELA893
(String)    TYPE_CODE = 3
(String)    EFFECTIVE_TIME = 20130101
(String)    ORIGINAL_TEXT = ICD-10诊断码
(String)    PATIENT_ID = 6c798c4b-d4ce-4a66-82ec-5051a5b00000
(String)    PATIENT_NAME = 王莉云
(String)    CONSULTANT_ID = 001
(String)    CONSULTANT_NAME = 张杨
(String)    LOCATION_ID = null
(String)    LOCATION_NAME = null
(String)    ORGANIZATION_ID = null
(Decimal)   MEDICAL_TYPE = 0
--------------------15:24:45.2961845--------------------
Update IAI_PROVIDER 
Set 
	HEALTHCAREPROVIDER_ID = :HEALTHCAREPROVIDER_ID,
	HEALTHCAREPROVIDER_CODE = :HEALTHCAREPROVIDER_CODE,
	EFFECTIVETIME_HIGH = :EFFECTIVETIME_HIGH,
	EFFECTIVETIME_LOW = :EFFECTIVETIME_LOW,
	ID_NUMBER = :ID_NUMBER,
	NAME = :NAME,
	GENDER_CODE = :GENDER_CODE,
	BIRTH_TIME = :BIRTH_TIME,
	ORGANIZATION_ID = :ORGANIZATION_ID,
	ORGANIZATION_NAME = :ORGANIZATION_NAME,
	BIRTH_PLACE = :BIRTH_PLACE
Where healthcareprovider_id = :Original_healthcareprovider_id

参数值:
(String)    HEALTHCAREPROVIDER_ID = 000009061
(String)    HEALTHCAREPROVIDER_CODE = 231
(String)    EFFECTIVETIME_HIGH = 20501231
(String)    EFFECTIVETIME_LOW = 20100101
(String)    ID_NUMBER = 210103197503147656
(String)    NAME = 杨泽辉
(String)    GENDER_CODE = 1
(String)    BIRTH_TIME = 19750314
(String)    ORGANIZATION_ID = 1060
(String)    ORGANIZATION_NAME = 呼吸内科
(String)    BIRTH_PLACE = 沈阳市和平区三好街
(String)    Original_healthcareprovider_id = 000009061
