--------------------09:21:42.0353342--------------------
Insert Into IAI_PATIENT
(
	PATIENT_ID,ID_NUMBER,NAME,TELECOM,GENDER_CODE,
	BIRTH_TIME,STREET_ADDRESS_LINE,STATE,CITY,COUNTY,
	STREET_NAME_BASE,STREET_NAME,HOUSE_NUMBER,POSTAL_CODE,MARITAL_STATUS_CODE,
	ETHNIC_GROUP_CODE,OCCUPATION_CODE,EMPLOYERORGANIZATION_NAME,EMPLOYERORGANIZATION_TELECOM,ASOTHERIDS_ID1,
	SCOPINGORGANIZATION_ID1,ASOTHERIDS_ID2,SCOPINGORGANIZATION_ID2,PERSONALRELATIONSHIP_CODE,PERSONALRELATIONSHIP_TELECOM,
	RELATIONSHIPHOLDER1_NAME,PROVIDERORGANIZATION_ID,PROVIDERORGANIZATION_NAME,BENEFICIARY_CODE
)
Values
(
	:PATIENT_ID,:ID_NUMBER,:NAME,:TELECOM,:GENDER_CODE,
	:BIRTH_TIME,:STREET_ADDRESS_LINE,:STATE,:CITY,:COUNTY,
	:STREET_NAME_BASE,:STREET_NAME,:HOUSE_NUMBER,:POSTAL_CODE,:MARITAL_STATUS_CODE,
	:ETHNIC_GROUP_CODE,:OCCUPATION_CODE,:EMPLOYERORGANIZATION_NAME,:EMPLOYERORGANIZATION_TELECOM,:ASOTHERIDS_ID1,
	:SCOPINGORGANIZATION_ID1,:ASOTHERIDS_ID2,:SCOPINGORGANIZATION_ID2,:PERSONALRELATIONSHIP_CODE,:PERSONALRELATIONSHIP_TELECOM,
	:RELATIONSHIPHOLDER1_NAME,:PROVIDERORGANIZATION_ID,:PROVIDERORGANIZATION_NAME,:BENEFICIARY_CODE
)

参数值:
(String)    PATIENT_ID = 患者ID
(String)    ID_NUMBER = 患者ID
(String)    NAME = 刘永好
(String)    TELECOM = 028-2222444
(String)    GENDER_CODE = 1
(String)    BIRTH_TIME = 19570323
(String)    STREET_ADDRESS_LINE = 四川省成都市双流县红沙村3号
(String)    STATE = 广东省
(String)    CITY = 广州市
(String)    COUNTY = 越秀区
(String)    STREET_NAME_BASE = 童心街
(String)    STREET_NAME = 下塘西路
(String)    HOUSE_NUMBER = 39号
(String)    POSTAL_CODE = 510000
(String)    MARITAL_STATUS_CODE = 10
(String)    ETHNIC_GROUP_CODE = 01
(String)    OCCUPATION_CODE = 13
(String)    EMPLOYERORGANIZATION_NAME = XXX学校
(String)    EMPLOYERORGANIZATION_TELECOM = 028-9999999
(String)    ASOTHERIDS_ID1 = 12345678901234567
(String)    SCOPINGORGANIZATION_ID1 = 1234567890
(String)    ASOTHERIDS_ID2 = 12345678901234567
(String)    SCOPINGORGANIZATION_ID2 = 1234567890
(String)    PERSONALRELATIONSHIP_CODE = (空)
(String)    PERSONALRELATIONSHIP_TELECOM = 028-8888888
(String)    RELATIONSHIPHOLDER1_NAME = 刘好
(String)    PROVIDERORGANIZATION_ID = 1234567890
(String)    PROVIDERORGANIZATION_NAME = 无锡中医院
(String)    BENEFICIARY_CODE = 01
--------------------09:21:48.0462616--------------------
Update IAI_PATIENT 
Set 
	PATIENT_ID = :PATIENT_ID,
	ID_NUMBER = :ID_NUMBER,
	NAME = :NAME,
	TELECOM = :TELECOM,
	GENDER_CODE = :GENDER_CODE,
	BIRTH_TIME = :BIRTH_TIME,
	STREET_ADDRESS_LINE = :STREET_ADDRESS_LINE,
	STATE = :STATE,
	CITY = :CITY,
	COUNTY = :COUNTY,
	STREET_NAME_BASE = :STREET_NAME_BASE,
	STREET_NAME = :STREET_NAME,
	HOUSE_NUMBER = :HOUSE_NUMBER,
	POSTAL_CODE = :POSTAL_CODE,
	MARITAL_STATUS_CODE = :MARITAL_STATUS_CODE,
	ETHNIC_GROUP_CODE = :ETHNIC_GROUP_CODE,
	OCCUPATION_CODE = :OCCUPATION_CODE,
	EMPLOYERORGANIZATION_NAME = :EMPLOYERORGANIZATION_NAME,
	EMPLOYERORGANIZATION_TELECOM = :EMPLOYERORGANIZATION_TELECOM,
	ASOTHERIDS_ID1 = :ASOTHERIDS_ID1,
	SCOPINGORGANIZATION_ID1 = :SCOPINGORGANIZATION_ID1,
	ASOTHERIDS_ID2 = :ASOTHERIDS_ID2,
	SCOPINGORGANIZATION_ID2 = :SCOPINGORGANIZATION_ID2,
	PERSONALRELATIONSHIP_CODE = :PERSONALRELATIONSHIP_CODE,
	PERSONALRELATIONSHIP_TELECOM = :PERSONALRELATIONSHIP_TELECOM,
	RELATIONSHIPHOLDER1_NAME = :RELATIONSHIPHOLDER1_NAME,
	PROVIDERORGANIZATION_ID = :PROVIDERORGANIZATION_ID,
	PROVIDERORGANIZATION_NAME = :PROVIDERORGANIZATION_NAME,
	BENEFICIARY_CODE = :BENEFICIARY_CODE
Where patient_id = :Original_patient_id

参数值:
(String)    PATIENT_ID = 患者ID1
(String)    ID_NUMBER = 患者ID1
(String)    NAME = 刘永好
(String)    TELECOM = 028-1234567
(String)    GENDER_CODE = 1
(String)    BIRTH_TIME = 19570323
(String)    STREET_ADDRESS_LINE = 四川省成都市双流县红沙村3号
(String)    STATE = 广东省
(String)    CITY = 广州市
(String)    COUNTY = 越秀区
(String)    STREET_NAME_BASE = 童心街
(String)    STREET_NAME = 下塘西路
(String)    HOUSE_NUMBER = 39号
(String)    POSTAL_CODE = 510000
(String)    MARITAL_STATUS_CODE = 10
(String)    ETHNIC_GROUP_CODE = 01
(String)    OCCUPATION_CODE = 13
(String)    EMPLOYERORGANIZATION_NAME = XXX学校
(String)    EMPLOYERORGANIZATION_TELECOM = 028-9999999
(String)    ASOTHERIDS_ID1 = 38273N237
(String)    SCOPINGORGANIZATION_ID1 = XXXXX
(String)    ASOTHERIDS_ID2 = 38273N237
(String)    SCOPINGORGANIZATION_ID2 = XXXXX
(String)    PERSONALRELATIONSHIP_CODE = (空)
(String)    PERSONALRELATIONSHIP_TELECOM = 028-8888888
(String)    RELATIONSHIPHOLDER1_NAME = 刘好
(String)    PROVIDERORGANIZATION_ID = XXXXX
(String)    PROVIDERORGANIZATION_NAME = 无锡中医院
(String)    BENEFICIARY_CODE = 1
(String)    Original_patient_id = 患者ID1
--------------------09:21:50.7764649--------------------
Update IAI_PATIENT 
Set 
	PATIENT_ID = :PATIENT_ID,
	ID_NUMBER = :ID_NUMBER,
	NAME = :NAME,
	TELECOM = :TELECOM,
	GENDER_CODE = :GENDER_CODE,
	BIRTH_TIME = :BIRTH_TIME,
	STREET_ADDRESS_LINE = :STREET_ADDRESS_LINE,
	STATE = :STATE,
	CITY = :CITY,
	COUNTY = :COUNTY,
	STREET_NAME_BASE = :STREET_NAME_BASE,
	STREET_NAME = :STREET_NAME,
	HOUSE_NUMBER = :HOUSE_NUMBER,
	POSTAL_CODE = :POSTAL_CODE,
	MARITAL_STATUS_CODE = :MARITAL_STATUS_CODE,
	ETHNIC_GROUP_CODE = :ETHNIC_GROUP_CODE,
	OCCUPATION_CODE = :OCCUPATION_CODE,
	EMPLOYERORGANIZATION_NAME = :EMPLOYERORGANIZATION_NAME,
	EMPLOYERORGANIZATION_TELECOM = :EMPLOYERORGANIZATION_TELECOM,
	ASOTHERIDS_ID1 = :ASOTHERIDS_ID1,
	SCOPINGORGANIZATION_ID1 = :SCOPINGORGANIZATION_ID1,
	ASOTHERIDS_ID2 = :ASOTHERIDS_ID2,
	SCOPINGORGANIZATION_ID2 = :SCOPINGORGANIZATION_ID2,
	PERSONALRELATIONSHIP_CODE = :PERSONALRELATIONSHIP_CODE,
	PERSONALRELATIONSHIP_TELECOM = :PERSONALRELATIONSHIP_TELECOM,
	RELATIONSHIPHOLDER1_NAME = :RELATIONSHIPHOLDER1_NAME,
	PROVIDERORGANIZATION_ID = :PROVIDERORGANIZATION_ID,
	PROVIDERORGANIZATION_NAME = :PROVIDERORGANIZATION_NAME,
	BENEFICIARY_CODE = :BENEFICIARY_CODE
Where patient_id = :Original_patient_id

参数值:
(String)    PATIENT_ID = 123123ID1231
(String)    ID_NUMBER = 123123ID1231
(String)    NAME = 刘永好
(String)    TELECOM = 028-1234567
(String)    GENDER_CODE = 1
(String)    BIRTH_TIME = 19570323
(String)    STREET_ADDRESS_LINE = 四川省成都市双流县红沙村3号
(String)    STATE = 广东省
(String)    CITY = 广州市
(String)    COUNTY = 越秀区
(String)    STREET_NAME_BASE = 童心街
(String)    STREET_NAME = 下塘西路
(String)    HOUSE_NUMBER = 39号
(String)    POSTAL_CODE = 510000
(String)    MARITAL_STATUS_CODE = 10
(String)    ETHNIC_GROUP_CODE = 01
(String)    OCCUPATION_CODE = 13
(String)    EMPLOYERORGANIZATION_NAME = XXX学校
(String)    EMPLOYERORGANIZATION_TELECOM = 028-9999999
(String)    ASOTHERIDS_ID1 = 38273N237
(String)    SCOPINGORGANIZATION_ID1 = XXXXX
(String)    ASOTHERIDS_ID2 = 38273N237
(String)    SCOPINGORGANIZATION_ID2 = XXXXX
(String)    PERSONALRELATIONSHIP_CODE = (空)
(String)    PERSONALRELATIONSHIP_TELECOM = 028-8888888
(String)    RELATIONSHIPHOLDER1_NAME = 刘好
(String)    PROVIDERORGANIZATION_ID = XXXXX
(String)    PROVIDERORGANIZATION_NAME = 无锡中医院
(String)    BENEFICIARY_CODE = 1
(String)    Original_patient_id = 123123ID1231
--------------------09:21:55.5786231--------------------
Delete From IAI_PATIENT 
Where patient_id = :Original_patient_id

参数值:
(String)    Original_patient_id = 患者ID
--------------------09:21:55.6095405--------------------
Update IAI_PATIENT 
Set 
	PATIENT_ID = :PATIENT_ID
Where patient_id = :Original_patient_id

参数值:
(String)    PATIENT_ID = 患者ID
(String)    Original_patient_id = 患者ID
--------------------09:22:03.8810061--------------------
Update IAI_PROVIDER 
Set 
	HEALTHCAREPROVIDER_ID = :HEALTHCAREPROVIDER_ID,
	HEALTHCAREPROVIDER_CODE = :HEALTHCAREPROVIDER_CODE,
	EFFECTIVETIME_HIGH = :EFFECTIVETIME_HIGH,
	EFFECTIVETIME_LOW = :EFFECTIVETIME_LOW,
	ID_NUMBER = :ID_NUMBER,
	NAME = :NAME,
	GENDER_CODE = :GENDER_CODE,
	BIRTH_TIME = :BIRTH_TIME,
	ORGANIZATION_ID = :ORGANIZATION_ID,
	ORGANIZATION_NAME = :ORGANIZATION_NAME,
	BIRTH_PLACE = :BIRTH_PLACE
Where healthcareprovider_id = :Original_healthcareprovider_id

参数值:
(String)    HEALTHCAREPROVIDER_ID = 000060
(String)    HEALTHCAREPROVIDER_CODE = 231
(String)    EFFECTIVETIME_HIGH = 20501231
(String)    EFFECTIVETIME_LOW = 20100101
(String)    ID_NUMBER = 210103197503147654
(String)    NAME = 张泽辉
(String)    GENDER_CODE = 1
(String)    BIRTH_TIME = 19750314
(String)    ORGANIZATION_ID = 000061
(String)    ORGANIZATION_NAME = 呼吸内科
(String)    BIRTH_PLACE = 沈阳市和平区三好街
(String)    Original_healthcareprovider_id = 000060
--------------------09:22:06.0873673--------------------
Update IAI_PROVIDER 
Set 
	HEALTHCAREPROVIDER_ID = :HEALTHCAREPROVIDER_ID,
	HEALTHCAREPROVIDER_CODE = :HEALTHCAREPROVIDER_CODE,
	EFFECTIVETIME_HIGH = :EFFECTIVETIME_HIGH,
	EFFECTIVETIME_LOW = :EFFECTIVETIME_LOW,
	ID_NUMBER = :ID_NUMBER,
	NAME = :NAME,
	GENDER_CODE = :GENDER_CODE,
	BIRTH_TIME = :BIRTH_TIME,
	ORGANIZATION_ID = :ORGANIZATION_ID,
	ORGANIZATION_NAME = :ORGANIZATION_NAME,
	BIRTH_PLACE = :BIRTH_PLACE
Where healthcareprovider_id = :Original_healthcareprovider_id

参数值:
(String)    HEALTHCAREPROVIDER_ID = 000061
(String)    HEALTHCAREPROVIDER_CODE = 231
(String)    EFFECTIVETIME_HIGH = 20501231
(String)    EFFECTIVETIME_LOW = 20100101
(String)    ID_NUMBER = 210103197503147656
(String)    NAME = 杨泽辉
(String)    GENDER_CODE = 1
(String)    BIRTH_TIME = 19750314
(String)    ORGANIZATION_ID = 1060
(String)    ORGANIZATION_NAME = 呼吸内科
(String)    BIRTH_PLACE = 沈阳市和平区三好街
(String)    Original_healthcareprovider_id = 000061
--------------------09:22:14.3023366--------------------
IF EXISTS (SELECT * FROM IAI_ORGANIZATION
Where organization_id = :Original_organization_id) SELECT 1 ELSE SELECT 0

参数值:
(String)    Original_organization_id = 1234567890
--------------------09:22:16.8565058--------------------
IF EXISTS (SELECT * FROM IAI_ORGANIZATION
Where organization_id = :Original_organization_id) SELECT 1 ELSE SELECT 0

参数值:
(String)    Original_organization_id = 1234567890
--------------------09:49:40.2002152--------------------
Update IAI_PROVIDER 
Set 
	HEALTHCAREPROVIDER_ID = :HEALTHCAREPROVIDER_ID,
	HEALTHCAREPROVIDER_CODE = :HEALTHCAREPROVIDER_CODE,
	EFFECTIVETIME_HIGH = :EFFECTIVETIME_HIGH,
	EFFECTIVETIME_LOW = :EFFECTIVETIME_LOW,
	ID_NUMBER = :ID_NUMBER,
	NAME = :NAME,
	GENDER_CODE = :GENDER_CODE,
	BIRTH_TIME = :BIRTH_TIME,
	ORGANIZATION_ID = :ORGANIZATION_ID,
	ORGANIZATION_NAME = :ORGANIZATION_NAME,
	BIRTH_PLACE = :BIRTH_PLACE
Where healthcareprovider_id = :Original_healthcareprovider_id

参数值:
(String)    HEALTHCAREPROVIDER_ID = 000060
(String)    HEALTHCAREPROVIDER_CODE = 231
(String)    EFFECTIVETIME_HIGH = 20501231
(String)    EFFECTIVETIME_LOW = 20100101
(String)    ID_NUMBER = 210103197503147654
(String)    NAME = 张泽辉
(String)    GENDER_CODE = 1
(String)    BIRTH_TIME = 19750314
(String)    ORGANIZATION_ID = 000061
(String)    ORGANIZATION_NAME = 呼吸内科
(String)    BIRTH_PLACE = 沈阳市和平区三好街
(String)    Original_healthcareprovider_id = 000060
--------------------09:52:09.2120270--------------------
Update IAI_PROVIDER 
Set 
	HEALTHCAREPROVIDER_ID = :HEALTHCAREPROVIDER_ID,
	HEALTHCAREPROVIDER_CODE = :HEALTHCAREPROVIDER_CODE,
	EFFECTIVETIME_HIGH = :EFFECTIVETIME_HIGH,
	EFFECTIVETIME_LOW = :EFFECTIVETIME_LOW,
	ID_NUMBER = :ID_NUMBER,
	NAME = :NAME,
	GENDER_CODE = :GENDER_CODE,
	BIRTH_TIME = :BIRTH_TIME,
	ORGANIZATION_ID = :ORGANIZATION_ID,
	ORGANIZATION_NAME = :ORGANIZATION_NAME,
	BIRTH_PLACE = :BIRTH_PLACE
Where healthcareprovider_id = :Original_healthcareprovider_id

参数值:
(String)    HEALTHCAREPROVIDER_ID = 000060
(String)    HEALTHCAREPROVIDER_CODE = 231
(String)    EFFECTIVETIME_HIGH = 20501231
(String)    EFFECTIVETIME_LOW = 20100101
(String)    ID_NUMBER = 210103197503147654
(String)    NAME = 张泽辉
(String)    GENDER_CODE = 1
(String)    BIRTH_TIME = 19750314
(String)    ORGANIZATION_ID = 000061
(String)    ORGANIZATION_NAME = 呼吸内科
(String)    BIRTH_PLACE = 沈阳市和平区三好街
(String)    Original_healthcareprovider_id = 000060
--------------------09:54:14.5001091--------------------
Update IAI_PROVIDER 
Set 
	HEALTHCAREPROVIDER_ID = :HEALTHCAREPROVIDER_ID,
	HEALTHCAREPROVIDER_CODE = :HEALTHCAREPROVIDER_CODE,
	EFFECTIVETIME_HIGH = :EFFECTIVETIME_HIGH,
	EFFECTIVETIME_LOW = :EFFECTIVETIME_LOW,
	ID_NUMBER = :ID_NUMBER,
	NAME = :NAME,
	GENDER_CODE = :GENDER_CODE,
	BIRTH_TIME = :BIRTH_TIME,
	ORGANIZATION_ID = :ORGANIZATION_ID,
	ORGANIZATION_NAME = :ORGANIZATION_NAME,
	BIRTH_PLACE = :BIRTH_PLACE
Where healthcareprovider_id = :Original_healthcareprovider_id

参数值:
(String)    HEALTHCAREPROVIDER_ID = 000060
(String)    HEALTHCAREPROVIDER_CODE = 231
(String)    EFFECTIVETIME_HIGH = 20501231
(String)    EFFECTIVETIME_LOW = 20100101
(String)    ID_NUMBER = 210103197503147654
(String)    NAME = 张泽辉
(String)    GENDER_CODE = 1
(String)    BIRTH_TIME = 19750314
(String)    ORGANIZATION_ID = 000061
(String)    ORGANIZATION_NAME = 呼吸内科
(String)    BIRTH_PLACE = 沈阳市和平区三好街
(String)    Original_healthcareprovider_id = 000060
--------------------09:59:51.9311305--------------------
Update IAI_PROVIDER 
Set 
	HEALTHCAREPROVIDER_ID = :HEALTHCAREPROVIDER_ID,
	HEALTHCAREPROVIDER_CODE = :HEALTHCAREPROVIDER_CODE,
	EFFECTIVETIME_HIGH = :EFFECTIVETIME_HIGH,
	EFFECTIVETIME_LOW = :EFFECTIVETIME_LOW,
	ID_NUMBER = :ID_NUMBER,
	NAME = :NAME,
	GENDER_CODE = :GENDER_CODE,
	BIRTH_TIME = :BIRTH_TIME,
	ORGANIZATION_ID = :ORGANIZATION_ID,
	ORGANIZATION_NAME = :ORGANIZATION_NAME,
	BIRTH_PLACE = :BIRTH_PLACE
Where healthcareprovider_id = :Original_healthcareprovider_id

参数值:
(String)    HEALTHCAREPROVIDER_ID = 000060
(String)    HEALTHCAREPROVIDER_CODE = 231
(String)    EFFECTIVETIME_HIGH = 20501231
(String)    EFFECTIVETIME_LOW = 20100101
(String)    ID_NUMBER = 210103197503147654
(String)    NAME = 张泽辉
(String)    GENDER_CODE = 1
(String)    BIRTH_TIME = 19750314
(String)    ORGANIZATION_ID = 000061
(String)    ORGANIZATION_NAME = 呼吸内科
(String)    BIRTH_PLACE = 沈阳市和平区三好街
(String)    Original_healthcareprovider_id = 000060
--------------------10:01:40.1227556--------------------
Update IAI_PROVIDER 
Set 
	HEALTHCAREPROVIDER_ID = :HEALTHCAREPROVIDER_ID,
	HEALTHCAREPROVIDER_CODE = :HEALTHCAREPROVIDER_CODE,
	EFFECTIVETIME_HIGH = :EFFECTIVETIME_HIGH,
	EFFECTIVETIME_LOW = :EFFECTIVETIME_LOW,
	ID_NUMBER = :ID_NUMBER,
	NAME = :NAME,
	GENDER_CODE = :GENDER_CODE,
	BIRTH_TIME = :BIRTH_TIME,
	ORGANIZATION_ID = :ORGANIZATION_ID,
	ORGANIZATION_NAME = :ORGANIZATION_NAME,
	BIRTH_PLACE = :BIRTH_PLACE
Where healthcareprovider_id = :Original_healthcareprovider_id

参数值:
(String)    HEALTHCAREPROVIDER_ID = 000060
(String)    HEALTHCAREPROVIDER_CODE = 231
(String)    EFFECTIVETIME_HIGH = 20501231
(String)    EFFECTIVETIME_LOW = 20100101
(String)    ID_NUMBER = 210103197503147654
(String)    NAME = 张泽辉
(String)    GENDER_CODE = 1
(String)    BIRTH_TIME = 19750314
(String)    ORGANIZATION_ID = 000061
(String)    ORGANIZATION_NAME = 呼吸内科
(String)    BIRTH_PLACE = 沈阳市和平区三好街
(String)    Original_healthcareprovider_id = 000060
--------------------10:38:17.8574289--------------------
Update IAI_PROVIDER 
Set 
	HEALTHCAREPROVIDER_ID = :HEALTHCAREPROVIDER_ID,
	HEALTHCAREPROVIDER_CODE = :HEALTHCAREPROVIDER_CODE,
	EFFECTIVETIME_HIGH = :EFFECTIVETIME_HIGH,
	EFFECTIVETIME_LOW = :EFFECTIVETIME_LOW,
	ID_NUMBER = :ID_NUMBER,
	NAME = :NAME,
	GENDER_CODE = :GENDER_CODE,
	BIRTH_TIME = :BIRTH_TIME,
	ORGANIZATION_ID = :ORGANIZATION_ID,
	ORGANIZATION_NAME = :ORGANIZATION_NAME,
	BIRTH_PLACE = :BIRTH_PLACE
Where healthcareprovider_id = :Original_healthcareprovider_id

参数值:
(String)    HEALTHCAREPROVIDER_ID = 000060
(String)    HEALTHCAREPROVIDER_CODE = 231
(String)    EFFECTIVETIME_HIGH = 20501231
(String)    EFFECTIVETIME_LOW = 20100101
(String)    ID_NUMBER = 210103197503147654
(String)    NAME = 张泽辉
(String)    GENDER_CODE = 1
(String)    BIRTH_TIME = 19750314
(String)    ORGANIZATION_ID = 000061
(String)    ORGANIZATION_NAME = 呼吸内科
(String)    BIRTH_PLACE = 沈阳市和平区三好街
(String)    Original_healthcareprovider_id = 000060
--------------------10:38:30.0571852--------------------
Update IAI_PROVIDER 
Set 
	HEALTHCAREPROVIDER_ID = :HEALTHCAREPROVIDER_ID,
	HEALTHCAREPROVIDER_CODE = :HEALTHCAREPROVIDER_CODE,
	EFFECTIVETIME_HIGH = :EFFECTIVETIME_HIGH,
	EFFECTIVETIME_LOW = :EFFECTIVETIME_LOW,
	ID_NUMBER = :ID_NUMBER,
	NAME = :NAME,
	GENDER_CODE = :GENDER_CODE,
	BIRTH_TIME = :BIRTH_TIME,
	ORGANIZATION_ID = :ORGANIZATION_ID,
	ORGANIZATION_NAME = :ORGANIZATION_NAME,
	BIRTH_PLACE = :BIRTH_PLACE
Where healthcareprovider_id = :Original_healthcareprovider_id

参数值:
(String)    HEALTHCAREPROVIDER_ID = 000060
(String)    HEALTHCAREPROVIDER_CODE = 231
(String)    EFFECTIVETIME_HIGH = 20501231
(String)    EFFECTIVETIME_LOW = 20100101
(String)    ID_NUMBER = 210103197503147654
(String)    NAME = 张泽辉
(String)    GENDER_CODE = 1
(String)    BIRTH_TIME = 19750314
(String)    ORGANIZATION_ID = 000061
(String)    ORGANIZATION_NAME = 呼吸内科
(String)    BIRTH_PLACE = 沈阳市和平区三好街
(String)    Original_healthcareprovider_id = 000060
--------------------10:39:22.2459286--------------------
Update IAI_PROVIDER 
Set 
	HEALTHCAREPROVIDER_ID = :HEALTHCAREPROVIDER_ID,
	HEALTHCAREPROVIDER_CODE = :HEALTHCAREPROVIDER_CODE,
	EFFECTIVETIME_HIGH = :EFFECTIVETIME_HIGH,
	EFFECTIVETIME_LOW = :EFFECTIVETIME_LOW,
	ID_NUMBER = :ID_NUMBER,
	NAME = :NAME,
	GENDER_CODE = :GENDER_CODE,
	BIRTH_TIME = :BIRTH_TIME,
	ORGANIZATION_ID = :ORGANIZATION_ID,
	ORGANIZATION_NAME = :ORGANIZATION_NAME,
	BIRTH_PLACE = :BIRTH_PLACE
Where healthcareprovider_id = :Original_healthcareprovider_id

参数值:
(String)    HEALTHCAREPROVIDER_ID = 000060
(String)    HEALTHCAREPROVIDER_CODE = 231
(String)    EFFECTIVETIME_HIGH = 20501231
(String)    EFFECTIVETIME_LOW = 20100101
(String)    ID_NUMBER = 210103197503147654
(String)    NAME = 张泽辉
(String)    GENDER_CODE = 1
(String)    BIRTH_TIME = 19750314
(String)    ORGANIZATION_ID = 000061
(String)    ORGANIZATION_NAME = 呼吸内科
(String)    BIRTH_PLACE = 沈阳市和平区三好街
(String)    Original_healthcareprovider_id = 000060
--------------------10:39:28.0066151--------------------
Update IAI_PROVIDER 
Set 
	HEALTHCAREPROVIDER_ID = :HEALTHCAREPROVIDER_ID,
	HEALTHCAREPROVIDER_CODE = :HEALTHCAREPROVIDER_CODE,
	EFFECTIVETIME_HIGH = :EFFECTIVETIME_HIGH,
	EFFECTIVETIME_LOW = :EFFECTIVETIME_LOW,
	ID_NUMBER = :ID_NUMBER,
	NAME = :NAME,
	GENDER_CODE = :GENDER_CODE,
	BIRTH_TIME = :BIRTH_TIME,
	ORGANIZATION_ID = :ORGANIZATION_ID,
	ORGANIZATION_NAME = :ORGANIZATION_NAME,
	BIRTH_PLACE = :BIRTH_PLACE
Where healthcareprovider_id = :Original_healthcareprovider_id

参数值:
(String)    HEALTHCAREPROVIDER_ID = 000060
(String)    HEALTHCAREPROVIDER_CODE = 231
(String)    EFFECTIVETIME_HIGH = 20501231
(String)    EFFECTIVETIME_LOW = 20100101
(String)    ID_NUMBER = 210103197503147654
(String)    NAME = 张泽辉
(String)    GENDER_CODE = 1
(String)    BIRTH_TIME = 19750314
(String)    ORGANIZATION_ID = 000061
(String)    ORGANIZATION_NAME = 呼吸内科
(String)    BIRTH_PLACE = 沈阳市和平区三好街
(String)    Original_healthcareprovider_id = 000060
--------------------10:39:34.0387527--------------------
Update IAI_PROVIDER 
Set 
	HEALTHCAREPROVIDER_ID = :HEALTHCAREPROVIDER_ID,
	HEALTHCAREPROVIDER_CODE = :HEALTHCAREPROVIDER_CODE,
	EFFECTIVETIME_HIGH = :EFFECTIVETIME_HIGH,
	EFFECTIVETIME_LOW = :EFFECTIVETIME_LOW,
	ID_NUMBER = :ID_NUMBER,
	NAME = :NAME,
	GENDER_CODE = :GENDER_CODE,
	BIRTH_TIME = :BIRTH_TIME,
	ORGANIZATION_ID = :ORGANIZATION_ID,
	ORGANIZATION_NAME = :ORGANIZATION_NAME,
	BIRTH_PLACE = :BIRTH_PLACE
Where healthcareprovider_id = :Original_healthcareprovider_id

参数值:
(String)    HEALTHCAREPROVIDER_ID = 000060
(String)    HEALTHCAREPROVIDER_CODE = 231
(String)    EFFECTIVETIME_HIGH = 20501231
(String)    EFFECTIVETIME_LOW = 20100101
(String)    ID_NUMBER = 210103197503147654
(String)    NAME = 张泽辉
(String)    GENDER_CODE = 1
(String)    BIRTH_TIME = 19750314
(String)    ORGANIZATION_ID = 000061
(String)    ORGANIZATION_NAME = 呼吸内科
(String)    BIRTH_PLACE = 沈阳市和平区三好街
(String)    Original_healthcareprovider_id = 000060
--------------------10:41:27.6859560--------------------
Insert Into IAI_PATIENT
(
	PATIENT_ID,ID_NUMBER,NAME,TELECOM,GENDER_CODE,
	BIRTH_TIME,STREET_ADDRESS_LINE,STATE,CITY,COUNTY,
	STREET_NAME_BASE,STREET_NAME,HOUSE_NUMBER,POSTAL_CODE,MARITAL_STATUS_CODE,
	ETHNIC_GROUP_CODE,OCCUPATION_CODE,EMPLOYERORGANIZATION_NAME,EMPLOYERORGANIZATION_TELECOM,ASOTHERIDS_ID1,
	SCOPINGORGANIZATION_ID1,ASOTHERIDS_ID2,SCOPINGORGANIZATION_ID2,PERSONALRELATIONSHIP_CODE,PERSONALRELATIONSHIP_TELECOM,
	RELATIONSHIPHOLDER1_NAME,PROVIDERORGANIZATION_ID,PROVIDERORGANIZATION_NAME,BENEFICIARY_CODE
)
Values
(
	:PATIENT_ID,:ID_NUMBER,:NAME,:TELECOM,:GENDER_CODE,
	:BIRTH_TIME,:STREET_ADDRESS_LINE,:STATE,:CITY,:COUNTY,
	:STREET_NAME_BASE,:STREET_NAME,:HOUSE_NUMBER,:POSTAL_CODE,:MARITAL_STATUS_CODE,
	:ETHNIC_GROUP_CODE,:OCCUPATION_CODE,:EMPLOYERORGANIZATION_NAME,:EMPLOYERORGANIZATION_TELECOM,:ASOTHERIDS_ID1,
	:SCOPINGORGANIZATION_ID1,:ASOTHERIDS_ID2,:SCOPINGORGANIZATION_ID2,:PERSONALRELATIONSHIP_CODE,:PERSONALRELATIONSHIP_TELECOM,
	:RELATIONSHIPHOLDER1_NAME,:PROVIDERORGANIZATION_ID,:PROVIDERORGANIZATION_NAME,:BENEFICIARY_CODE
)

参数值:
(String)    PATIENT_ID = 患者ID
(String)    ID_NUMBER = 患者ID
(String)    NAME = 刘永好
(String)    TELECOM = 028-2222444
(String)    GENDER_CODE = 1
(String)    BIRTH_TIME = 19570323
(String)    STREET_ADDRESS_LINE = 四川省成都市双流县红沙村3号
(String)    STATE = 广东省
(String)    CITY = 广州市
(String)    COUNTY = 越秀区
(String)    STREET_NAME_BASE = 童心街
(String)    STREET_NAME = 下塘西路
(String)    HOUSE_NUMBER = 39号
(String)    POSTAL_CODE = 510000
(String)    MARITAL_STATUS_CODE = 10
(String)    ETHNIC_GROUP_CODE = 01
(String)    OCCUPATION_CODE = 13
(String)    EMPLOYERORGANIZATION_NAME = XXX学校
(String)    EMPLOYERORGANIZATION_TELECOM = 028-9999999
(String)    ASOTHERIDS_ID1 = 12345678901234567
(String)    SCOPINGORGANIZATION_ID1 = 1234567890
(String)    ASOTHERIDS_ID2 = 12345678901234567
(String)    SCOPINGORGANIZATION_ID2 = 1234567890
(String)    PERSONALRELATIONSHIP_CODE = (空)
(String)    PERSONALRELATIONSHIP_TELECOM = 028-8888888
(String)    RELATIONSHIPHOLDER1_NAME = 刘好
(String)    PROVIDERORGANIZATION_ID = 1234567890
(String)    PROVIDERORGANIZATION_NAME = 无锡中医院
(String)    BENEFICIARY_CODE = 01
--------------------10:46:10.6290846--------------------
Update IAI_PATIENT 
Set 
	PATIENT_ID = :PATIENT_ID,
	ID_NUMBER = :ID_NUMBER,
	NAME = :NAME,
	TELECOM = :TELECOM,
	GENDER_CODE = :GENDER_CODE,
	BIRTH_TIME = :BIRTH_TIME,
	STREET_ADDRESS_LINE = :STREET_ADDRESS_LINE,
	STATE = :STATE,
	CITY = :CITY,
	COUNTY = :COUNTY,
	STREET_NAME_BASE = :STREET_NAME_BASE,
	STREET_NAME = :STREET_NAME,
	HOUSE_NUMBER = :HOUSE_NUMBER,
	POSTAL_CODE = :POSTAL_CODE,
	MARITAL_STATUS_CODE = :MARITAL_STATUS_CODE,
	ETHNIC_GROUP_CODE = :ETHNIC_GROUP_CODE,
	OCCUPATION_CODE = :OCCUPATION_CODE,
	EMPLOYERORGANIZATION_NAME = :EMPLOYERORGANIZATION_NAME,
	EMPLOYERORGANIZATION_TELECOM = :EMPLOYERORGANIZATION_TELECOM,
	ASOTHERIDS_ID1 = :ASOTHERIDS_ID1,
	SCOPINGORGANIZATION_ID1 = :SCOPINGORGANIZATION_ID1,
	ASOTHERIDS_ID2 = :ASOTHERIDS_ID2,
	SCOPINGORGANIZATION_ID2 = :SCOPINGORGANIZATION_ID2,
	PERSONALRELATIONSHIP_CODE = :PERSONALRELATIONSHIP_CODE,
	PERSONALRELATIONSHIP_TELECOM = :PERSONALRELATIONSHIP_TELECOM,
	RELATIONSHIPHOLDER1_NAME = :RELATIONSHIPHOLDER1_NAME,
	PROVIDERORGANIZATION_ID = :PROVIDERORGANIZATION_ID,
	PROVIDERORGANIZATION_NAME = :PROVIDERORGANIZATION_NAME,
	BENEFICIARY_CODE = :BENEFICIARY_CODE
Where patient_id = :Original_patient_id

参数值:
(String)    PATIENT_ID = 患者ID1
(String)    ID_NUMBER = 患者ID1
(String)    NAME = 刘永好
(String)    TELECOM = 028-1234567
(String)    GENDER_CODE = 1
(String)    BIRTH_TIME = 19570323
(String)    STREET_ADDRESS_LINE = 四川省成都市双流县红沙村3号
(String)    STATE = 广东省
(String)    CITY = 广州市
(String)    COUNTY = 越秀区
(String)    STREET_NAME_BASE = 童心街
(String)    STREET_NAME = 下塘西路
(String)    HOUSE_NUMBER = 39号
(String)    POSTAL_CODE = 510000
(String)    MARITAL_STATUS_CODE = 10
(String)    ETHNIC_GROUP_CODE = 01
(String)    OCCUPATION_CODE = 13
(String)    EMPLOYERORGANIZATION_NAME = XXX学校
(String)    EMPLOYERORGANIZATION_TELECOM = 028-9999999
(String)    ASOTHERIDS_ID1 = 38273N237
(String)    SCOPINGORGANIZATION_ID1 = XXXXX
(String)    ASOTHERIDS_ID2 = 38273N237
(String)    SCOPINGORGANIZATION_ID2 = XXXXX
(String)    PERSONALRELATIONSHIP_CODE = (空)
(String)    PERSONALRELATIONSHIP_TELECOM = 028-8888888
(String)    RELATIONSHIPHOLDER1_NAME = 刘好
(String)    PROVIDERORGANIZATION_ID = XXXXX
(String)    PROVIDERORGANIZATION_NAME = 无锡中医院
(String)    BENEFICIARY_CODE = 1
(String)    Original_patient_id = 患者ID1
--------------------10:46:49.9509723--------------------
Update IAI_PATIENT 
Set 
	PATIENT_ID = :PATIENT_ID,
	ID_NUMBER = :ID_NUMBER,
	NAME = :NAME,
	TELECOM = :TELECOM,
	GENDER_CODE = :GENDER_CODE,
	BIRTH_TIME = :BIRTH_TIME,
	STREET_ADDRESS_LINE = :STREET_ADDRESS_LINE,
	STATE = :STATE,
	CITY = :CITY,
	COUNTY = :COUNTY,
	STREET_NAME_BASE = :STREET_NAME_BASE,
	STREET_NAME = :STREET_NAME,
	HOUSE_NUMBER = :HOUSE_NUMBER,
	POSTAL_CODE = :POSTAL_CODE,
	MARITAL_STATUS_CODE = :MARITAL_STATUS_CODE,
	ETHNIC_GROUP_CODE = :ETHNIC_GROUP_CODE,
	OCCUPATION_CODE = :OCCUPATION_CODE,
	EMPLOYERORGANIZATION_NAME = :EMPLOYERORGANIZATION_NAME,
	EMPLOYERORGANIZATION_TELECOM = :EMPLOYERORGANIZATION_TELECOM,
	ASOTHERIDS_ID1 = :ASOTHERIDS_ID1,
	SCOPINGORGANIZATION_ID1 = :SCOPINGORGANIZATION_ID1,
	ASOTHERIDS_ID2 = :ASOTHERIDS_ID2,
	SCOPINGORGANIZATION_ID2 = :SCOPINGORGANIZATION_ID2,
	PERSONALRELATIONSHIP_CODE = :PERSONALRELATIONSHIP_CODE,
	PERSONALRELATIONSHIP_TELECOM = :PERSONALRELATIONSHIP_TELECOM,
	RELATIONSHIPHOLDER1_NAME = :RELATIONSHIPHOLDER1_NAME,
	PROVIDERORGANIZATION_ID = :PROVIDERORGANIZATION_ID,
	PROVIDERORGANIZATION_NAME = :PROVIDERORGANIZATION_NAME,
	BENEFICIARY_CODE = :BENEFICIARY_CODE
Where patient_id = :Original_patient_id

参数值:
(String)    PATIENT_ID = 患者ID1
(String)    ID_NUMBER = 患者ID1
(String)    NAME = 刘永好
(String)    TELECOM = 028-1234567
(String)    GENDER_CODE = 1
(String)    BIRTH_TIME = 19570323
(String)    STREET_ADDRESS_LINE = 四川省成都市双流县红沙村3号
(String)    STATE = 广东省
(String)    CITY = 广州市
(String)    COUNTY = 越秀区
(String)    STREET_NAME_BASE = 童心街
(String)    STREET_NAME = 下塘西路
(String)    HOUSE_NUMBER = 39号
(String)    POSTAL_CODE = 510000
(String)    MARITAL_STATUS_CODE = 10
(String)    ETHNIC_GROUP_CODE = 01
(String)    OCCUPATION_CODE = 13
(String)    EMPLOYERORGANIZATION_NAME = XXX学校
(String)    EMPLOYERORGANIZATION_TELECOM = 028-9999999
(String)    ASOTHERIDS_ID1 = 38273N237
(String)    SCOPINGORGANIZATION_ID1 = XXXXX
(String)    ASOTHERIDS_ID2 = 38273N237
(String)    SCOPINGORGANIZATION_ID2 = XXXXX
(String)    PERSONALRELATIONSHIP_CODE = (空)
(String)    PERSONALRELATIONSHIP_TELECOM = 028-8888888
(String)    RELATIONSHIPHOLDER1_NAME = 刘好
(String)    PROVIDERORGANIZATION_ID = XXXXX
(String)    PROVIDERORGANIZATION_NAME = 无锡中医院
(String)    BENEFICIARY_CODE = 1
(String)    Original_patient_id = 患者ID1
--------------------10:47:56.2559841--------------------
Update IAI_PATIENT 
Set 
	PATIENT_ID = :PATIENT_ID,
	ID_NUMBER = :ID_NUMBER,
	NAME = :NAME,
	TELECOM = :TELECOM,
	GENDER_CODE = :GENDER_CODE,
	BIRTH_TIME = :BIRTH_TIME,
	STREET_ADDRESS_LINE = :STREET_ADDRESS_LINE,
	STATE = :STATE,
	CITY = :CITY,
	COUNTY = :COUNTY,
	STREET_NAME_BASE = :STREET_NAME_BASE,
	STREET_NAME = :STREET_NAME,
	HOUSE_NUMBER = :HOUSE_NUMBER,
	POSTAL_CODE = :POSTAL_CODE,
	MARITAL_STATUS_CODE = :MARITAL_STATUS_CODE,
	ETHNIC_GROUP_CODE = :ETHNIC_GROUP_CODE,
	OCCUPATION_CODE = :OCCUPATION_CODE,
	EMPLOYERORGANIZATION_NAME = :EMPLOYERORGANIZATION_NAME,
	EMPLOYERORGANIZATION_TELECOM = :EMPLOYERORGANIZATION_TELECOM,
	ASOTHERIDS_ID1 = :ASOTHERIDS_ID1,
	SCOPINGORGANIZATION_ID1 = :SCOPINGORGANIZATION_ID1,
	ASOTHERIDS_ID2 = :ASOTHERIDS_ID2,
	SCOPINGORGANIZATION_ID2 = :SCOPINGORGANIZATION_ID2,
	PERSONALRELATIONSHIP_CODE = :PERSONALRELATIONSHIP_CODE,
	PERSONALRELATIONSHIP_TELECOM = :PERSONALRELATIONSHIP_TELECOM,
	RELATIONSHIPHOLDER1_NAME = :RELATIONSHIPHOLDER1_NAME,
	PROVIDERORGANIZATION_ID = :PROVIDERORGANIZATION_ID,
	PROVIDERORGANIZATION_NAME = :PROVIDERORGANIZATION_NAME,
	BENEFICIARY_CODE = :BENEFICIARY_CODE
Where patient_id = :Original_patient_id

参数值:
(String)    PATIENT_ID = 患者ID1
(String)    ID_NUMBER = 患者ID1
(String)    NAME = 刘永好
(String)    TELECOM = 028-1234567
(String)    GENDER_CODE = 1
(String)    BIRTH_TIME = 19570323
(String)    STREET_ADDRESS_LINE = 四川省成都市双流县红沙村3号
(String)    STATE = 广东省
(String)    CITY = 广州市
(String)    COUNTY = 越秀区
(String)    STREET_NAME_BASE = 童心街
(String)    STREET_NAME = 下塘西路
(String)    HOUSE_NUMBER = 39号
(String)    POSTAL_CODE = 510000
(String)    MARITAL_STATUS_CODE = 10
(String)    ETHNIC_GROUP_CODE = 01
(String)    OCCUPATION_CODE = 13
(String)    EMPLOYERORGANIZATION_NAME = XXX学校
(String)    EMPLOYERORGANIZATION_TELECOM = 028-9999999
(String)    ASOTHERIDS_ID1 = 38273N237
(String)    SCOPINGORGANIZATION_ID1 = XXXXX
(String)    ASOTHERIDS_ID2 = 38273N237
(String)    SCOPINGORGANIZATION_ID2 = XXXXX
(String)    PERSONALRELATIONSHIP_CODE = (空)
(String)    PERSONALRELATIONSHIP_TELECOM = 028-8888888
(String)    RELATIONSHIPHOLDER1_NAME = 刘好
(String)    PROVIDERORGANIZATION_ID = XXXXX
(String)    PROVIDERORGANIZATION_NAME = 无锡中医院
(String)    BENEFICIARY_CODE = 1
(String)    Original_patient_id = 患者ID1
--------------------10:48:12.2075763--------------------
Update IAI_PATIENT 
Set 
	PATIENT_ID = :PATIENT_ID,
	ID_NUMBER = :ID_NUMBER,
	NAME = :NAME,
	TELECOM = :TELECOM,
	GENDER_CODE = :GENDER_CODE,
	BIRTH_TIME = :BIRTH_TIME,
	STREET_ADDRESS_LINE = :STREET_ADDRESS_LINE,
	STATE = :STATE,
	CITY = :CITY,
	COUNTY = :COUNTY,
	STREET_NAME_BASE = :STREET_NAME_BASE,
	STREET_NAME = :STREET_NAME,
	HOUSE_NUMBER = :HOUSE_NUMBER,
	POSTAL_CODE = :POSTAL_CODE,
	MARITAL_STATUS_CODE = :MARITAL_STATUS_CODE,
	ETHNIC_GROUP_CODE = :ETHNIC_GROUP_CODE,
	OCCUPATION_CODE = :OCCUPATION_CODE,
	EMPLOYERORGANIZATION_NAME = :EMPLOYERORGANIZATION_NAME,
	EMPLOYERORGANIZATION_TELECOM = :EMPLOYERORGANIZATION_TELECOM,
	ASOTHERIDS_ID1 = :ASOTHERIDS_ID1,
	SCOPINGORGANIZATION_ID1 = :SCOPINGORGANIZATION_ID1,
	ASOTHERIDS_ID2 = :ASOTHERIDS_ID2,
	SCOPINGORGANIZATION_ID2 = :SCOPINGORGANIZATION_ID2,
	PERSONALRELATIONSHIP_CODE = :PERSONALRELATIONSHIP_CODE,
	PERSONALRELATIONSHIP_TELECOM = :PERSONALRELATIONSHIP_TELECOM,
	RELATIONSHIPHOLDER1_NAME = :RELATIONSHIPHOLDER1_NAME,
	PROVIDERORGANIZATION_ID = :PROVIDERORGANIZATION_ID,
	PROVIDERORGANIZATION_NAME = :PROVIDERORGANIZATION_NAME,
	BENEFICIARY_CODE = :BENEFICIARY_CODE
Where patient_id = :Original_patient_id

参数值:
(String)    PATIENT_ID = 123123ID1231
(String)    ID_NUMBER = 123123ID1231
(String)    NAME = 刘永好
(String)    TELECOM = 028-1234567
(String)    GENDER_CODE = 1
(String)    BIRTH_TIME = 19570323
(String)    STREET_ADDRESS_LINE = 四川省成都市双流县红沙村3号
(String)    STATE = 广东省
(String)    CITY = 广州市
(String)    COUNTY = 越秀区
(String)    STREET_NAME_BASE = 童心街
(String)    STREET_NAME = 下塘西路
(String)    HOUSE_NUMBER = 39号
(String)    POSTAL_CODE = 510000
(String)    MARITAL_STATUS_CODE = 10
(String)    ETHNIC_GROUP_CODE = 01
(String)    OCCUPATION_CODE = 13
(String)    EMPLOYERORGANIZATION_NAME = XXX学校
(String)    EMPLOYERORGANIZATION_TELECOM = 028-9999999
(String)    ASOTHERIDS_ID1 = 38273N237
(String)    SCOPINGORGANIZATION_ID1 = XXXXX
(String)    ASOTHERIDS_ID2 = 38273N237
(String)    SCOPINGORGANIZATION_ID2 = XXXXX
(String)    PERSONALRELATIONSHIP_CODE = (空)
(String)    PERSONALRELATIONSHIP_TELECOM = 028-8888888
(String)    RELATIONSHIPHOLDER1_NAME = 刘好
(String)    PROVIDERORGANIZATION_ID = XXXXX
(String)    PROVIDERORGANIZATION_NAME = 无锡中医院
(String)    BENEFICIARY_CODE = 1
(String)    Original_patient_id = 123123ID1231
--------------------10:50:35.4074858--------------------
Delete From IAI_PATIENT 
Where patient_id = :Original_patient_id

参数值:
(String)    Original_patient_id = 患者ID
--------------------10:50:37.9170464--------------------
Update IAI_PATIENT 
Set 
	PATIENT_ID = :PATIENT_ID
Where patient_id = :Original_patient_id

参数值:
(String)    PATIENT_ID = 患者ID
(String)    Original_patient_id = xxxxx
--------------------11:01:49.4422030--------------------
Delete From IAI_PATIENT 
Where patient_id = :Original_patient_id

参数值:
(String)    Original_patient_id = 患者ID
--------------------11:01:49.4741186--------------------
Update IAI_PATIENT 
Set 
	PATIENT_ID = :PATIENT_ID
Where patient_id = :Original_patient_id

参数值:
(String)    PATIENT_ID = 患者ID
(String)    Original_patient_id = 患者ID12
--------------------11:02:28.8073453--------------------
Delete From IAI_PATIENT 
Where patient_id = :Original_patient_id

参数值:
(String)    Original_patient_id = 患者ID
--------------------11:02:30.6959330--------------------
Update IAI_PATIENT 
Set 
	PATIENT_ID = :PATIENT_ID
Where patient_id = :Original_patient_id

参数值:
(String)    PATIENT_ID = 患者ID
(String)    Original_patient_id = 患者ID
--------------------11:04:12.5934082--------------------
Insert Into IAI_PATIENT
(
	PATIENT_ID,ID_NUMBER,NAME,TELECOM,GENDER_CODE,
	BIRTH_TIME,STREET_ADDRESS_LINE,STATE,CITY,COUNTY,
	STREET_NAME_BASE,STREET_NAME,HOUSE_NUMBER,POSTAL_CODE,MARITAL_STATUS_CODE,
	ETHNIC_GROUP_CODE,OCCUPATION_CODE,EMPLOYERORGANIZATION_NAME,EMPLOYERORGANIZATION_TELECOM,ASOTHERIDS_ID1,
	SCOPINGORGANIZATION_ID1,ASOTHERIDS_ID2,SCOPINGORGANIZATION_ID2,PERSONALRELATIONSHIP_CODE,PERSONALRELATIONSHIP_TELECOM,
	RELATIONSHIPHOLDER1_NAME,PROVIDERORGANIZATION_ID,PROVIDERORGANIZATION_NAME,BENEFICIARY_CODE
)
Values
(
	:PATIENT_ID,:ID_NUMBER,:NAME,:TELECOM,:GENDER_CODE,
	:BIRTH_TIME,:STREET_ADDRESS_LINE,:STATE,:CITY,:COUNTY,
	:STREET_NAME_BASE,:STREET_NAME,:HOUSE_NUMBER,:POSTAL_CODE,:MARITAL_STATUS_CODE,
	:ETHNIC_GROUP_CODE,:OCCUPATION_CODE,:EMPLOYERORGANIZATION_NAME,:EMPLOYERORGANIZATION_TELECOM,:ASOTHERIDS_ID1,
	:SCOPINGORGANIZATION_ID1,:ASOTHERIDS_ID2,:SCOPINGORGANIZATION_ID2,:PERSONALRELATIONSHIP_CODE,:PERSONALRELATIONSHIP_TELECOM,
	:RELATIONSHIPHOLDER1_NAME,:PROVIDERORGANIZATION_ID,:PROVIDERORGANIZATION_NAME,:BENEFICIARY_CODE
)

参数值:
(String)    PATIENT_ID = 患者ID
(String)    ID_NUMBER = 患者ID
(String)    NAME = 刘永好
(String)    TELECOM = 028-2222444
(String)    GENDER_CODE = 1
(String)    BIRTH_TIME = 19570323
(String)    STREET_ADDRESS_LINE = 四川省成都市双流县红沙村3号
(String)    STATE = 广东省
(String)    CITY = 广州市
(String)    COUNTY = 越秀区
(String)    STREET_NAME_BASE = 童心街
(String)    STREET_NAME = 下塘西路
(String)    HOUSE_NUMBER = 39号
(String)    POSTAL_CODE = 510000
(String)    MARITAL_STATUS_CODE = 10
(String)    ETHNIC_GROUP_CODE = 01
(String)    OCCUPATION_CODE = 13
(String)    EMPLOYERORGANIZATION_NAME = XXX学校
(String)    EMPLOYERORGANIZATION_TELECOM = 028-9999999
(String)    ASOTHERIDS_ID1 = 12345678901234567
(String)    SCOPINGORGANIZATION_ID1 = 1234567890
(String)    ASOTHERIDS_ID2 = 12345678901234567
(String)    SCOPINGORGANIZATION_ID2 = 1234567890
(String)    PERSONALRELATIONSHIP_CODE = (空)
(String)    PERSONALRELATIONSHIP_TELECOM = 028-8888888
(String)    RELATIONSHIPHOLDER1_NAME = 刘好
(String)    PROVIDERORGANIZATION_ID = 1234567890
(String)    PROVIDERORGANIZATION_NAME = 无锡中医院
(String)    BENEFICIARY_CODE = 01
--------------------11:20:59.1452329--------------------
Insert Into IAI_PROVIDER
(
	HEALTHCAREPROVIDER_ID,HEALTHCAREPROVIDER_CODE,EFFECTIVETIME_HIGH,EFFECTIVETIME_LOW,ID_NUMBER,
	NAME,GENDER_CODE,BIRTH_TIME,ORGANIZATION_ID,ORGANIZATION_NAME,
	BIRTH_PLACE
)
Values
(
	:HEALTHCAREPROVIDER_ID,:HEALTHCAREPROVIDER_CODE,:EFFECTIVETIME_HIGH,:EFFECTIVETIME_LOW,:ID_NUMBER,
	:NAME,:GENDER_CODE,:BIRTH_TIME,:ORGANIZATION_ID,:ORGANIZATION_NAME,
	:BIRTH_PLACE
)

参数值:
(String)    HEALTHCAREPROVIDER_ID = 000060
(String)    HEALTHCAREPROVIDER_CODE = 231
(String)    EFFECTIVETIME_HIGH = 20180201
(String)    EFFECTIVETIME_LOW = 20130116
(String)    ID_NUMBER = 210103197503147655
(String)    NAME = 杨泽辉
(String)    GENDER_CODE = 1
(String)    BIRTH_TIME = 19750314
(String)    ORGANIZATION_ID = 000061
(String)    ORGANIZATION_NAME = 呼吸内科
(String)    BIRTH_PLACE = 沈阳市和平区三好街
--------------------11:24:25.1012761--------------------
Insert Into IAI_PROVIDER
(
	HEALTHCAREPROVIDER_ID,HEALTHCAREPROVIDER_CODE,EFFECTIVETIME_HIGH,EFFECTIVETIME_LOW,ID_NUMBER,
	NAME,GENDER_CODE,BIRTH_TIME,ORGANIZATION_ID,ORGANIZATION_NAME,
	BIRTH_PLACE
)
Values
(
	:HEALTHCAREPROVIDER_ID,:HEALTHCAREPROVIDER_CODE,:EFFECTIVETIME_HIGH,:EFFECTIVETIME_LOW,:ID_NUMBER,
	:NAME,:GENDER_CODE,:BIRTH_TIME,:ORGANIZATION_ID,:ORGANIZATION_NAME,
	:BIRTH_PLACE
)

参数值:
(String)    HEALTHCAREPROVIDER_ID = 000060
(String)    HEALTHCAREPROVIDER_CODE = 231
(String)    EFFECTIVETIME_HIGH = 20180201
(String)    EFFECTIVETIME_LOW = 20130116
(String)    ID_NUMBER = 210103197503147655
(String)    NAME = 杨泽辉
(String)    GENDER_CODE = 1
(String)    BIRTH_TIME = 19750314
(String)    ORGANIZATION_ID = 000061
(String)    ORGANIZATION_NAME = 呼吸内科
(String)    BIRTH_PLACE = 沈阳市和平区三好街
--------------------11:26:05.4368126--------------------
Insert Into IAI_PROVIDER
(
	HEALTHCAREPROVIDER_ID,HEALTHCAREPROVIDER_CODE,EFFECTIVETIME_HIGH,EFFECTIVETIME_LOW,ID_NUMBER,
	NAME,GENDER_CODE,BIRTH_TIME,ORGANIZATION_ID,ORGANIZATION_NAME,
	BIRTH_PLACE
)
Values
(
	:HEALTHCAREPROVIDER_ID,:HEALTHCAREPROVIDER_CODE,:EFFECTIVETIME_HIGH,:EFFECTIVETIME_LOW,:ID_NUMBER,
	:NAME,:GENDER_CODE,:BIRTH_TIME,:ORGANIZATION_ID,:ORGANIZATION_NAME,
	:BIRTH_PLACE
)

参数值:
(String)    HEALTHCAREPROVIDER_ID = 000060
(String)    HEALTHCAREPROVIDER_CODE = 231
(String)    EFFECTIVETIME_HIGH = 20180201
(String)    EFFECTIVETIME_LOW = 20130116
(String)    ID_NUMBER = 210103197503147655
(String)    NAME = 杨泽辉
(String)    GENDER_CODE = 1
(String)    BIRTH_TIME = 19750314
(String)    ORGANIZATION_ID = 000061
(String)    ORGANIZATION_NAME = 呼吸内科
(String)    BIRTH_PLACE = 沈阳市和平区三好街
--------------------11:27:48.3744837--------------------
Update IAI_PROVIDER 
Set 
	HEALTHCAREPROVIDER_ID = :HEALTHCAREPROVIDER_ID,
	HEALTHCAREPROVIDER_CODE = :HEALTHCAREPROVIDER_CODE,
	EFFECTIVETIME_HIGH = :EFFECTIVETIME_HIGH,
	EFFECTIVETIME_LOW = :EFFECTIVETIME_LOW,
	ID_NUMBER = :ID_NUMBER,
	NAME = :NAME,
	GENDER_CODE = :GENDER_CODE,
	BIRTH_TIME = :BIRTH_TIME,
	ORGANIZATION_ID = :ORGANIZATION_ID,
	ORGANIZATION_NAME = :ORGANIZATION_NAME,
	BIRTH_PLACE = :BIRTH_PLACE
Where healthcareprovider_id = :Original_healthcareprovider_id

参数值:
(String)    HEALTHCAREPROVIDER_ID = 000060
(String)    HEALTHCAREPROVIDER_CODE = 231
(String)    EFFECTIVETIME_HIGH = 20501231
(String)    EFFECTIVETIME_LOW = 20100101
(String)    ID_NUMBER = 210103197503147654
(String)    NAME = 张泽辉
(String)    GENDER_CODE = 1
(String)    BIRTH_TIME = 19750314
(String)    ORGANIZATION_ID = 000061
(String)    ORGANIZATION_NAME = 呼吸内科
(String)    BIRTH_PLACE = 沈阳市和平区三好街
(String)    Original_healthcareprovider_id = 000060
--------------------11:29:30.5395048--------------------
Update IAI_PROVIDER 
Set 
	HEALTHCAREPROVIDER_ID = :HEALTHCAREPROVIDER_ID,
	HEALTHCAREPROVIDER_CODE = :HEALTHCAREPROVIDER_CODE,
	EFFECTIVETIME_HIGH = :EFFECTIVETIME_HIGH,
	EFFECTIVETIME_LOW = :EFFECTIVETIME_LOW,
	ID_NUMBER = :ID_NUMBER,
	NAME = :NAME,
	GENDER_CODE = :GENDER_CODE,
	BIRTH_TIME = :BIRTH_TIME,
	ORGANIZATION_ID = :ORGANIZATION_ID,
	ORGANIZATION_NAME = :ORGANIZATION_NAME,
	BIRTH_PLACE = :BIRTH_PLACE
Where healthcareprovider_id = :Original_healthcareprovider_id

参数值:
(String)    HEALTHCAREPROVIDER_ID = 000061
(String)    HEALTHCAREPROVIDER_CODE = 231
(String)    EFFECTIVETIME_HIGH = 20501231
(String)    EFFECTIVETIME_LOW = 20100101
(String)    ID_NUMBER = 210103197503147656
(String)    NAME = 杨泽辉
(String)    GENDER_CODE = 1
(String)    BIRTH_TIME = 19750314
(String)    ORGANIZATION_ID = 1060
(String)    ORGANIZATION_NAME = 呼吸内科
(String)    BIRTH_PLACE = 沈阳市和平区三好街
(String)    Original_healthcareprovider_id = 000061
--------------------11:42:04.0715042--------------------
Insert Into IAI_ORGANIZATION
(
	ORGANIZATION_ID,ORGANIZATION_CODE,ROLE_NAME,ADDR,TELECOM,
	EFFECTIVETIME_HIGH,EFFECTIVETIME_LOW,NAME,SCOPER2_ID,SCOPER2_NAME
)
Values
(
	:ORGANIZATION_ID,:ORGANIZATION_CODE,:ROLE_NAME,:ADDR,:TELECOM,
	:EFFECTIVETIME_HIGH,:EFFECTIVETIME_LOW,:NAME,:SCOPER2_ID,:SCOPER2_NAME
)

参数值:
(String)    ORGANIZATION_ID = 1234567890
(String)    ORGANIZATION_CODE = A03.01
(String)    ROLE_NAME = 呼吸内科1
(String)    ADDR = (空)
(String)    TELECOM = null
(String)    EFFECTIVETIME_HIGH = 20501231
(String)    EFFECTIVETIME_LOW = 20100101
(String)    NAME = 呼吸内科1病房
(String)    SCOPER2_ID = 0234567890
(String)    SCOPER2_NAME = 内科
--------------------11:43:08.0629105--------------------
IF EXISTS (SELECT * FROM IAI_ORGANIZATION
Where organization_id = :Original_organization_id) SELECT 1 ELSE SELECT 0

参数值:
(String)    Original_organization_id = 1234567890
--------------------11:48:56.4538602--------------------
Update IAI_ORGANIZATION 
Set 
	ORGANIZATION_ID = :ORGANIZATION_ID,
	ORGANIZATION_CODE = :ORGANIZATION_CODE,
	ROLE_NAME = :ROLE_NAME,
	ADDR = :ADDR,
	TELECOM = :TELECOM,
	EFFECTIVETIME_HIGH = :EFFECTIVETIME_HIGH,
	EFFECTIVETIME_LOW = :EFFECTIVETIME_LOW,
	NAME = :NAME,
	SCOPER2_ID = :SCOPER2_ID,
	SCOPER2_NAME = :SCOPER2_NAME
Where organization_id = :Original_organization_id

参数值:
(String)    ORGANIZATION_ID = 1234567890
(String)    ORGANIZATION_CODE = A03.01
(String)    ROLE_NAME = 呼吸内科1
(String)    ADDR = (空)
(String)    TELECOM = null
(String)    EFFECTIVETIME_HIGH = 20501231
(String)    EFFECTIVETIME_LOW = 20100101
(String)    NAME = 呼吸内科1病房
(String)    SCOPER2_ID = null
(String)    SCOPER2_NAME = null
(String)    Original_organization_id = 1234567890
--------------------11:49:47.9713481--------------------
Update IAI_ORGANIZATION 
Set 
	ORGANIZATION_ID = :ORGANIZATION_ID,
	ORGANIZATION_CODE = :ORGANIZATION_CODE,
	ROLE_NAME = :ROLE_NAME,
	ADDR = :ADDR,
	TELECOM = :TELECOM,
	EFFECTIVETIME_HIGH = :EFFECTIVETIME_HIGH,
	EFFECTIVETIME_LOW = :EFFECTIVETIME_LOW,
	NAME = :NAME,
	SCOPER2_ID = :SCOPER2_ID,
	SCOPER2_NAME = :SCOPER2_NAME
Where organization_id = :Original_organization_id

参数值:
(String)    ORGANIZATION_ID = 1234567890
(String)    ORGANIZATION_CODE = null
(String)    ROLE_NAME = 呼吸内科1
(String)    ADDR = (空)
(String)    TELECOM = null
(String)    EFFECTIVETIME_HIGH = 20501231
(String)    EFFECTIVETIME_LOW = 20100101
(String)    NAME = 呼吸内科1病房
(String)    SCOPER2_ID = null
(String)    SCOPER2_NAME = null
(String)    Original_organization_id = 1234567890
--------------------13:19:59.4443115--------------------
Insert Into IAI_ORDER
(
	ORDER_ID,ORDER_TYPE_CODE,TEXT,EFFECTIVETIME_HIGH,EFFECTIVETIME_LOW,
	EFFECTIVETIME_PERIOD,ROUTE_CODE,DOSE_QUANTITY,NUMERTOR,UNIT_CODE,
	MEDICINE_NAME,CAPACITY_QUANTITY,PATIENT_ID,AUTHOR_TIME,SIGNATURE_TEXT,
	ASSIGNEDENTITY_ID,ASSIGNEDPERSON_NAME,ORGANIZATION_ID,ORGANIZATION_NAME,VERIFIER_TIME,
	VERIFIER_ASSIGNEDENTITY_ID,VERIFIER_ASSIGNEDENTITY_NAME,ANNOTION_TEXT,ANNOTION_STATUS_CODE,ANNOTION_AUTHOR_ID,
	ANNOTION_AUTHOR_NAME,ANNOTION_ORGANIZATION_ID,ANNOTION_ORGANIZATION_NAME,ENCOUNTER_ID,DENOMINATOR,
	EFFECTIVETIME_UNIT,DOSE_QUANTITY_UNIT
)
Values
(
	:ORDER_ID,:ORDER_TYPE_CODE,:TEXT,:EFFECTIVETIME_HIGH,:EFFECTIVETIME_LOW,
	:EFFECTIVETIME_PERIOD,:ROUTE_CODE,:DOSE_QUANTITY,:NUMERTOR,:UNIT_CODE,
	:MEDICINE_NAME,:CAPACITY_QUANTITY,:PATIENT_ID,:AUTHOR_TIME,:SIGNATURE_TEXT,
	:ASSIGNEDENTITY_ID,:ASSIGNEDPERSON_NAME,:ORGANIZATION_ID,:ORGANIZATION_NAME,:VERIFIER_TIME,
	:VERIFIER_ASSIGNEDENTITY_ID,:VERIFIER_ASSIGNEDENTITY_NAME,:ANNOTION_TEXT,:ANNOTION_STATUS_CODE,:ANNOTION_AUTHOR_ID,
	:ANNOTION_AUTHOR_NAME,:ANNOTION_ORGANIZATION_ID,:ANNOTION_ORGANIZATION_NAME,:ENCOUNTER_ID,:DENOMINATOR,
	:EFFECTIVETIME_UNIT,:DOSE_QUANTITY_UNIT
)

参数值:
(String)    ORDER_ID = OBS001234
(String)    ORDER_TYPE_CODE = 01
(String)    TEXT = (空)
(String)    EFFECTIVETIME_HIGH = 20110203030303
(String)    EFFECTIVETIME_LOW = 20110202030303
(String)    EFFECTIVETIME_PERIOD = 8
(String)    ROUTE_CODE = 1
(String)    DOSE_QUANTITY = 20
(String)    NUMERTOR = 1
(String)    UNIT_CODE = 01
(String)    MEDICINE_NAME = 氢氯噻嗪
(String)    CAPACITY_QUANTITY = g/片
(String)    PATIENT_ID = 123456789011
(String)    AUTHOR_TIME = 20120202030303
(String)    SIGNATURE_TEXT = 李医生
(String)    ASSIGNEDENTITY_ID = 120109197706015518
(String)    ASSIGNEDPERSON_NAME = 李医生
(String)    ORGANIZATION_ID = 1234567890
(String)    ORGANIZATION_NAME = 呼吸内科
(String)    VERIFIER_TIME = 20120202030303
(String)    VERIFIER_ASSIGNEDENTITY_ID = 120109197706015518
(String)    VERIFIER_ASSIGNEDENTITY_NAME = 王医生
(String)    ANNOTION_TEXT = 对下达医嘱的补充说明和注意事项提示
(String)    ANNOTION_STATUS_CODE = completed
(String)    ANNOTION_AUTHOR_ID = 120109197706015518
(String)    ANNOTION_AUTHOR_NAME = 李医生
(String)    ANNOTION_ORGANIZATION_ID = 1234567890
(String)    ANNOTION_ORGANIZATION_NAME = 呼吸内科
(String)    ENCOUNTER_ID = (空)
(String)    DENOMINATOR = 1
(String)    EFFECTIVETIME_UNIT = h
(String)    DOSE_QUANTITY_UNIT = null
--------------------13:25:41.7600352--------------------
Insert Into IAI_ORDER
(
	ORDER_ID,ORDER_TYPE_CODE,TEXT,EFFECTIVETIME_HIGH,EFFECTIVETIME_LOW,
	EFFECTIVETIME_PERIOD,ROUTE_CODE,DOSE_QUANTITY,NUMERTOR,UNIT_CODE,
	MEDICINE_NAME,CAPACITY_QUANTITY,PATIENT_ID,AUTHOR_TIME,SIGNATURE_TEXT,
	ASSIGNEDENTITY_ID,ASSIGNEDPERSON_NAME,ORGANIZATION_ID,ORGANIZATION_NAME,VERIFIER_TIME,
	VERIFIER_ASSIGNEDENTITY_ID,VERIFIER_ASSIGNEDENTITY_NAME,ANNOTION_TEXT,ANNOTION_STATUS_CODE,ANNOTION_AUTHOR_ID,
	ANNOTION_AUTHOR_NAME,ANNOTION_ORGANIZATION_ID,ANNOTION_ORGANIZATION_NAME,ENCOUNTER_ID,DENOMINATOR,
	EFFECTIVETIME_UNIT,DOSE_QUANTITY_UNIT
)
Values
(
	:ORDER_ID,:ORDER_TYPE_CODE,:TEXT,:EFFECTIVETIME_HIGH,:EFFECTIVETIME_LOW,
	:EFFECTIVETIME_PERIOD,:ROUTE_CODE,:DOSE_QUANTITY,:NUMERTOR,:UNIT_CODE,
	:MEDICINE_NAME,:CAPACITY_QUANTITY,:PATIENT_ID,:AUTHOR_TIME,:SIGNATURE_TEXT,
	:ASSIGNEDENTITY_ID,:ASSIGNEDPERSON_NAME,:ORGANIZATION_ID,:ORGANIZATION_NAME,:VERIFIER_TIME,
	:VERIFIER_ASSIGNEDENTITY_ID,:VERIFIER_ASSIGNEDENTITY_NAME,:ANNOTION_TEXT,:ANNOTION_STATUS_CODE,:ANNOTION_AUTHOR_ID,
	:ANNOTION_AUTHOR_NAME,:ANNOTION_ORGANIZATION_ID,:ANNOTION_ORGANIZATION_NAME,:ENCOUNTER_ID,:DENOMINATOR,
	:EFFECTIVETIME_UNIT,:DOSE_QUANTITY_UNIT
)

参数值:
(String)    ORDER_ID = OBS001234
(String)    ORDER_TYPE_CODE = 01
(String)    TEXT = (空)
(String)    EFFECTIVETIME_HIGH = 20110203030303
(String)    EFFECTIVETIME_LOW = 20110202030303
(String)    EFFECTIVETIME_PERIOD = 8
(String)    ROUTE_CODE = 1
(String)    DOSE_QUANTITY = 20
(String)    NUMERTOR = 1
(String)    UNIT_CODE = 01
(String)    MEDICINE_NAME = 氢氯噻嗪
(String)    CAPACITY_QUANTITY = g/片
(String)    PATIENT_ID = 123456789011
(String)    AUTHOR_TIME = 20120202030303
(String)    SIGNATURE_TEXT = 李医生
(String)    ASSIGNEDENTITY_ID = 120109197706015518
(String)    ASSIGNEDPERSON_NAME = 李医生
(String)    ORGANIZATION_ID = 1234567890
(String)    ORGANIZATION_NAME = 呼吸内科
(String)    VERIFIER_TIME = 20120202030303
(String)    VERIFIER_ASSIGNEDENTITY_ID = 120109197706015518
(String)    VERIFIER_ASSIGNEDENTITY_NAME = 王医生
(String)    ANNOTION_TEXT = 对下达医嘱的补充说明和注意事项提示
(String)    ANNOTION_STATUS_CODE = completed
(String)    ANNOTION_AUTHOR_ID = 120109197706015518
(String)    ANNOTION_AUTHOR_NAME = 李医生
(String)    ANNOTION_ORGANIZATION_ID = 1234567890
(String)    ANNOTION_ORGANIZATION_NAME = 呼吸内科
(String)    ENCOUNTER_ID = (空)
(String)    DENOMINATOR = 1
(String)    EFFECTIVETIME_UNIT = h
(String)    DOSE_QUANTITY_UNIT = mg
--------------------13:30:40.9783563--------------------
Insert Into IAI_ORDER
(
	ORDER_ID,ORDER_TYPE_CODE,TEXT,EFFECTIVETIME_HIGH,EFFECTIVETIME_LOW,
	EFFECTIVETIME_PERIOD,ROUTE_CODE,DOSE_QUANTITY,NUMERTOR,UNIT_CODE,
	MEDICINE_NAME,CAPACITY_QUANTITY,PATIENT_ID,AUTHOR_TIME,SIGNATURE_TEXT,
	ASSIGNEDENTITY_ID,ASSIGNEDPERSON_NAME,ORGANIZATION_ID,ORGANIZATION_NAME,VERIFIER_TIME,
	VERIFIER_ASSIGNEDENTITY_ID,VERIFIER_ASSIGNEDENTITY_NAME,ANNOTION_TEXT,ANNOTION_STATUS_CODE,ANNOTION_AUTHOR_ID,
	ANNOTION_AUTHOR_NAME,ANNOTION_ORGANIZATION_ID,ANNOTION_ORGANIZATION_NAME,ENCOUNTER_ID,DENOMINATOR,
	EFFECTIVETIME_UNIT,DOSE_QUANTITY_UNIT
)
Values
(
	:ORDER_ID,:ORDER_TYPE_CODE,:TEXT,:EFFECTIVETIME_HIGH,:EFFECTIVETIME_LOW,
	:EFFECTIVETIME_PERIOD,:ROUTE_CODE,:DOSE_QUANTITY,:NUMERTOR,:UNIT_CODE,
	:MEDICINE_NAME,:CAPACITY_QUANTITY,:PATIENT_ID,:AUTHOR_TIME,:SIGNATURE_TEXT,
	:ASSIGNEDENTITY_ID,:ASSIGNEDPERSON_NAME,:ORGANIZATION_ID,:ORGANIZATION_NAME,:VERIFIER_TIME,
	:VERIFIER_ASSIGNEDENTITY_ID,:VERIFIER_ASSIGNEDENTITY_NAME,:ANNOTION_TEXT,:ANNOTION_STATUS_CODE,:ANNOTION_AUTHOR_ID,
	:ANNOTION_AUTHOR_NAME,:ANNOTION_ORGANIZATION_ID,:ANNOTION_ORGANIZATION_NAME,:ENCOUNTER_ID,:DENOMINATOR,
	:EFFECTIVETIME_UNIT,:DOSE_QUANTITY_UNIT
)

参数值:
(String)    ORDER_ID = OBS001234
(String)    ORDER_TYPE_CODE = 01
(String)    TEXT = (空)
(String)    EFFECTIVETIME_HIGH = 20110203030303
(String)    EFFECTIVETIME_LOW = 20110202030303
(String)    EFFECTIVETIME_PERIOD = 8
(String)    ROUTE_CODE = 1
(String)    DOSE_QUANTITY = 20
(String)    NUMERTOR = 1
(String)    UNIT_CODE = 01
(String)    MEDICINE_NAME = 氢氯噻嗪
(String)    CAPACITY_QUANTITY = 1
(String)    PATIENT_ID = 123456789011
(String)    AUTHOR_TIME = 20120202030303
(String)    SIGNATURE_TEXT = 李医生
(String)    ASSIGNEDENTITY_ID = 120109197706015518
(String)    ASSIGNEDPERSON_NAME = 李医生
(String)    ORGANIZATION_ID = 1234567890
(String)    ORGANIZATION_NAME = 呼吸内科
(String)    VERIFIER_TIME = 20120202030303
(String)    VERIFIER_ASSIGNEDENTITY_ID = 120109197706015518
(String)    VERIFIER_ASSIGNEDENTITY_NAME = 王医生
(String)    ANNOTION_TEXT = 对下达医嘱的补充说明和注意事项提示
(String)    ANNOTION_STATUS_CODE = completed
(String)    ANNOTION_AUTHOR_ID = 120109197706015518
(String)    ANNOTION_AUTHOR_NAME = 李医生
(String)    ANNOTION_ORGANIZATION_ID = 1234567890
(String)    ANNOTION_ORGANIZATION_NAME = 呼吸内科
(String)    ENCOUNTER_ID = (空)
(String)    DENOMINATOR = 1
(String)    EFFECTIVETIME_UNIT = h
(String)    DOSE_QUANTITY_UNIT = mg
--------------------13:46:05.8088640--------------------
Insert Into IAI_OBSERVATION
(
	OBSERVATION_ID,OBSERVATION_TYPE,OBSERVATION_TEXT,EFFECTIVETIME_HIGH,EFFECTIVETIME_LOW,
	PRIORITYCODE,SPECIMEN_ID,RECORDTARGET,AUTHOR_TIME,SIGNATURETEXT,
	AUTHOR_ASSIGNEDENTITY_ID,ASSIGNEDPERSON_NAME,REPRESENTEDORGANIZATION_ID,REPRESENTEDORGANIZATION_NAME,VERIFIER_TIME,
	VERIFIER_SIGNATURETEXT,VERIFIER_ASSIGNEDENTITY_ID,VERIFIER_ASSIGNEDPERSON_NAME,GOAL_TEXT,GOAL_REASON,
	ANNOTATION_TEXT,ANNOTATION_AUTHOR_ID,ANNOTATION_AUTHOR_NAME,REPRESENTED_ORGANIZATION_ID,REPRESENTED_ORGANIZATION_NAME,
	ENCOUNTER_ID,ADDITIVE3,SPECIMEN_DESC,SPECIMEN_CODE,PRODUCTOF_TIME,
	SPECIMENPROCESSSTEP_TIME
)
Values
(
	:OBSERVATION_ID,:OBSERVATION_TYPE,:OBSERVATION_TEXT,:EFFECTIVETIME_HIGH,:EFFECTIVETIME_LOW,
	:PRIORITYCODE,:SPECIMEN_ID,:RECORDTARGET,:AUTHOR_TIME,:SIGNATURETEXT,
	:AUTHOR_ASSIGNEDENTITY_ID,:ASSIGNEDPERSON_NAME,:REPRESENTEDORGANIZATION_ID,:REPRESENTEDORGANIZATION_NAME,:VERIFIER_TIME,
	:VERIFIER_SIGNATURETEXT,:VERIFIER_ASSIGNEDENTITY_ID,:VERIFIER_ASSIGNEDPERSON_NAME,:GOAL_TEXT,:GOAL_REASON,
	:ANNOTATION_TEXT,:ANNOTATION_AUTHOR_ID,:ANNOTATION_AUTHOR_NAME,:REPRESENTED_ORGANIZATION_ID,:REPRESENTED_ORGANIZATION_NAME,
	:ENCOUNTER_ID,:ADDITIVE3,:SPECIMEN_DESC,:SPECIMEN_CODE,:PRODUCTOF_TIME,
	:SPECIMENPROCESSSTEP_TIME
)

参数值:
(String)    OBSERVATION_ID = HA2011021133666665
(String)    OBSERVATION_TYPE = (空)
(String)    OBSERVATION_TEXT = (空)
(String)    EFFECTIVETIME_HIGH = 20110202030303
(String)    EFFECTIVETIME_LOW = 20110202030303
(String)    PRIORITYCODE = R
(String)    SPECIMEN_ID = SP1234567890
(String)    RECORDTARGET = E10000000
(String)    AUTHOR_TIME = 20120202030303
(String)    SIGNATURETEXT = 李医生
(String)    AUTHOR_ASSIGNEDENTITY_ID = 120109197706015518
(String)    ASSIGNEDPERSON_NAME = 李医生
(String)    REPRESENTEDORGANIZATION_ID = 1234567890
(String)    REPRESENTEDORGANIZATION_NAME = 呼吸内科
(String)    VERIFIER_TIME = 20120202030303
(String)    VERIFIER_SIGNATURETEXT = 王医生
(String)    VERIFIER_ASSIGNEDENTITY_ID = 120109197706015518
(String)    VERIFIER_ASSIGNEDPERSON_NAME = 王医生
(String)    GOAL_TEXT = keep systolic blood pressure between 90 and 110 mm Hg.
(String)    GOAL_REASON = 对患者本次疾病相关的主要症状及其持续时间的描述
(String)    ANNOTATION_TEXT = 对下达申请单的补充说明和注意事项提示
(String)    ANNOTATION_AUTHOR_ID = 120109197706015518
(String)    ANNOTATION_AUTHOR_NAME = 李医生
(String)    REPRESENTED_ORGANIZATION_ID = 1234567890
(String)    REPRESENTED_ORGANIZATION_NAME = 呼吸内科
(String)    ENCOUNTER_ID = null
(String)    ADDITIVE3 = 福尔马林
(String)    SPECIMEN_DESC = 对受检标本状态的描述
(String)    SPECIMEN_CODE = (空)
(String)    PRODUCTOF_TIME = 20130303020404
(String)    SPECIMENPROCESSSTEP_TIME = 20130303040404
--------------------13:53:53.2045392--------------------
Insert Into IAI_MEDICAL_REGISTRATION
(
	ENCOUNTEREVENT_ID,TYPE_CODE,EFFECTIVE_TIME,ORIGINAL_TEXT,PATIENT_ID,
	PATIENT_NAME,CONSULTANT_ID,CONSULTANT_NAME,LOCATION_ID,LOCATION_NAME,
	ORGANIZATION_ID,MEDICAL_TYPE
)
Values
(
	:ENCOUNTEREVENT_ID,:TYPE_CODE,:EFFECTIVE_TIME,:ORIGINAL_TEXT,:PATIENT_ID,
	:PATIENT_NAME,:CONSULTANT_ID,:CONSULTANT_NAME,:LOCATION_ID,:LOCATION_NAME,
	:ORGANIZATION_ID,:MEDICAL_TYPE
)

参数值:
(String)    ENCOUNTEREVENT_ID = 就诊流水号ID
(String)    TYPE_CODE = 1
(String)    EFFECTIVE_TIME = 20130101
(String)    ORIGINAL_TEXT = 就诊原因的详细描述
(String)    PATIENT_ID = 6c798c4b-d4ce-4a66-82ec-5051a5b00000
(String)    PATIENT_NAME = 刘永好
(String)    CONSULTANT_ID = 001
(String)    CONSULTANT_NAME = 张医生
(String)    LOCATION_ID = 003
(String)    LOCATION_NAME = 妇产科
(String)    ORGANIZATION_ID = 68823369-9
(Decimal)   MEDICAL_TYPE = 1
--------------------13:56:30.2771365--------------------
Insert Into IAI_MEDICAL_REGISTRATION
(
	ENCOUNTEREVENT_ID,TYPE_CODE,EFFECTIVE_TIME,ORIGINAL_TEXT,PATIENT_ID,
	PATIENT_NAME,CONSULTANT_ID,CONSULTANT_NAME,LOCATION_ID,LOCATION_NAME,
	ORGANIZATION_ID,MEDICAL_TYPE
)
Values
(
	:ENCOUNTEREVENT_ID,:TYPE_CODE,:EFFECTIVE_TIME,:ORIGINAL_TEXT,:PATIENT_ID,
	:PATIENT_NAME,:CONSULTANT_ID,:CONSULTANT_NAME,:LOCATION_ID,:LOCATION_NAME,
	:ORGANIZATION_ID,:MEDICAL_TYPE
)

参数值:
(String)    ENCOUNTEREVENT_ID = 就诊流水号ID
(String)    TYPE_CODE = 1
(String)    EFFECTIVE_TIME = 20130101
(String)    ORIGINAL_TEXT = 就诊原因的详细描述
(String)    PATIENT_ID = 6c798c4b-d4ce-4a66-82ec-5051a5b00000
(String)    PATIENT_NAME = 刘永好
(String)    CONSULTANT_ID = 001
(String)    CONSULTANT_NAME = 张医生
(String)    LOCATION_ID = 003
(String)    LOCATION_NAME = 妇产科
(String)    ORGANIZATION_ID = 68823369-9
(Decimal)   MEDICAL_TYPE = 1
--------------------13:57:42.9138630--------------------
Insert Into IAI_MEDICAL_REGISTRATION
(
	ENCOUNTEREVENT_ID,TYPE_CODE,EFFECTIVE_TIME,ORIGINAL_TEXT,PATIENT_ID,
	PATIENT_NAME,CONSULTANT_ID,CONSULTANT_NAME,LOCATION_ID,LOCATION_NAME,
	ORGANIZATION_ID,MEDICAL_TYPE
)
Values
(
	:ENCOUNTEREVENT_ID,:TYPE_CODE,:EFFECTIVE_TIME,:ORIGINAL_TEXT,:PATIENT_ID,
	:PATIENT_NAME,:CONSULTANT_ID,:CONSULTANT_NAME,:LOCATION_ID,:LOCATION_NAME,
	:ORGANIZATION_ID,:MEDICAL_TYPE
)

参数值:
(String)    ENCOUNTEREVENT_ID = 123456
(String)    TYPE_CODE = 3
(String)    EFFECTIVE_TIME = 20130101
(String)    ORIGINAL_TEXT = 入院就诊原因的详细描述
(String)    PATIENT_ID = 6c798c4b-d4ce-4a66-82ec-5051a5b00000
(String)    PATIENT_NAME = 刘永好
(String)    CONSULTANT_ID = 001
(String)    CONSULTANT_NAME = 张医生
(String)    LOCATION_ID = 68823369-9-003
(String)    LOCATION_NAME = 妇产科
(String)    ORGANIZATION_ID = 68823369-9
(Decimal)   MEDICAL_TYPE = 3
--------------------14:02:27.7304020--------------------
Insert Into IAI_MEDICAL_REGISTRATION
(
	ENCOUNTEREVENT_ID,TYPE_CODE,EFFECTIVE_TIME,ORIGINAL_TEXT,PATIENT_ID,
	PATIENT_NAME,CONSULTANT_ID,CONSULTANT_NAME,LOCATION_ID,LOCATION_NAME,
	ORGANIZATION_ID,MEDICAL_TYPE
)
Values
(
	:ENCOUNTEREVENT_ID,:TYPE_CODE,:EFFECTIVE_TIME,:ORIGINAL_TEXT,:PATIENT_ID,
	:PATIENT_NAME,:CONSULTANT_ID,:CONSULTANT_NAME,:LOCATION_ID,:LOCATION_NAME,
	:ORGANIZATION_ID,:MEDICAL_TYPE
)

参数值:
(String)    ENCOUNTEREVENT_ID = 就诊流水号ID
(String)    TYPE_CODE = 3
(String)    EFFECTIVE_TIME = 20130101
(String)    ORIGINAL_TEXT = ICD-10诊断码
(String)    PATIENT_ID = 患者ID
(String)    PATIENT_NAME = 刘永好
(String)    CONSULTANT_ID = 001
(String)    CONSULTANT_NAME = 李医生
(String)    LOCATION_ID = null
(String)    LOCATION_NAME = null
(String)    ORGANIZATION_ID = null
(Decimal)   MEDICAL_TYPE = 0
--------------------16:41:31.5895950--------------------
Insert Into IAI_MEDICAL_REGISTRATION
(
	ENCOUNTEREVENT_ID,TYPE_CODE,EFFECTIVE_TIME,ORIGINAL_TEXT,PATIENT_ID,
	PATIENT_NAME,CONSULTANT_ID,CONSULTANT_NAME,LOCATION_ID,LOCATION_NAME,
	ORGANIZATION_ID,MEDICAL_TYPE
)
Values
(
	:ENCOUNTEREVENT_ID,:TYPE_CODE,:EFFECTIVE_TIME,:ORIGINAL_TEXT,:PATIENT_ID,
	:PATIENT_NAME,:CONSULTANT_ID,:CONSULTANT_NAME,:LOCATION_ID,:LOCATION_NAME,
	:ORGANIZATION_ID,:MEDICAL_TYPE
)

参数值:
(String)    ENCOUNTEREVENT_ID = 123456
(String)    TYPE_CODE = 3
(String)    EFFECTIVE_TIME = 20130101
(String)    ORIGINAL_TEXT = ICD-10诊断码
(String)    PATIENT_ID = 6c798c4b-d4ce-4a66-82ec-5051a5b00000
(String)    PATIENT_NAME = 刘永好
(String)    CONSULTANT_ID = 001
(String)    CONSULTANT_NAME = 李医生
(String)    LOCATION_ID = null
(String)    LOCATION_NAME = null
(String)    ORGANIZATION_ID = null
(Decimal)   MEDICAL_TYPE = 0
--------------------16:41:34.8651499--------------------
Insert Into IAI_MEDICAL_REGISTRATION
(
	ENCOUNTEREVENT_ID,TYPE_CODE,EFFECTIVE_TIME,ORIGINAL_TEXT,PATIENT_ID,
	PATIENT_NAME,CONSULTANT_ID,CONSULTANT_NAME,LOCATION_ID,LOCATION_NAME,
	ORGANIZATION_ID,MEDICAL_TYPE
)
Values
(
	:ENCOUNTEREVENT_ID,:TYPE_CODE,:EFFECTIVE_TIME,:ORIGINAL_TEXT,:PATIENT_ID,
	:PATIENT_NAME,:CONSULTANT_ID,:CONSULTANT_NAME,:LOCATION_ID,:LOCATION_NAME,
	:ORGANIZATION_ID,:MEDICAL_TYPE
)

参数值:
(String)    ENCOUNTEREVENT_ID = 123456
(String)    TYPE_CODE = 3
(String)    EFFECTIVE_TIME = 20130101
(String)    ORIGINAL_TEXT = 入院就诊原因的详细描述
(String)    PATIENT_ID = 6c798c4b-d4ce-4a66-82ec-5051a5b00000
(String)    PATIENT_NAME = 刘永好
(String)    CONSULTANT_ID = 001
(String)    CONSULTANT_NAME = 张医生
(String)    LOCATION_ID = 68823369-9-003
(String)    LOCATION_NAME = 妇产科
(String)    ORGANIZATION_ID = 68823369-9
(Decimal)   MEDICAL_TYPE = 3
--------------------16:41:56.9166294--------------------
Update IAI_PATIENT 
Set 
	PATIENT_ID = :PATIENT_ID,
	ID_NUMBER = :ID_NUMBER,
	NAME = :NAME,
	TELECOM = :TELECOM,
	GENDER_CODE = :GENDER_CODE,
	BIRTH_TIME = :BIRTH_TIME,
	STREET_ADDRESS_LINE = :STREET_ADDRESS_LINE,
	STATE = :STATE,
	CITY = :CITY,
	COUNTY = :COUNTY,
	STREET_NAME_BASE = :STREET_NAME_BASE,
	STREET_NAME = :STREET_NAME,
	HOUSE_NUMBER = :HOUSE_NUMBER,
	POSTAL_CODE = :POSTAL_CODE,
	MARITAL_STATUS_CODE = :MARITAL_STATUS_CODE,
	ETHNIC_GROUP_CODE = :ETHNIC_GROUP_CODE,
	OCCUPATION_CODE = :OCCUPATION_CODE,
	EMPLOYERORGANIZATION_NAME = :EMPLOYERORGANIZATION_NAME,
	EMPLOYERORGANIZATION_TELECOM = :EMPLOYERORGANIZATION_TELECOM,
	ASOTHERIDS_ID1 = :ASOTHERIDS_ID1,
	SCOPINGORGANIZATION_ID1 = :SCOPINGORGANIZATION_ID1,
	ASOTHERIDS_ID2 = :ASOTHERIDS_ID2,
	SCOPINGORGANIZATION_ID2 = :SCOPINGORGANIZATION_ID2,
	PERSONALRELATIONSHIP_CODE = :PERSONALRELATIONSHIP_CODE,
	PERSONALRELATIONSHIP_TELECOM = :PERSONALRELATIONSHIP_TELECOM,
	RELATIONSHIPHOLDER1_NAME = :RELATIONSHIPHOLDER1_NAME,
	PROVIDERORGANIZATION_ID = :PROVIDERORGANIZATION_ID,
	PROVIDERORGANIZATION_NAME = :PROVIDERORGANIZATION_NAME,
	BENEFICIARY_CODE = :BENEFICIARY_CODE
Where patient_id = :Original_patient_id

参数值:
(String)    PATIENT_ID = 患者ID1
(String)    ID_NUMBER = 患者ID1
(String)    NAME = 刘永好
(String)    TELECOM = 028-1234567
(String)    GENDER_CODE = 1
(String)    BIRTH_TIME = 19570323
(String)    STREET_ADDRESS_LINE = 四川省成都市双流县红沙村3号
(String)    STATE = 广东省
(String)    CITY = 广州市
(String)    COUNTY = 越秀区
(String)    STREET_NAME_BASE = 童心街
(String)    STREET_NAME = 下塘西路
(String)    HOUSE_NUMBER = 39号
(String)    POSTAL_CODE = 510000
(String)    MARITAL_STATUS_CODE = 10
(String)    ETHNIC_GROUP_CODE = 01
(String)    OCCUPATION_CODE = 13
(String)    EMPLOYERORGANIZATION_NAME = XXX学校
(String)    EMPLOYERORGANIZATION_TELECOM = 028-9999999
(String)    ASOTHERIDS_ID1 = 38273N237
(String)    SCOPINGORGANIZATION_ID1 = XXXXX
(String)    ASOTHERIDS_ID2 = 38273N237
(String)    SCOPINGORGANIZATION_ID2 = XXXXX
(String)    PERSONALRELATIONSHIP_CODE = (空)
(String)    PERSONALRELATIONSHIP_TELECOM = 028-8888888
(String)    RELATIONSHIPHOLDER1_NAME = 刘好
(String)    PROVIDERORGANIZATION_ID = XXXXX
(String)    PROVIDERORGANIZATION_NAME = 无锡中医院
(String)    BENEFICIARY_CODE = 1
(String)    Original_patient_id = 患者ID1
--------------------16:41:58.8746005--------------------
Update IAI_PATIENT 
Set 
	PATIENT_ID = :PATIENT_ID,
	ID_NUMBER = :ID_NUMBER,
	NAME = :NAME,
	TELECOM = :TELECOM,
	GENDER_CODE = :GENDER_CODE,
	BIRTH_TIME = :BIRTH_TIME,
	STREET_ADDRESS_LINE = :STREET_ADDRESS_LINE,
	STATE = :STATE,
	CITY = :CITY,
	COUNTY = :COUNTY,
	STREET_NAME_BASE = :STREET_NAME_BASE,
	STREET_NAME = :STREET_NAME,
	HOUSE_NUMBER = :HOUSE_NUMBER,
	POSTAL_CODE = :POSTAL_CODE,
	MARITAL_STATUS_CODE = :MARITAL_STATUS_CODE,
	ETHNIC_GROUP_CODE = :ETHNIC_GROUP_CODE,
	OCCUPATION_CODE = :OCCUPATION_CODE,
	EMPLOYERORGANIZATION_NAME = :EMPLOYERORGANIZATION_NAME,
	EMPLOYERORGANIZATION_TELECOM = :EMPLOYERORGANIZATION_TELECOM,
	ASOTHERIDS_ID1 = :ASOTHERIDS_ID1,
	SCOPINGORGANIZATION_ID1 = :SCOPINGORGANIZATION_ID1,
	ASOTHERIDS_ID2 = :ASOTHERIDS_ID2,
	SCOPINGORGANIZATION_ID2 = :SCOPINGORGANIZATION_ID2,
	PERSONALRELATIONSHIP_CODE = :PERSONALRELATIONSHIP_CODE,
	PERSONALRELATIONSHIP_TELECOM = :PERSONALRELATIONSHIP_TELECOM,
	RELATIONSHIPHOLDER1_NAME = :RELATIONSHIPHOLDER1_NAME,
	PROVIDERORGANIZATION_ID = :PROVIDERORGANIZATION_ID,
	PROVIDERORGANIZATION_NAME = :PROVIDERORGANIZATION_NAME,
	BENEFICIARY_CODE = :BENEFICIARY_CODE
Where patient_id = :Original_patient_id

参数值:
(String)    PATIENT_ID = 123123ID1231
(String)    ID_NUMBER = 123123ID1231
(String)    NAME = 刘永好
(String)    TELECOM = 028-1234567
(String)    GENDER_CODE = 1
(String)    BIRTH_TIME = 19570323
(String)    STREET_ADDRESS_LINE = 四川省成都市双流县红沙村3号
(String)    STATE = 广东省
(String)    CITY = 广州市
(String)    COUNTY = 越秀区
(String)    STREET_NAME_BASE = 童心街
(String)    STREET_NAME = 下塘西路
(String)    HOUSE_NUMBER = 39号
(String)    POSTAL_CODE = 510000
(String)    MARITAL_STATUS_CODE = 10
(String)    ETHNIC_GROUP_CODE = 01
(String)    OCCUPATION_CODE = 13
(String)    EMPLOYERORGANIZATION_NAME = XXX学校
(String)    EMPLOYERORGANIZATION_TELECOM = 028-9999999
(String)    ASOTHERIDS_ID1 = 38273N237
(String)    SCOPINGORGANIZATION_ID1 = XXXXX
(String)    ASOTHERIDS_ID2 = 38273N237
(String)    SCOPINGORGANIZATION_ID2 = XXXXX
(String)    PERSONALRELATIONSHIP_CODE = (空)
(String)    PERSONALRELATIONSHIP_TELECOM = 028-8888888
(String)    RELATIONSHIPHOLDER1_NAME = 刘好
(String)    PROVIDERORGANIZATION_ID = XXXXX
(String)    PROVIDERORGANIZATION_NAME = 无锡中医院
(String)    BENEFICIARY_CODE = 1
(String)    Original_patient_id = 123123ID1231
--------------------16:42:02.8885135--------------------
Delete From IAI_PATIENT 
Where patient_id = :Original_patient_id

参数值:
(String)    Original_patient_id = 患者ID
--------------------16:42:02.9255378--------------------
Update IAI_PATIENT 
Set 
	PATIENT_ID = :PATIENT_ID
Where patient_id = :Original_patient_id

参数值:
(String)    PATIENT_ID = 患者ID
(String)    Original_patient_id = 患者ID
--------------------16:42:08.8967466--------------------
Insert Into IAI_PROVIDER
(
	HEALTHCAREPROVIDER_ID,HEALTHCAREPROVIDER_CODE,EFFECTIVETIME_HIGH,EFFECTIVETIME_LOW,ID_NUMBER,
	NAME,GENDER_CODE,BIRTH_TIME,ORGANIZATION_ID,ORGANIZATION_NAME,
	BIRTH_PLACE
)
Values
(
	:HEALTHCAREPROVIDER_ID,:HEALTHCAREPROVIDER_CODE,:EFFECTIVETIME_HIGH,:EFFECTIVETIME_LOW,:ID_NUMBER,
	:NAME,:GENDER_CODE,:BIRTH_TIME,:ORGANIZATION_ID,:ORGANIZATION_NAME,
	:BIRTH_PLACE
)

参数值:
(String)    HEALTHCAREPROVIDER_ID = 120109197706015518
(String)    HEALTHCAREPROVIDER_CODE = 231
(String)    EFFECTIVETIME_HIGH = 20501231
(String)    EFFECTIVETIME_LOW = 20100101
(String)    ID_NUMBER = 120109197706015518
(String)    NAME = 李医生
(String)    GENDER_CODE = 1
(String)    BIRTH_TIME = 19570323
(String)    ORGANIZATION_ID = xxx12345-X
(String)    ORGANIZATION_NAME = 呼吸内科
(String)    BIRTH_PLACE = (空)
--------------------16:42:10.7269876--------------------
Update IAI_PROVIDER 
Set 
	HEALTHCAREPROVIDER_ID = :HEALTHCAREPROVIDER_ID,
	HEALTHCAREPROVIDER_CODE = :HEALTHCAREPROVIDER_CODE,
	EFFECTIVETIME_HIGH = :EFFECTIVETIME_HIGH,
	EFFECTIVETIME_LOW = :EFFECTIVETIME_LOW,
	ID_NUMBER = :ID_NUMBER,
	NAME = :NAME,
	GENDER_CODE = :GENDER_CODE,
	BIRTH_TIME = :BIRTH_TIME,
	ORGANIZATION_ID = :ORGANIZATION_ID,
	ORGANIZATION_NAME = :ORGANIZATION_NAME,
	BIRTH_PLACE = :BIRTH_PLACE
Where healthcareprovider_id = :Original_healthcareprovider_id

参数值:
(String)    HEALTHCAREPROVIDER_ID = 000060
(String)    HEALTHCAREPROVIDER_CODE = 231
(String)    EFFECTIVETIME_HIGH = 20501231
(String)    EFFECTIVETIME_LOW = 20100101
(String)    ID_NUMBER = 210103197503147654
(String)    NAME = 张泽辉
(String)    GENDER_CODE = 1
(String)    BIRTH_TIME = 19750314
(String)    ORGANIZATION_ID = 000061
(String)    ORGANIZATION_NAME = 呼吸内科
(String)    BIRTH_PLACE = 沈阳市和平区三好街
(String)    Original_healthcareprovider_id = 000060
--------------------16:42:12.6994176--------------------
Update IAI_PROVIDER 
Set 
	HEALTHCAREPROVIDER_ID = :HEALTHCAREPROVIDER_ID,
	HEALTHCAREPROVIDER_CODE = :HEALTHCAREPROVIDER_CODE,
	EFFECTIVETIME_HIGH = :EFFECTIVETIME_HIGH,
	EFFECTIVETIME_LOW = :EFFECTIVETIME_LOW,
	ID_NUMBER = :ID_NUMBER,
	NAME = :NAME,
	GENDER_CODE = :GENDER_CODE,
	BIRTH_TIME = :BIRTH_TIME,
	ORGANIZATION_ID = :ORGANIZATION_ID,
	ORGANIZATION_NAME = :ORGANIZATION_NAME,
	BIRTH_PLACE = :BIRTH_PLACE
Where healthcareprovider_id = :Original_healthcareprovider_id

参数值:
(String)    HEALTHCAREPROVIDER_ID = 000061
(String)    HEALTHCAREPROVIDER_CODE = 231
(String)    EFFECTIVETIME_HIGH = 20501231
(String)    EFFECTIVETIME_LOW = 20100101
(String)    ID_NUMBER = 210103197503147656
(String)    NAME = 杨泽辉
(String)    GENDER_CODE = 1
(String)    BIRTH_TIME = 19750314
(String)    ORGANIZATION_ID = 1060
(String)    ORGANIZATION_NAME = 呼吸内科
(String)    BIRTH_PLACE = 沈阳市和平区三好街
(String)    Original_healthcareprovider_id = 000061
--------------------16:42:20.3997203--------------------
Update IAI_ORGANIZATION 
Set 
	ORGANIZATION_ID = :ORGANIZATION_ID,
	ORGANIZATION_CODE = :ORGANIZATION_CODE,
	ROLE_NAME = :ROLE_NAME,
	ADDR = :ADDR,
	TELECOM = :TELECOM,
	EFFECTIVETIME_HIGH = :EFFECTIVETIME_HIGH,
	EFFECTIVETIME_LOW = :EFFECTIVETIME_LOW,
	NAME = :NAME,
	SCOPER2_ID = :SCOPER2_ID,
	SCOPER2_NAME = :SCOPER2_NAME
Where organization_id = :Original_organization_id

参数值:
(String)    ORGANIZATION_ID = 1234567890
(String)    ORGANIZATION_CODE = A03.01
(String)    ROLE_NAME = 呼吸内科1
(String)    ADDR = (空)
(String)    TELECOM = null
(String)    EFFECTIVETIME_HIGH = 20501231
(String)    EFFECTIVETIME_LOW = 20100101
(String)    NAME = 呼吸内科1病房
(String)    SCOPER2_ID = null
(String)    SCOPER2_NAME = null
(String)    Original_organization_id = 1234567890
--------------------16:42:22.2653138--------------------
Update IAI_ORGANIZATION 
Set 
	ORGANIZATION_ID = :ORGANIZATION_ID,
	ORGANIZATION_CODE = :ORGANIZATION_CODE,
	ROLE_NAME = :ROLE_NAME,
	ADDR = :ADDR,
	TELECOM = :TELECOM,
	EFFECTIVETIME_HIGH = :EFFECTIVETIME_HIGH,
	EFFECTIVETIME_LOW = :EFFECTIVETIME_LOW,
	NAME = :NAME,
	SCOPER2_ID = :SCOPER2_ID,
	SCOPER2_NAME = :SCOPER2_NAME
Where organization_id = :Original_organization_id

参数值:
(String)    ORGANIZATION_ID = 1234567890
(String)    ORGANIZATION_CODE = null
(String)    ROLE_NAME = 呼吸内科1
(String)    ADDR = (空)
(String)    TELECOM = null
(String)    EFFECTIVETIME_HIGH = 20501231
(String)    EFFECTIVETIME_LOW = 20100101
(String)    NAME = 呼吸内科1病房
(String)    SCOPER2_ID = null
(String)    SCOPER2_NAME = null
(String)    Original_organization_id = 1234567890
--------------------16:44:11.9235337--------------------
Insert Into IAI_ORGANIZATION
(
	ORGANIZATION_ID,ORGANIZATION_CODE,ROLE_NAME,ADDR,TELECOM,
	EFFECTIVETIME_HIGH,EFFECTIVETIME_LOW,NAME,SCOPER2_ID,SCOPER2_NAME
)
Values
(
	:ORGANIZATION_ID,:ORGANIZATION_CODE,:ROLE_NAME,:ADDR,:TELECOM,
	:EFFECTIVETIME_HIGH,:EFFECTIVETIME_LOW,:NAME,:SCOPER2_ID,:SCOPER2_NAME
)

参数值:
(String)    ORGANIZATION_ID = 1234567890
(String)    ORGANIZATION_CODE = A03.01
(String)    ROLE_NAME = 呼吸内科1
(String)    ADDR = (空)
(String)    TELECOM = null
(String)    EFFECTIVETIME_HIGH = 20501231
(String)    EFFECTIVETIME_LOW = 20100101
(String)    NAME = 呼吸内科1病房
(String)    SCOPER2_ID = 0234567890
(String)    SCOPER2_NAME = 内科
--------------------16:45:11.5216940--------------------
Insert Into IAI_PATIENT
(
	PATIENT_ID,ID_NUMBER,NAME,TELECOM,GENDER_CODE,
	BIRTH_TIME,STREET_ADDRESS_LINE,STATE,CITY,COUNTY,
	STREET_NAME_BASE,STREET_NAME,HOUSE_NUMBER,POSTAL_CODE,MARITAL_STATUS_CODE,
	ETHNIC_GROUP_CODE,OCCUPATION_CODE,EMPLOYERORGANIZATION_NAME,EMPLOYERORGANIZATION_TELECOM,ASOTHERIDS_ID1,
	SCOPINGORGANIZATION_ID1,ASOTHERIDS_ID2,SCOPINGORGANIZATION_ID2,PERSONALRELATIONSHIP_CODE,PERSONALRELATIONSHIP_TELECOM,
	RELATIONSHIPHOLDER1_NAME,PROVIDERORGANIZATION_ID,PROVIDERORGANIZATION_NAME,BENEFICIARY_CODE
)
Values
(
	:PATIENT_ID,:ID_NUMBER,:NAME,:TELECOM,:GENDER_CODE,
	:BIRTH_TIME,:STREET_ADDRESS_LINE,:STATE,:CITY,:COUNTY,
	:STREET_NAME_BASE,:STREET_NAME,:HOUSE_NUMBER,:POSTAL_CODE,:MARITAL_STATUS_CODE,
	:ETHNIC_GROUP_CODE,:OCCUPATION_CODE,:EMPLOYERORGANIZATION_NAME,:EMPLOYERORGANIZATION_TELECOM,:ASOTHERIDS_ID1,
	:SCOPINGORGANIZATION_ID1,:ASOTHERIDS_ID2,:SCOPINGORGANIZATION_ID2,:PERSONALRELATIONSHIP_CODE,:PERSONALRELATIONSHIP_TELECOM,
	:RELATIONSHIPHOLDER1_NAME,:PROVIDERORGANIZATION_ID,:PROVIDERORGANIZATION_NAME,:BENEFICIARY_CODE
)

参数值:
(String)    PATIENT_ID = 患者ID
(String)    ID_NUMBER = 患者ID
(String)    NAME = 刘永好
(String)    TELECOM = 028-2222444
(String)    GENDER_CODE = 1
(String)    BIRTH_TIME = 19570323
(String)    STREET_ADDRESS_LINE = 四川省成都市双流县红沙村3号
(String)    STATE = 广东省
(String)    CITY = 广州市
(String)    COUNTY = 越秀区
(String)    STREET_NAME_BASE = 童心街
(String)    STREET_NAME = 下塘西路
(String)    HOUSE_NUMBER = 39号
(String)    POSTAL_CODE = 510000
(String)    MARITAL_STATUS_CODE = 10
(String)    ETHNIC_GROUP_CODE = 01
(String)    OCCUPATION_CODE = 13
(String)    EMPLOYERORGANIZATION_NAME = XXX学校
(String)    EMPLOYERORGANIZATION_TELECOM = 028-9999999
(String)    ASOTHERIDS_ID1 = 12345678901234567
(String)    SCOPINGORGANIZATION_ID1 = 1234567890
(String)    ASOTHERIDS_ID2 = 12345678901234567
(String)    SCOPINGORGANIZATION_ID2 = 1234567890
(String)    PERSONALRELATIONSHIP_CODE = (空)
(String)    PERSONALRELATIONSHIP_TELECOM = 028-8888888
(String)    RELATIONSHIPHOLDER1_NAME = 刘好
(String)    PROVIDERORGANIZATION_ID = 1234567890
(String)    PROVIDERORGANIZATION_NAME = 无锡中医院
(String)    BENEFICIARY_CODE = 01
--------------------16:45:59.5919506--------------------
Update IAI_PATIENT 
Set 
	PATIENT_ID = :PATIENT_ID,
	ID_NUMBER = :ID_NUMBER,
	NAME = :NAME,
	TELECOM = :TELECOM,
	GENDER_CODE = :GENDER_CODE,
	BIRTH_TIME = :BIRTH_TIME,
	STREET_ADDRESS_LINE = :STREET_ADDRESS_LINE,
	STATE = :STATE,
	CITY = :CITY,
	COUNTY = :COUNTY,
	STREET_NAME_BASE = :STREET_NAME_BASE,
	STREET_NAME = :STREET_NAME,
	HOUSE_NUMBER = :HOUSE_NUMBER,
	POSTAL_CODE = :POSTAL_CODE,
	MARITAL_STATUS_CODE = :MARITAL_STATUS_CODE,
	ETHNIC_GROUP_CODE = :ETHNIC_GROUP_CODE,
	OCCUPATION_CODE = :OCCUPATION_CODE,
	EMPLOYERORGANIZATION_NAME = :EMPLOYERORGANIZATION_NAME,
	EMPLOYERORGANIZATION_TELECOM = :EMPLOYERORGANIZATION_TELECOM,
	ASOTHERIDS_ID1 = :ASOTHERIDS_ID1,
	SCOPINGORGANIZATION_ID1 = :SCOPINGORGANIZATION_ID1,
	ASOTHERIDS_ID2 = :ASOTHERIDS_ID2,
	SCOPINGORGANIZATION_ID2 = :SCOPINGORGANIZATION_ID2,
	PERSONALRELATIONSHIP_CODE = :PERSONALRELATIONSHIP_CODE,
	PERSONALRELATIONSHIP_TELECOM = :PERSONALRELATIONSHIP_TELECOM,
	RELATIONSHIPHOLDER1_NAME = :RELATIONSHIPHOLDER1_NAME,
	PROVIDERORGANIZATION_ID = :PROVIDERORGANIZATION_ID,
	PROVIDERORGANIZATION_NAME = :PROVIDERORGANIZATION_NAME,
	BENEFICIARY_CODE = :BENEFICIARY_CODE
Where patient_id = :Original_patient_id

参数值:
(String)    PATIENT_ID = 患者ID1
(String)    ID_NUMBER = 患者ID1
(String)    NAME = 刘永好
(String)    TELECOM = 028-1234567
(String)    GENDER_CODE = 1
(String)    BIRTH_TIME = 19570323
(String)    STREET_ADDRESS_LINE = 四川省成都市双流县红沙村3号
(String)    STATE = 广东省
(String)    CITY = 广州市
(String)    COUNTY = 越秀区
(String)    STREET_NAME_BASE = 童心街
(String)    STREET_NAME = 下塘西路
(String)    HOUSE_NUMBER = 39号
(String)    POSTAL_CODE = 510000
(String)    MARITAL_STATUS_CODE = 10
(String)    ETHNIC_GROUP_CODE = 01
(String)    OCCUPATION_CODE = 13
(String)    EMPLOYERORGANIZATION_NAME = XXX学校
(String)    EMPLOYERORGANIZATION_TELECOM = 028-9999999
(String)    ASOTHERIDS_ID1 = 38273N237
(String)    SCOPINGORGANIZATION_ID1 = XXXXX
(String)    ASOTHERIDS_ID2 = 38273N237
(String)    SCOPINGORGANIZATION_ID2 = XXXXX
(String)    PERSONALRELATIONSHIP_CODE = (空)
(String)    PERSONALRELATIONSHIP_TELECOM = 028-8888888
(String)    RELATIONSHIPHOLDER1_NAME = 刘好
(String)    PROVIDERORGANIZATION_ID = XXXXX
(String)    PROVIDERORGANIZATION_NAME = 无锡中医院
(String)    BENEFICIARY_CODE = 1
(String)    Original_patient_id = 患者ID1
--------------------16:47:47.8709645--------------------
Update IAI_PATIENT 
Set 
	PATIENT_ID = :PATIENT_ID,
	ID_NUMBER = :ID_NUMBER,
	NAME = :NAME,
	TELECOM = :TELECOM,
	GENDER_CODE = :GENDER_CODE,
	BIRTH_TIME = :BIRTH_TIME,
	STREET_ADDRESS_LINE = :STREET_ADDRESS_LINE,
	STATE = :STATE,
	CITY = :CITY,
	COUNTY = :COUNTY,
	STREET_NAME_BASE = :STREET_NAME_BASE,
	STREET_NAME = :STREET_NAME,
	HOUSE_NUMBER = :HOUSE_NUMBER,
	POSTAL_CODE = :POSTAL_CODE,
	MARITAL_STATUS_CODE = :MARITAL_STATUS_CODE,
	ETHNIC_GROUP_CODE = :ETHNIC_GROUP_CODE,
	OCCUPATION_CODE = :OCCUPATION_CODE,
	EMPLOYERORGANIZATION_NAME = :EMPLOYERORGANIZATION_NAME,
	EMPLOYERORGANIZATION_TELECOM = :EMPLOYERORGANIZATION_TELECOM,
	ASOTHERIDS_ID1 = :ASOTHERIDS_ID1,
	SCOPINGORGANIZATION_ID1 = :SCOPINGORGANIZATION_ID1,
	ASOTHERIDS_ID2 = :ASOTHERIDS_ID2,
	SCOPINGORGANIZATION_ID2 = :SCOPINGORGANIZATION_ID2,
	PERSONALRELATIONSHIP_CODE = :PERSONALRELATIONSHIP_CODE,
	PERSONALRELATIONSHIP_TELECOM = :PERSONALRELATIONSHIP_TELECOM,
	RELATIONSHIPHOLDER1_NAME = :RELATIONSHIPHOLDER1_NAME,
	PROVIDERORGANIZATION_ID = :PROVIDERORGANIZATION_ID,
	PROVIDERORGANIZATION_NAME = :PROVIDERORGANIZATION_NAME,
	BENEFICIARY_CODE = :BENEFICIARY_CODE
Where patient_id = :Original_patient_id

参数值:
(String)    PATIENT_ID = 患者ID
(String)    ID_NUMBER = 患者ID
(String)    NAME = 刘永好
(String)    TELECOM = 028-1234567
(String)    GENDER_CODE = 1
(String)    BIRTH_TIME = 19570323
(String)    STREET_ADDRESS_LINE = 四川省成都市双流县红沙村3号
(String)    STATE = 广东省
(String)    CITY = 广州市
(String)    COUNTY = 越秀区
(String)    STREET_NAME_BASE = 童心街
(String)    STREET_NAME = 下塘西路
(String)    HOUSE_NUMBER = 39号
(String)    POSTAL_CODE = 510000
(String)    MARITAL_STATUS_CODE = 10
(String)    ETHNIC_GROUP_CODE = 01
(String)    OCCUPATION_CODE = 13
(String)    EMPLOYERORGANIZATION_NAME = XXX学校
(String)    EMPLOYERORGANIZATION_TELECOM = 028-9999999
(String)    ASOTHERIDS_ID1 = 38273N237
(String)    SCOPINGORGANIZATION_ID1 = XXXXX
(String)    ASOTHERIDS_ID2 = 38273N237
(String)    SCOPINGORGANIZATION_ID2 = XXXXX
(String)    PERSONALRELATIONSHIP_CODE = (空)
(String)    PERSONALRELATIONSHIP_TELECOM = 028-8888888
(String)    RELATIONSHIPHOLDER1_NAME = 刘好
(String)    PROVIDERORGANIZATION_ID = XXXXX
(String)    PROVIDERORGANIZATION_NAME = 无锡中医院
(String)    BENEFICIARY_CODE = 1
(String)    Original_patient_id = 患者ID
