--------------------10:14:13.7091929--------------------
Insert Into IAI_PATIENT
(
	PATIENT_ID,ID_NUMBER,NAME,TELECOM,GENDER_CODE,
	BIRTH_TIME,STREET_ADDRESS_LINE,STATE,CITY,COUNTY,
	STREET_NAME_BASE,STREET_NAME,HOUSE_NUMBER,POSTAL_CODE,MARITAL_STATUS_CODE,
	ETHNIC_GROUP_CODE,OCCUPATION_CODE,EMPLOYERORGANIZATION_NAME,EMPLOYERORGANIZATION_TELECOM,ASOTHERIDS_ID1,
	SCOPINGORGANIZATION_ID1,ASOTHERIDS_ID2,SCOPINGORGANIZATION_ID2,PERSONALRELATIONSHIP_CODE,PERSONALRELATIONSHIP_TELECOM,
	RELATIONSHIPHOLDER1_NAME,PROVIDERORGANIZATION_ID,PROVIDERORGANIZATION_NAME,BENEFICIARY_CODE
)
Values
(
	:PATIENT_ID,:ID_NUMBER,:NAME,:TELECOM,:GENDER_CODE,
	:BIRTH_TIME,:STREET_ADDRESS_LINE,:STATE,:CITY,:COUNTY,
	:STREET_NAME_BASE,:STREET_NAME,:HOUSE_NUMBER,:POSTAL_CODE,:MARITAL_STATUS_CODE,
	:ETHNIC_GROUP_CODE,:OCCUPATION_CODE,:EMPLOYERORGANIZATION_NAME,:EMPLOYERORGANIZATION_TELECOM,:ASOTHERIDS_ID1,
	:SCOPINGORGANIZATION_ID1,:ASOTHERIDS_ID2,:SCOPINGORGANIZATION_ID2,:PERSONALRELATIONSHIP_CODE,:PERSONALRELATIONSHIP_TELECOM,
	:RELATIONSHIPHOLDER1_NAME,:PROVIDERORGANIZATION_ID,:PROVIDERORGANIZATION_NAME,:BENEFICIARY_CODE
)

参数值:
(String)    PATIENT_ID = 0000010374
(String)    ID_NUMBER = 0000010374
(String)    NAME = 刘淑俊
(String)    TELECOM = 028-6507157
(String)    GENDER_CODE = 1
(String)    BIRTH_TIME = 19570323
(String)    STREET_ADDRESS_LINE = 北京朝阳区黑庄户定西队
(String)    STATE = 北京
(String)    CITY = 北京
(String)    COUNTY = 朝阳区
(String)    STREET_NAME_BASE = 黑庄户
(String)    STREET_NAME = 定西队
(String)    HOUSE_NUMBER = 39号
(String)    POSTAL_CODE = 510000
(String)    MARITAL_STATUS_CODE = 10
(String)    ETHNIC_GROUP_CODE = 01
(String)    OCCUPATION_CODE = 13
(String)    EMPLOYERORGANIZATION_NAME = XXX学校
(String)    EMPLOYERORGANIZATION_TELECOM = 028-9999999
(String)    ASOTHERIDS_ID1 = 12345678901234567
(String)    SCOPINGORGANIZATION_ID1 = 1234567890
(String)    ASOTHERIDS_ID2 = 12345678901234567
(String)    SCOPINGORGANIZATION_ID2 = 1234567890
(String)    PERSONALRELATIONSHIP_CODE = (空)
(String)    PERSONALRELATIONSHIP_TELECOM = 13366075110
(String)    RELATIONSHIPHOLDER1_NAME = 郝书连
(String)    PROVIDERORGANIZATION_ID = 1234567890
(String)    PROVIDERORGANIZATION_NAME = 朝阳医院
(String)    BENEFICIARY_CODE = 01
--------------------10:26:57.5447369--------------------
Insert Into IAI_PATIENT
(
	PATIENT_ID,ID_NUMBER,NAME,TELECOM,GENDER_CODE,
	BIRTH_TIME,STREET_ADDRESS_LINE,STATE,CITY,COUNTY,
	STREET_NAME_BASE,STREET_NAME,HOUSE_NUMBER,POSTAL_CODE,MARITAL_STATUS_CODE,
	ETHNIC_GROUP_CODE,OCCUPATION_CODE,EMPLOYERORGANIZATION_NAME,EMPLOYERORGANIZATION_TELECOM,ASOTHERIDS_ID1,
	SCOPINGORGANIZATION_ID1,ASOTHERIDS_ID2,SCOPINGORGANIZATION_ID2,PERSONALRELATIONSHIP_CODE,PERSONALRELATIONSHIP_TELECOM,
	RELATIONSHIPHOLDER1_NAME,PROVIDERORGANIZATION_ID,PROVIDERORGANIZATION_NAME,BENEFICIARY_CODE
)
Values
(
	:PATIENT_ID,:ID_NUMBER,:NAME,:TELECOM,:GENDER_CODE,
	:BIRTH_TIME,:STREET_ADDRESS_LINE,:STATE,:CITY,:COUNTY,
	:STREET_NAME_BASE,:STREET_NAME,:HOUSE_NUMBER,:POSTAL_CODE,:MARITAL_STATUS_CODE,
	:ETHNIC_GROUP_CODE,:OCCUPATION_CODE,:EMPLOYERORGANIZATION_NAME,:EMPLOYERORGANIZATION_TELECOM,:ASOTHERIDS_ID1,
	:SCOPINGORGANIZATION_ID1,:ASOTHERIDS_ID2,:SCOPINGORGANIZATION_ID2,:PERSONALRELATIONSHIP_CODE,:PERSONALRELATIONSHIP_TELECOM,
	:RELATIONSHIPHOLDER1_NAME,:PROVIDERORGANIZATION_ID,:PROVIDERORGANIZATION_NAME,:BENEFICIARY_CODE
)

参数值:
(String)    PATIENT_ID = 0000010379
(String)    ID_NUMBER = 0000010379
(String)    NAME = 荣明姝
(String)    TELECOM = 13366075110
(String)    GENDER_CODE = 1
(String)    BIRTH_TIME = 19570323
(String)    STREET_ADDRESS_LINE = 朝阳区管庄周井大院15号楼
(String)    STATE = 北京
(String)    CITY = 北京
(String)    COUNTY = 朝阳区
(String)    STREET_NAME_BASE = 管庄
(String)    STREET_NAME = 周井大院
(String)    HOUSE_NUMBER = 15号楼
(String)    POSTAL_CODE = 510000
(String)    MARITAL_STATUS_CODE = 10
(String)    ETHNIC_GROUP_CODE = 01
(String)    OCCUPATION_CODE = 13
(String)    EMPLOYERORGANIZATION_NAME = XXX学校
(String)    EMPLOYERORGANIZATION_TELECOM = 028-9999999
(String)    ASOTHERIDS_ID1 = 12345678901234567
(String)    SCOPINGORGANIZATION_ID1 = 1234567890
(String)    ASOTHERIDS_ID2 = 12345678901234567
(String)    SCOPINGORGANIZATION_ID2 = 1234567890
(String)    PERSONALRELATIONSHIP_CODE = (空)
(String)    PERSONALRELATIONSHIP_TELECOM = 13366075110
(String)    RELATIONSHIPHOLDER1_NAME = 刘瑞芝
(String)    PROVIDERORGANIZATION_ID = 1234567890
(String)    PROVIDERORGANIZATION_NAME = 朝阳医院
(String)    BENEFICIARY_CODE = 01
--------------------10:31:59.0036770--------------------
Insert Into IAI_PATIENT
(
	PATIENT_ID,ID_NUMBER,NAME,TELECOM,GENDER_CODE,
	BIRTH_TIME,STREET_ADDRESS_LINE,STATE,CITY,COUNTY,
	STREET_NAME_BASE,STREET_NAME,HOUSE_NUMBER,POSTAL_CODE,MARITAL_STATUS_CODE,
	ETHNIC_GROUP_CODE,OCCUPATION_CODE,EMPLOYERORGANIZATION_NAME,EMPLOYERORGANIZATION_TELECOM,ASOTHERIDS_ID1,
	SCOPINGORGANIZATION_ID1,ASOTHERIDS_ID2,SCOPINGORGANIZATION_ID2,PERSONALRELATIONSHIP_CODE,PERSONALRELATIONSHIP_TELECOM,
	RELATIONSHIPHOLDER1_NAME,PROVIDERORGANIZATION_ID,PROVIDERORGANIZATION_NAME,BENEFICIARY_CODE
)
Values
(
	:PATIENT_ID,:ID_NUMBER,:NAME,:TELECOM,:GENDER_CODE,
	:BIRTH_TIME,:STREET_ADDRESS_LINE,:STATE,:CITY,:COUNTY,
	:STREET_NAME_BASE,:STREET_NAME,:HOUSE_NUMBER,:POSTAL_CODE,:MARITAL_STATUS_CODE,
	:ETHNIC_GROUP_CODE,:OCCUPATION_CODE,:EMPLOYERORGANIZATION_NAME,:EMPLOYERORGANIZATION_TELECOM,:ASOTHERIDS_ID1,
	:SCOPINGORGANIZATION_ID1,:ASOTHERIDS_ID2,:SCOPINGORGANIZATION_ID2,:PERSONALRELATIONSHIP_CODE,:PERSONALRELATIONSHIP_TELECOM,
	:RELATIONSHIPHOLDER1_NAME,:PROVIDERORGANIZATION_ID,:PROVIDERORGANIZATION_NAME,:BENEFICIARY_CODE
)

参数值:
(String)    PATIENT_ID = 0000010372
(String)    ID_NUMBER = 0000010372
(String)    NAME = 张体光
(String)    TELECOM = 028-6507157
(String)    GENDER_CODE = 1
(String)    BIRTH_TIME = 19570323
(String)    STREET_ADDRESS_LINE = 天津市宝坻区口东南王村
(String)    STATE = 天津市
(String)    CITY = 天津市
(String)    COUNTY = 宝坻区
(String)    STREET_NAME_BASE = 口东南王村
(String)    STREET_NAME = 口东南王村
(String)    HOUSE_NUMBER = 39号
(String)    POSTAL_CODE = 510000
(String)    MARITAL_STATUS_CODE = 10
(String)    ETHNIC_GROUP_CODE = 01
(String)    OCCUPATION_CODE = 13
(String)    EMPLOYERORGANIZATION_NAME = XXX学校
(String)    EMPLOYERORGANIZATION_TELECOM = 028-9999999
(String)    ASOTHERIDS_ID1 = 12345678901234567
(String)    SCOPINGORGANIZATION_ID1 = 1234567890
(String)    ASOTHERIDS_ID2 = 12345678901234567
(String)    SCOPINGORGANIZATION_ID2 = 1234567890
(String)    PERSONALRELATIONSHIP_CODE = (空)
(String)    PERSONALRELATIONSHIP_TELECOM = 13366075110
(String)    RELATIONSHIPHOLDER1_NAME = 张宾
(String)    PROVIDERORGANIZATION_ID = 1234567890
(String)    PROVIDERORGANIZATION_NAME = 朝阳医院
(String)    BENEFICIARY_CODE = 01
--------------------10:39:01.6668134--------------------
Update IAI_PATIENT 
Set 
	PATIENT_ID = :PATIENT_ID,
	ID_NUMBER = :ID_NUMBER,
	NAME = :NAME,
	TELECOM = :TELECOM,
	GENDER_CODE = :GENDER_CODE,
	BIRTH_TIME = :BIRTH_TIME,
	STREET_ADDRESS_LINE = :STREET_ADDRESS_LINE,
	STATE = :STATE,
	CITY = :CITY,
	COUNTY = :COUNTY,
	STREET_NAME_BASE = :STREET_NAME_BASE,
	STREET_NAME = :STREET_NAME,
	HOUSE_NUMBER = :HOUSE_NUMBER,
	POSTAL_CODE = :POSTAL_CODE,
	MARITAL_STATUS_CODE = :MARITAL_STATUS_CODE,
	ETHNIC_GROUP_CODE = :ETHNIC_GROUP_CODE,
	OCCUPATION_CODE = :OCCUPATION_CODE,
	EMPLOYERORGANIZATION_NAME = :EMPLOYERORGANIZATION_NAME,
	EMPLOYERORGANIZATION_TELECOM = :EMPLOYERORGANIZATION_TELECOM,
	ASOTHERIDS_ID1 = :ASOTHERIDS_ID1,
	SCOPINGORGANIZATION_ID1 = :SCOPINGORGANIZATION_ID1,
	ASOTHERIDS_ID2 = :ASOTHERIDS_ID2,
	SCOPINGORGANIZATION_ID2 = :SCOPINGORGANIZATION_ID2,
	PERSONALRELATIONSHIP_CODE = :PERSONALRELATIONSHIP_CODE,
	PERSONALRELATIONSHIP_TELECOM = :PERSONALRELATIONSHIP_TELECOM,
	RELATIONSHIPHOLDER1_NAME = :RELATIONSHIPHOLDER1_NAME,
	PROVIDERORGANIZATION_ID = :PROVIDERORGANIZATION_ID,
	PROVIDERORGANIZATION_NAME = :PROVIDERORGANIZATION_NAME,
	BENEFICIARY_CODE = :BENEFICIARY_CODE
Where patient_id = :Original_patient_id

参数值:
(String)    PATIENT_ID = 0000010372
(String)    ID_NUMBER = 0000010372
(String)    NAME = 张体光
(String)    TELECOM = 13810139065
(String)    GENDER_CODE = 1
(String)    BIRTH_TIME = 19570323
(String)    STREET_ADDRESS_LINE = 四川省成都市双流县红沙村3号
(String)    STATE = 广东省
(String)    CITY = 广州市
(String)    COUNTY = 越秀区
(String)    STREET_NAME_BASE = 童心街
(String)    STREET_NAME = 下塘西路
(String)    HOUSE_NUMBER = 39号
(String)    POSTAL_CODE = 510000
(String)    MARITAL_STATUS_CODE = 10
(String)    ETHNIC_GROUP_CODE = 01
(String)    OCCUPATION_CODE = 13
(String)    EMPLOYERORGANIZATION_NAME = XXX学校
(String)    EMPLOYERORGANIZATION_TELECOM = 028-9999999
(String)    ASOTHERIDS_ID1 = 12345678901234567
(String)    SCOPINGORGANIZATION_ID1 = 1234567890
(String)    ASOTHERIDS_ID2 = 12345678901234567
(String)    SCOPINGORGANIZATION_ID2 = 1234567890
(String)    PERSONALRELATIONSHIP_CODE = (空)
(String)    PERSONALRELATIONSHIP_TELECOM = 028-8888888
(String)    RELATIONSHIPHOLDER1_NAME = 刘好
(String)    PROVIDERORGANIZATION_ID = 1234567890
(String)    PROVIDERORGANIZATION_NAME = 无锡中医院
(String)    BENEFICIARY_CODE = 01
(String)    Original_patient_id = 0000010372
--------------------14:20:57.6751103--------------------
Insert Into IAI_PROVIDER
(
	HEALTHCAREPROVIDER_ID,HEALTHCAREPROVIDER_CODE,EFFECTIVETIME_HIGH,EFFECTIVETIME_LOW,ID_NUMBER,
	NAME,GENDER_CODE,BIRTH_TIME,ORGANIZATION_ID,ORGANIZATION_NAME,
	BIRTH_PLACE
)
Values
(
	:HEALTHCAREPROVIDER_ID,:HEALTHCAREPROVIDER_CODE,:EFFECTIVETIME_HIGH,:EFFECTIVETIME_LOW,:ID_NUMBER,
	:NAME,:GENDER_CODE,:BIRTH_TIME,:ORGANIZATION_ID,:ORGANIZATION_NAME,
	:BIRTH_PLACE
)

参数值:
(String)    HEALTHCAREPROVIDER_ID = 000959
(String)    HEALTHCAREPROVIDER_CODE = 231
(String)    EFFECTIVETIME_HIGH = 20180201
(String)    EFFECTIVETIME_LOW = 20130116
(String)    ID_NUMBER = 210103197503147655
(String)    NAME = 秦建民
(String)    GENDER_CODE = 1
(String)    BIRTH_TIME = 19750314
(String)    ORGANIZATION_ID = 000061
(String)    ORGANIZATION_NAME = 呼吸内科
(String)    BIRTH_PLACE = 沈阳市和平区三好街
--------------------14:25:51.1628984--------------------
Insert Into IAI_PROVIDER
(
	HEALTHCAREPROVIDER_ID,HEALTHCAREPROVIDER_CODE,EFFECTIVETIME_HIGH,EFFECTIVETIME_LOW,ID_NUMBER,
	NAME,GENDER_CODE,BIRTH_TIME,ORGANIZATION_ID,ORGANIZATION_NAME,
	BIRTH_PLACE
)
Values
(
	:HEALTHCAREPROVIDER_ID,:HEALTHCAREPROVIDER_CODE,:EFFECTIVETIME_HIGH,:EFFECTIVETIME_LOW,:ID_NUMBER,
	:NAME,:GENDER_CODE,:BIRTH_TIME,:ORGANIZATION_ID,:ORGANIZATION_NAME,
	:BIRTH_PLACE
)

参数值:
(String)    HEALTHCAREPROVIDER_ID = 001414
(String)    HEALTHCAREPROVIDER_CODE = 231
(String)    EFFECTIVETIME_HIGH = 20200201
(String)    EFFECTIVETIME_LOW = 20130116
(String)    ID_NUMBER = 210103197503147655
(String)    NAME = 付秀芹
(String)    GENDER_CODE = 2
(String)    BIRTH_TIME = 19750314
(String)    ORGANIZATION_ID = 000061
(String)    ORGANIZATION_NAME = 呼吸内科
(String)    BIRTH_PLACE = 朝阳区白家庄东里
--------------------14:35:05.5898755--------------------
Insert Into IAI_PROVIDER
(
	HEALTHCAREPROVIDER_ID,HEALTHCAREPROVIDER_CODE,EFFECTIVETIME_HIGH,EFFECTIVETIME_LOW,ID_NUMBER,
	NAME,GENDER_CODE,BIRTH_TIME,ORGANIZATION_ID,ORGANIZATION_NAME,
	BIRTH_PLACE
)
Values
(
	:HEALTHCAREPROVIDER_ID,:HEALTHCAREPROVIDER_CODE,:EFFECTIVETIME_HIGH,:EFFECTIVETIME_LOW,:ID_NUMBER,
	:NAME,:GENDER_CODE,:BIRTH_TIME,:ORGANIZATION_ID,:ORGANIZATION_NAME,
	:BIRTH_PLACE
)

参数值:
(String)    HEALTHCAREPROVIDER_ID = 001927
(String)    HEALTHCAREPROVIDER_CODE = 235
(String)    EFFECTIVETIME_HIGH = 20180201
(String)    EFFECTIVETIME_LOW = 20130116
(String)    ID_NUMBER = 210103197503147655
(String)    NAME = 杨宝华
(String)    GENDER_CODE = 1
(String)    BIRTH_TIME = 19750314
(String)    ORGANIZATION_ID = 000061
(String)    ORGANIZATION_NAME = 呼吸内科
(String)    BIRTH_PLACE = 沈阳市和平区三好街
--------------------14:38:15.3866388--------------------
Insert Into IAI_PROVIDER
(
	HEALTHCAREPROVIDER_ID,HEALTHCAREPROVIDER_CODE,EFFECTIVETIME_HIGH,EFFECTIVETIME_LOW,ID_NUMBER,
	NAME,GENDER_CODE,BIRTH_TIME,ORGANIZATION_ID,ORGANIZATION_NAME,
	BIRTH_PLACE
)
Values
(
	:HEALTHCAREPROVIDER_ID,:HEALTHCAREPROVIDER_CODE,:EFFECTIVETIME_HIGH,:EFFECTIVETIME_LOW,:ID_NUMBER,
	:NAME,:GENDER_CODE,:BIRTH_TIME,:ORGANIZATION_ID,:ORGANIZATION_NAME,
	:BIRTH_PLACE
)

参数值:
(String)    HEALTHCAREPROVIDER_ID = 004886
(String)    HEALTHCAREPROVIDER_CODE = 231
(String)    EFFECTIVETIME_HIGH = 20180201
(String)    EFFECTIVETIME_LOW = 20130116
(String)    ID_NUMBER = 210103197503147655
(String)    NAME = 周琪
(String)    GENDER_CODE = 1
(String)    BIRTH_TIME = 19750314
(String)    ORGANIZATION_ID = 000061
(String)    ORGANIZATION_NAME = 呼吸内科
(String)    BIRTH_PLACE = 沈阳市和平区三好街
--------------------14:38:34.4051638--------------------
Insert Into IAI_PROVIDER
(
	HEALTHCAREPROVIDER_ID,HEALTHCAREPROVIDER_CODE,EFFECTIVETIME_HIGH,EFFECTIVETIME_LOW,ID_NUMBER,
	NAME,GENDER_CODE,BIRTH_TIME,ORGANIZATION_ID,ORGANIZATION_NAME,
	BIRTH_PLACE
)
Values
(
	:HEALTHCAREPROVIDER_ID,:HEALTHCAREPROVIDER_CODE,:EFFECTIVETIME_HIGH,:EFFECTIVETIME_LOW,:ID_NUMBER,
	:NAME,:GENDER_CODE,:BIRTH_TIME,:ORGANIZATION_ID,:ORGANIZATION_NAME,
	:BIRTH_PLACE
)

参数值:
(String)    HEALTHCAREPROVIDER_ID = 001341
(String)    HEALTHCAREPROVIDER_CODE = 231
(String)    EFFECTIVETIME_HIGH = 20180201
(String)    EFFECTIVETIME_LOW = 20130116
(String)    ID_NUMBER = 210103197503147655
(String)    NAME = 赵仲骧
(String)    GENDER_CODE = 1
(String)    BIRTH_TIME = 19750314
(String)    ORGANIZATION_ID = 000061
(String)    ORGANIZATION_NAME = 呼吸内科
(String)    BIRTH_PLACE = 沈阳市和平区三好街
