--------------------09:56:08.3980726--------------------
Insert Into IAI_ORGANIZATION
(
	ORGANIZATION_ID,ORGANIZATION_CODE,ROLE_NAME,ADDR,TELECOM,
	EFFECTIVETIME_HIGH,EFFECTIVETIME_LOW,NAME,SCOPER2_ID,SCOPER2_NAME
)
Values
(
	:ORGANIZATION_ID,:ORGANIZATION_CODE,:ROLE_NAME,:ADDR,:TELECOM,
	:EFFECTIVETIME_HIGH,:EFFECTIVETIME_LOW,:NAME,:SCOPER2_ID,:SCOPER2_NAME
)

参数值:
(String)    ORGANIZATION_ID = 000061
(String)    ORGANIZATION_CODE = A05.01
(String)    ROLE_NAME = 第二妇科
(String)    ADDR = 北京市朝阳区工体南路8号
(String)    TELECOM = 85231000
(String)    EFFECTIVETIME_HIGH = 20200201
(String)    EFFECTIVETIME_LOW = 20120201
(String)    NAME = 第二妇科病房
(String)    SCOPER2_ID = 0231
(String)    SCOPER2_NAME = 妇科
--------------------09:56:24.2573255--------------------
Insert Into IAI_ORGANIZATION
(
	ORGANIZATION_ID,ORGANIZATION_CODE,ROLE_NAME,ADDR,TELECOM,
	EFFECTIVETIME_HIGH,EFFECTIVETIME_LOW,NAME,SCOPER2_ID,SCOPER2_NAME
)
Values
(
	:ORGANIZATION_ID,:ORGANIZATION_CODE,:ROLE_NAME,:ADDR,:TELECOM,
	:EFFECTIVETIME_HIGH,:EFFECTIVETIME_LOW,:NAME,:SCOPER2_ID,:SCOPER2_NAME
)

参数值:
(String)    ORGANIZATION_ID = 000021
(String)    ORGANIZATION_CODE = A04
(String)    ROLE_NAME = 外科
(String)    ADDR = 北京市朝阳区工体南路8号
(String)    TELECOM = 85231000
(String)    EFFECTIVETIME_HIGH = 20200201
(String)    EFFECTIVETIME_LOW = 20120201
(String)    NAME = 外科三病房
(String)    SCOPER2_ID = 1231
(String)    SCOPER2_NAME = 外科
--------------------09:56:40.3714072--------------------
Insert Into IAI_ORGANIZATION
(
	ORGANIZATION_ID,ORGANIZATION_CODE,ROLE_NAME,ADDR,TELECOM,
	EFFECTIVETIME_HIGH,EFFECTIVETIME_LOW,NAME,SCOPER2_ID,SCOPER2_NAME
)
Values
(
	:ORGANIZATION_ID,:ORGANIZATION_CODE,:ROLE_NAME,:ADDR,:TELECOM,
	:EFFECTIVETIME_HIGH,:EFFECTIVETIME_LOW,:NAME,:SCOPER2_ID,:SCOPER2_NAME
)

参数值:
(String)    ORGANIZATION_ID = 000161
(String)    ORGANIZATION_CODE = A04.05
(String)    ROLE_NAME = 胸外科一科室
(String)    ADDR = 北京市朝阳区工体南路8号
(String)    TELECOM = 85231000
(String)    EFFECTIVETIME_HIGH = 20200201
(String)    EFFECTIVETIME_LOW = 20120201
(String)    NAME = 第二胸外科病房
(String)    SCOPER2_ID = 0331
(String)    SCOPER2_NAME = 胸外科
--------------------10:32:08.6189338--------------------
Insert Into IAI_ORDER
(
	ORDER_ID,ORDER_TYPE_CODE,TEXT,EFFECTIVETIME_HIGH,EFFECTIVETIME_LOW,
	EFFECTIVETIME_PERIOD,ROUTE_CODE,DOSE_QUANTITY,NUMERTOR,UNIT_CODE,
	MEDICINE_NAME,CAPACITY_QUANTITY,PATIENT_ID,AUTHOR_TIME,SIGNATURE_TEXT,
	ASSIGNEDENTITY_ID,ASSIGNEDPERSON_NAME,ORGANIZATION_ID,ORGANIZATION_NAME,VERIFIER_TIME,
	VERIFIER_ASSIGNEDENTITY_ID,VERIFIER_ASSIGNEDENTITY_NAME,ANNOTION_TEXT,ANNOTION_STATUS_CODE,ANNOTION_AUTHOR_ID,
	ANNOTION_AUTHOR_NAME,ANNOTION_ORGANIZATION_ID,ANNOTION_ORGANIZATION_NAME,ENCOUNTER_ID,DENOMINATOR,
	EFFECTIVETIME_UNIT,DOSE_QUANTITY_UNIT
)
Values
(
	:ORDER_ID,:ORDER_TYPE_CODE,:TEXT,:EFFECTIVETIME_HIGH,:EFFECTIVETIME_LOW,
	:EFFECTIVETIME_PERIOD,:ROUTE_CODE,:DOSE_QUANTITY,:NUMERTOR,:UNIT_CODE,
	:MEDICINE_NAME,:CAPACITY_QUANTITY,:PATIENT_ID,:AUTHOR_TIME,:SIGNATURE_TEXT,
	:ASSIGNEDENTITY_ID,:ASSIGNEDPERSON_NAME,:ORGANIZATION_ID,:ORGANIZATION_NAME,:VERIFIER_TIME,
	:VERIFIER_ASSIGNEDENTITY_ID,:VERIFIER_ASSIGNEDENTITY_NAME,:ANNOTION_TEXT,:ANNOTION_STATUS_CODE,:ANNOTION_AUTHOR_ID,
	:ANNOTION_AUTHOR_NAME,:ANNOTION_ORGANIZATION_ID,:ANNOTION_ORGANIZATION_NAME,:ENCOUNTER_ID,:DENOMINATOR,
	:EFFECTIVETIME_UNIT,:DOSE_QUANTITY_UNIT
)

参数值:
(String)    ORDER_ID = OBS00AO09KQ
(String)    ORDER_TYPE_CODE = 01
(String)    TEXT = (空)
(String)    EFFECTIVETIME_HIGH = 20110203030303
(String)    EFFECTIVETIME_LOW = 20110202030303
(String)    EFFECTIVETIME_PERIOD = 8
(String)    ROUTE_CODE = 1
(String)    DOSE_QUANTITY = 20
(String)    NUMERTOR = 1
(String)    UNIT_CODE = 01
(String)    MEDICINE_NAME = 氢氯噻嗪
(String)    CAPACITY_QUANTITY = 1
(String)    PATIENT_ID = 123456789011
(String)    AUTHOR_TIME = 20120202030303
(String)    SIGNATURE_TEXT = 李医生
(String)    ASSIGNEDENTITY_ID = 120109197706015518
(String)    ASSIGNEDPERSON_NAME = 李医生
(String)    ORGANIZATION_ID = 1234567890
(String)    ORGANIZATION_NAME = 呼吸内科
(String)    VERIFIER_TIME = 20120202030303
(String)    VERIFIER_ASSIGNEDENTITY_ID = 120109197706015518
(String)    VERIFIER_ASSIGNEDENTITY_NAME = 王医生
(String)    ANNOTION_TEXT = 对下达医嘱的补充说明和注意事项提示
(String)    ANNOTION_STATUS_CODE = completed
(String)    ANNOTION_AUTHOR_ID = 120109197706015518
(String)    ANNOTION_AUTHOR_NAME = 李医生
(String)    ANNOTION_ORGANIZATION_ID = 1234567890
(String)    ANNOTION_ORGANIZATION_NAME = 呼吸内科
(String)    ENCOUNTER_ID = (空)
(String)    DENOMINATOR = 1
(String)    EFFECTIVETIME_UNIT = h
(String)    DOSE_QUANTITY_UNIT = mg
--------------------10:33:05.1496575--------------------
Insert Into IAI_ORDER
(
	ORDER_ID,ORDER_TYPE_CODE,TEXT,EFFECTIVETIME_HIGH,EFFECTIVETIME_LOW,
	EFFECTIVETIME_PERIOD,ROUTE_CODE,DOSE_QUANTITY,NUMERTOR,UNIT_CODE,
	MEDICINE_NAME,CAPACITY_QUANTITY,PATIENT_ID,AUTHOR_TIME,SIGNATURE_TEXT,
	ASSIGNEDENTITY_ID,ASSIGNEDPERSON_NAME,ORGANIZATION_ID,ORGANIZATION_NAME,VERIFIER_TIME,
	VERIFIER_ASSIGNEDENTITY_ID,VERIFIER_ASSIGNEDENTITY_NAME,ANNOTION_TEXT,ANNOTION_STATUS_CODE,ANNOTION_AUTHOR_ID,
	ANNOTION_AUTHOR_NAME,ANNOTION_ORGANIZATION_ID,ANNOTION_ORGANIZATION_NAME,ENCOUNTER_ID,DENOMINATOR,
	EFFECTIVETIME_UNIT,DOSE_QUANTITY_UNIT
)
Values
(
	:ORDER_ID,:ORDER_TYPE_CODE,:TEXT,:EFFECTIVETIME_HIGH,:EFFECTIVETIME_LOW,
	:EFFECTIVETIME_PERIOD,:ROUTE_CODE,:DOSE_QUANTITY,:NUMERTOR,:UNIT_CODE,
	:MEDICINE_NAME,:CAPACITY_QUANTITY,:PATIENT_ID,:AUTHOR_TIME,:SIGNATURE_TEXT,
	:ASSIGNEDENTITY_ID,:ASSIGNEDPERSON_NAME,:ORGANIZATION_ID,:ORGANIZATION_NAME,:VERIFIER_TIME,
	:VERIFIER_ASSIGNEDENTITY_ID,:VERIFIER_ASSIGNEDENTITY_NAME,:ANNOTION_TEXT,:ANNOTION_STATUS_CODE,:ANNOTION_AUTHOR_ID,
	:ANNOTION_AUTHOR_NAME,:ANNOTION_ORGANIZATION_ID,:ANNOTION_ORGANIZATION_NAME,:ENCOUNTER_ID,:DENOMINATOR,
	:EFFECTIVETIME_UNIT,:DOSE_QUANTITY_UNIT
)

参数值:
(String)    ORDER_ID = OB9L2R34
(String)    ORDER_TYPE_CODE = 01
(String)    TEXT = (空)
(String)    EFFECTIVETIME_HIGH = 20110203030303
(String)    EFFECTIVETIME_LOW = 20110202030303
(String)    EFFECTIVETIME_PERIOD = 8
(String)    ROUTE_CODE = 1
(String)    DOSE_QUANTITY = 20
(String)    NUMERTOR = 1
(String)    UNIT_CODE = 01
(String)    MEDICINE_NAME = 格列齐特片
(String)    CAPACITY_QUANTITY = 1
(String)    PATIENT_ID = 123456789011
(String)    AUTHOR_TIME = 20120202030303
(String)    SIGNATURE_TEXT = 李医生
(String)    ASSIGNEDENTITY_ID = 120109197706015518
(String)    ASSIGNEDPERSON_NAME = 李医生
(String)    ORGANIZATION_ID = 1234567890
(String)    ORGANIZATION_NAME = 呼吸内科
(String)    VERIFIER_TIME = 20120202030303
(String)    VERIFIER_ASSIGNEDENTITY_ID = 120109197706015518
(String)    VERIFIER_ASSIGNEDENTITY_NAME = 王医生
(String)    ANNOTION_TEXT = 对下达医嘱的补充说明和注意事项提示
(String)    ANNOTION_STATUS_CODE = completed
(String)    ANNOTION_AUTHOR_ID = 120109197706015518
(String)    ANNOTION_AUTHOR_NAME = 李医生
(String)    ANNOTION_ORGANIZATION_ID = 1234567890
(String)    ANNOTION_ORGANIZATION_NAME = 呼吸内科
(String)    ENCOUNTER_ID = (空)
(String)    DENOMINATOR = 1
(String)    EFFECTIVETIME_UNIT = h
(String)    DOSE_QUANTITY_UNIT = mg
--------------------10:33:22.7189299--------------------
Insert Into IAI_ORDER
(
	ORDER_ID,ORDER_TYPE_CODE,TEXT,EFFECTIVETIME_HIGH,EFFECTIVETIME_LOW,
	EFFECTIVETIME_PERIOD,ROUTE_CODE,DOSE_QUANTITY,NUMERTOR,UNIT_CODE,
	MEDICINE_NAME,CAPACITY_QUANTITY,PATIENT_ID,AUTHOR_TIME,SIGNATURE_TEXT,
	ASSIGNEDENTITY_ID,ASSIGNEDPERSON_NAME,ORGANIZATION_ID,ORGANIZATION_NAME,VERIFIER_TIME,
	VERIFIER_ASSIGNEDENTITY_ID,VERIFIER_ASSIGNEDENTITY_NAME,ANNOTION_TEXT,ANNOTION_STATUS_CODE,ANNOTION_AUTHOR_ID,
	ANNOTION_AUTHOR_NAME,ANNOTION_ORGANIZATION_ID,ANNOTION_ORGANIZATION_NAME,ENCOUNTER_ID,DENOMINATOR,
	EFFECTIVETIME_UNIT,DOSE_QUANTITY_UNIT
)
Values
(
	:ORDER_ID,:ORDER_TYPE_CODE,:TEXT,:EFFECTIVETIME_HIGH,:EFFECTIVETIME_LOW,
	:EFFECTIVETIME_PERIOD,:ROUTE_CODE,:DOSE_QUANTITY,:NUMERTOR,:UNIT_CODE,
	:MEDICINE_NAME,:CAPACITY_QUANTITY,:PATIENT_ID,:AUTHOR_TIME,:SIGNATURE_TEXT,
	:ASSIGNEDENTITY_ID,:ASSIGNEDPERSON_NAME,:ORGANIZATION_ID,:ORGANIZATION_NAME,:VERIFIER_TIME,
	:VERIFIER_ASSIGNEDENTITY_ID,:VERIFIER_ASSIGNEDENTITY_NAME,:ANNOTION_TEXT,:ANNOTION_STATUS_CODE,:ANNOTION_AUTHOR_ID,
	:ANNOTION_AUTHOR_NAME,:ANNOTION_ORGANIZATION_ID,:ANNOTION_ORGANIZATION_NAME,:ENCOUNTER_ID,:DENOMINATOR,
	:EFFECTIVETIME_UNIT,:DOSE_QUANTITY_UNIT
)

参数值:
(String)    ORDER_ID = OBS09KO24
(String)    ORDER_TYPE_CODE = 01
(String)    TEXT = (空)
(String)    EFFECTIVETIME_HIGH = 20110203030303
(String)    EFFECTIVETIME_LOW = 20110202030303
(String)    EFFECTIVETIME_PERIOD = 8
(String)    ROUTE_CODE = 1
(String)    DOSE_QUANTITY = 20
(String)    NUMERTOR = 1
(String)    UNIT_CODE = 01
(String)    MEDICINE_NAME = 甲基睾丸素片
(String)    CAPACITY_QUANTITY = 1
(String)    PATIENT_ID = 123456789011
(String)    AUTHOR_TIME = 20120202030303
(String)    SIGNATURE_TEXT = 李医生
(String)    ASSIGNEDENTITY_ID = 120109197706015518
(String)    ASSIGNEDPERSON_NAME = 李医生
(String)    ORGANIZATION_ID = 1234567890
(String)    ORGANIZATION_NAME = 呼吸内科
(String)    VERIFIER_TIME = 20120202030303
(String)    VERIFIER_ASSIGNEDENTITY_ID = 120109197706015518
(String)    VERIFIER_ASSIGNEDENTITY_NAME = 王医生
(String)    ANNOTION_TEXT = 对下达医嘱的补充说明和注意事项提示
(String)    ANNOTION_STATUS_CODE = completed
(String)    ANNOTION_AUTHOR_ID = 120109197706015518
(String)    ANNOTION_AUTHOR_NAME = 李医生
(String)    ANNOTION_ORGANIZATION_ID = 1234567890
(String)    ANNOTION_ORGANIZATION_NAME = 呼吸内科
(String)    ENCOUNTER_ID = (空)
(String)    DENOMINATOR = 1
(String)    EFFECTIVETIME_UNIT = h
(String)    DOSE_QUANTITY_UNIT = mg
--------------------10:41:41.2496459--------------------
Insert Into IAI_ORDER
(
	ORDER_ID,ORDER_TYPE_CODE,TEXT,EFFECTIVETIME_HIGH,EFFECTIVETIME_LOW,
	EFFECTIVETIME_PERIOD,ROUTE_CODE,DOSE_QUANTITY,NUMERTOR,UNIT_CODE,
	MEDICINE_NAME,CAPACITY_QUANTITY,PATIENT_ID,AUTHOR_TIME,SIGNATURE_TEXT,
	ASSIGNEDENTITY_ID,ASSIGNEDPERSON_NAME,ORGANIZATION_ID,ORGANIZATION_NAME,VERIFIER_TIME,
	VERIFIER_ASSIGNEDENTITY_ID,VERIFIER_ASSIGNEDENTITY_NAME,ANNOTION_TEXT,ANNOTION_STATUS_CODE,ANNOTION_AUTHOR_ID,
	ANNOTION_AUTHOR_NAME,ANNOTION_ORGANIZATION_ID,ANNOTION_ORGANIZATION_NAME,ENCOUNTER_ID,DENOMINATOR,
	EFFECTIVETIME_UNIT,DOSE_QUANTITY_UNIT
)
Values
(
	:ORDER_ID,:ORDER_TYPE_CODE,:TEXT,:EFFECTIVETIME_HIGH,:EFFECTIVETIME_LOW,
	:EFFECTIVETIME_PERIOD,:ROUTE_CODE,:DOSE_QUANTITY,:NUMERTOR,:UNIT_CODE,
	:MEDICINE_NAME,:CAPACITY_QUANTITY,:PATIENT_ID,:AUTHOR_TIME,:SIGNATURE_TEXT,
	:ASSIGNEDENTITY_ID,:ASSIGNEDPERSON_NAME,:ORGANIZATION_ID,:ORGANIZATION_NAME,:VERIFIER_TIME,
	:VERIFIER_ASSIGNEDENTITY_ID,:VERIFIER_ASSIGNEDENTITY_NAME,:ANNOTION_TEXT,:ANNOTION_STATUS_CODE,:ANNOTION_AUTHOR_ID,
	:ANNOTION_AUTHOR_NAME,:ANNOTION_ORGANIZATION_ID,:ANNOTION_ORGANIZATION_NAME,:ENCOUNTER_ID,:DENOMINATOR,
	:EFFECTIVETIME_UNIT,:DOSE_QUANTITY_UNIT
)

参数值:
(String)    ORDER_ID = OB9OLLLEA4
(String)    ORDER_TYPE_CODE = 01
(String)    TEXT = (空)
(String)    EFFECTIVETIME_HIGH = 20110203030303
(String)    EFFECTIVETIME_LOW = 20110202030303
(String)    EFFECTIVETIME_PERIOD = 8
(String)    ROUTE_CODE = 1
(String)    DOSE_QUANTITY = 20
(String)    NUMERTOR = 1
(String)    UNIT_CODE = 01
(String)    MEDICINE_NAME = 加替沙星片
(String)    CAPACITY_QUANTITY = 1
(String)    PATIENT_ID = 123456789011
(String)    AUTHOR_TIME = 20120202030303
(String)    SIGNATURE_TEXT = 李医生
(String)    ASSIGNEDENTITY_ID = 120109197706015518
(String)    ASSIGNEDPERSON_NAME = 李医生
(String)    ORGANIZATION_ID = 1234567890
(String)    ORGANIZATION_NAME = 呼吸内科
(String)    VERIFIER_TIME = 20120202030303
(String)    VERIFIER_ASSIGNEDENTITY_ID = 120109197706015518
(String)    VERIFIER_ASSIGNEDENTITY_NAME = 王医生
(String)    ANNOTION_TEXT = 对下达医嘱的补充说明和注意事项提示
(String)    ANNOTION_STATUS_CODE = completed
(String)    ANNOTION_AUTHOR_ID = 120109197706015518
(String)    ANNOTION_AUTHOR_NAME = 李医生
(String)    ANNOTION_ORGANIZATION_ID = 1234567890
(String)    ANNOTION_ORGANIZATION_NAME = 呼吸内科
(String)    ENCOUNTER_ID = (空)
(String)    DENOMINATOR = 1
(String)    EFFECTIVETIME_UNIT = h
(String)    DOSE_QUANTITY_UNIT = mg
--------------------11:12:31.0487097--------------------
Insert Into IAI_OBSERVATION
(
	OBSERVATION_ID,OBSERVATION_TYPE,OBSERVATION_TEXT,EFFECTIVETIME_HIGH,EFFECTIVETIME_LOW,
	PRIORITYCODE,SPECIMEN_ID,RECORDTARGET,AUTHOR_TIME,SIGNATURETEXT,
	AUTHOR_ASSIGNEDENTITY_ID,ASSIGNEDPERSON_NAME,REPRESENTEDORGANIZATION_ID,REPRESENTEDORGANIZATION_NAME,VERIFIER_TIME,
	VERIFIER_SIGNATURETEXT,VERIFIER_ASSIGNEDENTITY_ID,VERIFIER_ASSIGNEDPERSON_NAME,GOAL_TEXT,GOAL_REASON,
	ANNOTATION_TEXT,ANNOTATION_AUTHOR_ID,ANNOTATION_AUTHOR_NAME,REPRESENTED_ORGANIZATION_ID,REPRESENTED_ORGANIZATION_NAME,
	ENCOUNTER_ID,ADDITIVE3,SPECIMEN_DESC,SPECIMEN_CODE,PRODUCTOF_TIME,
	SPECIMENPROCESSSTEP_TIME
)
Values
(
	:OBSERVATION_ID,:OBSERVATION_TYPE,:OBSERVATION_TEXT,:EFFECTIVETIME_HIGH,:EFFECTIVETIME_LOW,
	:PRIORITYCODE,:SPECIMEN_ID,:RECORDTARGET,:AUTHOR_TIME,:SIGNATURETEXT,
	:AUTHOR_ASSIGNEDENTITY_ID,:ASSIGNEDPERSON_NAME,:REPRESENTEDORGANIZATION_ID,:REPRESENTEDORGANIZATION_NAME,:VERIFIER_TIME,
	:VERIFIER_SIGNATURETEXT,:VERIFIER_ASSIGNEDENTITY_ID,:VERIFIER_ASSIGNEDPERSON_NAME,:GOAL_TEXT,:GOAL_REASON,
	:ANNOTATION_TEXT,:ANNOTATION_AUTHOR_ID,:ANNOTATION_AUTHOR_NAME,:REPRESENTED_ORGANIZATION_ID,:REPRESENTED_ORGANIZATION_NAME,
	:ENCOUNTER_ID,:ADDITIVE3,:SPECIMEN_DESC,:SPECIMEN_CODE,:PRODUCTOF_TIME,
	:SPECIMENPROCESSSTEP_TIME
)

参数值:
(String)    OBSERVATION_ID = HA20110211LOIE7D65
(String)    OBSERVATION_TYPE = (空)
(String)    OBSERVATION_TEXT = (空)
(String)    EFFECTIVETIME_HIGH = 20110202030303
(String)    EFFECTIVETIME_LOW = 20110202030303
(String)    PRIORITYCODE = R
(String)    SPECIMEN_ID = SP1234567890
(String)    RECORDTARGET = E10000000
(String)    AUTHOR_TIME = 20120202030303
(String)    SIGNATURETEXT = 蒋茜
(String)    AUTHOR_ASSIGNEDENTITY_ID = 120109197706015518
(String)    ASSIGNEDPERSON_NAME = 蒋茜
(String)    REPRESENTEDORGANIZATION_ID = 1234567890
(String)    REPRESENTEDORGANIZATION_NAME = 呼吸内科
(String)    VERIFIER_TIME = 20120202030303
(String)    VERIFIER_SIGNATURETEXT = 蒋茜
(String)    VERIFIER_ASSIGNEDENTITY_ID = 120109197706015518
(String)    VERIFIER_ASSIGNEDPERSON_NAME = 蒋茜
(String)    GOAL_TEXT = keep systolic blood pressure between 90 and 110 mm Hg.
(String)    GOAL_REASON = 间断胸痛伴憋气1年余。
(String)    ANNOTATION_TEXT = 对下达申请单的补充说明和注意事项提示
(String)    ANNOTATION_AUTHOR_ID = 120109197706015518
(String)    ANNOTATION_AUTHOR_NAME = 郑余金
(String)    REPRESENTED_ORGANIZATION_ID = 1234567890
(String)    REPRESENTED_ORGANIZATION_NAME = 呼吸内科
(String)    ENCOUNTER_ID = null
(String)    ADDITIVE3 = 福尔马林
(String)    SPECIMEN_DESC = 对受检标本状态的描述
(String)    SPECIMEN_CODE = (空)
(String)    PRODUCTOF_TIME = 20130303020404
(String)    SPECIMENPROCESSSTEP_TIME = 20130303040404
--------------------11:12:49.7185365--------------------
Insert Into IAI_OBSERVATION
(
	OBSERVATION_ID,OBSERVATION_TYPE,OBSERVATION_TEXT,EFFECTIVETIME_HIGH,EFFECTIVETIME_LOW,
	PRIORITYCODE,SPECIMEN_ID,RECORDTARGET,AUTHOR_TIME,SIGNATURETEXT,
	AUTHOR_ASSIGNEDENTITY_ID,ASSIGNEDPERSON_NAME,REPRESENTEDORGANIZATION_ID,REPRESENTEDORGANIZATION_NAME,VERIFIER_TIME,
	VERIFIER_SIGNATURETEXT,VERIFIER_ASSIGNEDENTITY_ID,VERIFIER_ASSIGNEDPERSON_NAME,GOAL_TEXT,GOAL_REASON,
	ANNOTATION_TEXT,ANNOTATION_AUTHOR_ID,ANNOTATION_AUTHOR_NAME,REPRESENTED_ORGANIZATION_ID,REPRESENTED_ORGANIZATION_NAME,
	ENCOUNTER_ID,ADDITIVE3,SPECIMEN_DESC,SPECIMEN_CODE,PRODUCTOF_TIME,
	SPECIMENPROCESSSTEP_TIME
)
Values
(
	:OBSERVATION_ID,:OBSERVATION_TYPE,:OBSERVATION_TEXT,:EFFECTIVETIME_HIGH,:EFFECTIVETIME_LOW,
	:PRIORITYCODE,:SPECIMEN_ID,:RECORDTARGET,:AUTHOR_TIME,:SIGNATURETEXT,
	:AUTHOR_ASSIGNEDENTITY_ID,:ASSIGNEDPERSON_NAME,:REPRESENTEDORGANIZATION_ID,:REPRESENTEDORGANIZATION_NAME,:VERIFIER_TIME,
	:VERIFIER_SIGNATURETEXT,:VERIFIER_ASSIGNEDENTITY_ID,:VERIFIER_ASSIGNEDPERSON_NAME,:GOAL_TEXT,:GOAL_REASON,
	:ANNOTATION_TEXT,:ANNOTATION_AUTHOR_ID,:ANNOTATION_AUTHOR_NAME,:REPRESENTED_ORGANIZATION_ID,:REPRESENTED_ORGANIZATION_NAME,
	:ENCOUNTER_ID,:ADDITIVE3,:SPECIMEN_DESC,:SPECIMEN_CODE,:PRODUCTOF_TIME,
	:SPECIMENPROCESSSTEP_TIME
)

参数值:
(String)    OBSERVATION_ID = HA20110211oi9O3M65
(String)    OBSERVATION_TYPE = (空)
(String)    OBSERVATION_TEXT = (空)
(String)    EFFECTIVETIME_HIGH = 20110202030303
(String)    EFFECTIVETIME_LOW = 20110202030303
(String)    PRIORITYCODE = R
(String)    SPECIMEN_ID = SP1234567890
(String)    RECORDTARGET = E10000000
(String)    AUTHOR_TIME = 20120202030303
(String)    SIGNATURETEXT = 胡影
(String)    AUTHOR_ASSIGNEDENTITY_ID = 120109197706015518
(String)    ASSIGNEDPERSON_NAME = 胡影
(String)    REPRESENTEDORGANIZATION_ID = 1234567890
(String)    REPRESENTEDORGANIZATION_NAME = 呼吸内科
(String)    VERIFIER_TIME = 20120202030303
(String)    VERIFIER_SIGNATURETEXT = 胡影
(String)    VERIFIER_ASSIGNEDENTITY_ID = 120109197706015518
(String)    VERIFIER_ASSIGNEDPERSON_NAME = 胡影
(String)    GOAL_TEXT = keep systolic blood pressure between 90 and 110 mm Hg.
(String)    GOAL_REASON = 发热13天，呼吸困难8天。
(String)    ANNOTATION_TEXT = 对下达申请单的补充说明和注意事项提示
(String)    ANNOTATION_AUTHOR_ID = 120109197706015518
(String)    ANNOTATION_AUTHOR_NAME = 李巍巍
(String)    REPRESENTED_ORGANIZATION_ID = 1234567890
(String)    REPRESENTED_ORGANIZATION_NAME = 呼吸内科
(String)    ENCOUNTER_ID = null
(String)    ADDITIVE3 = 福尔马林
(String)    SPECIMEN_DESC = 对受检标本状态的描述
(String)    SPECIMEN_CODE = (空)
(String)    PRODUCTOF_TIME = 20130303020404
(String)    SPECIMENPROCESSSTEP_TIME = 20130303040404
--------------------11:13:12.1816670--------------------
Insert Into IAI_OBSERVATION
(
	OBSERVATION_ID,OBSERVATION_TYPE,OBSERVATION_TEXT,EFFECTIVETIME_HIGH,EFFECTIVETIME_LOW,
	PRIORITYCODE,SPECIMEN_ID,RECORDTARGET,AUTHOR_TIME,SIGNATURETEXT,
	AUTHOR_ASSIGNEDENTITY_ID,ASSIGNEDPERSON_NAME,REPRESENTEDORGANIZATION_ID,REPRESENTEDORGANIZATION_NAME,VERIFIER_TIME,
	VERIFIER_SIGNATURETEXT,VERIFIER_ASSIGNEDENTITY_ID,VERIFIER_ASSIGNEDPERSON_NAME,GOAL_TEXT,GOAL_REASON,
	ANNOTATION_TEXT,ANNOTATION_AUTHOR_ID,ANNOTATION_AUTHOR_NAME,REPRESENTED_ORGANIZATION_ID,REPRESENTED_ORGANIZATION_NAME,
	ENCOUNTER_ID,ADDITIVE3,SPECIMEN_DESC,SPECIMEN_CODE,PRODUCTOF_TIME,
	SPECIMENPROCESSSTEP_TIME
)
Values
(
	:OBSERVATION_ID,:OBSERVATION_TYPE,:OBSERVATION_TEXT,:EFFECTIVETIME_HIGH,:EFFECTIVETIME_LOW,
	:PRIORITYCODE,:SPECIMEN_ID,:RECORDTARGET,:AUTHOR_TIME,:SIGNATURETEXT,
	:AUTHOR_ASSIGNEDENTITY_ID,:ASSIGNEDPERSON_NAME,:REPRESENTEDORGANIZATION_ID,:REPRESENTEDORGANIZATION_NAME,:VERIFIER_TIME,
	:VERIFIER_SIGNATURETEXT,:VERIFIER_ASSIGNEDENTITY_ID,:VERIFIER_ASSIGNEDPERSON_NAME,:GOAL_TEXT,:GOAL_REASON,
	:ANNOTATION_TEXT,:ANNOTATION_AUTHOR_ID,:ANNOTATION_AUTHOR_NAME,:REPRESENTED_ORGANIZATION_ID,:REPRESENTED_ORGANIZATION_NAME,
	:ENCOUNTER_ID,:ADDITIVE3,:SPECIMEN_DESC,:SPECIMEN_CODE,:PRODUCTOF_TIME,
	:SPECIMENPROCESSSTEP_TIME
)

参数值:
(String)    OBSERVATION_ID = HA2011021094436665
(String)    OBSERVATION_TYPE = (空)
(String)    OBSERVATION_TEXT = (空)
(String)    EFFECTIVETIME_HIGH = 20110202030303
(String)    EFFECTIVETIME_LOW = 20110202030303
(String)    PRIORITYCODE = R
(String)    SPECIMEN_ID = SP1234567890
(String)    RECORDTARGET = E10000000
(String)    AUTHOR_TIME = 20120202030303
(String)    SIGNATURETEXT = 李医生
(String)    AUTHOR_ASSIGNEDENTITY_ID = 120109197706015518
(String)    ASSIGNEDPERSON_NAME = 李医生
(String)    REPRESENTEDORGANIZATION_ID = 1234567890
(String)    REPRESENTEDORGANIZATION_NAME = 呼吸内科
(String)    VERIFIER_TIME = 20120202030303
(String)    VERIFIER_SIGNATURETEXT = 王医生
(String)    VERIFIER_ASSIGNEDENTITY_ID = 120109197706015518
(String)    VERIFIER_ASSIGNEDPERSON_NAME = 王医生
(String)    GOAL_TEXT = keep systolic blood pressure between 90 and 110 mm Hg.
(String)    GOAL_REASON = 对患者本次疾病相关的主要症状及其持续时间的描述
(String)    ANNOTATION_TEXT = 对下达申请单的补充说明和注意事项提示
(String)    ANNOTATION_AUTHOR_ID = 120109197706015518
(String)    ANNOTATION_AUTHOR_NAME = 李医生
(String)    REPRESENTED_ORGANIZATION_ID = 1234567890
(String)    REPRESENTED_ORGANIZATION_NAME = 呼吸内科
(String)    ENCOUNTER_ID = null
(String)    ADDITIVE3 = 福尔马林
(String)    SPECIMEN_DESC = 对受检标本状态的描述
(String)    SPECIMEN_CODE = (空)
(String)    PRODUCTOF_TIME = 20130303020404
(String)    SPECIMENPROCESSSTEP_TIME = 20130303040404
--------------------11:20:22.6242612--------------------
Insert Into IAI_OBSERVATION
(
	OBSERVATION_ID,OBSERVATION_TYPE,OBSERVATION_TEXT,EFFECTIVETIME_HIGH,EFFECTIVETIME_LOW,
	PRIORITYCODE,SPECIMEN_ID,RECORDTARGET,AUTHOR_TIME,SIGNATURETEXT,
	AUTHOR_ASSIGNEDENTITY_ID,ASSIGNEDPERSON_NAME,REPRESENTEDORGANIZATION_ID,REPRESENTEDORGANIZATION_NAME,VERIFIER_TIME,
	VERIFIER_SIGNATURETEXT,VERIFIER_ASSIGNEDENTITY_ID,VERIFIER_ASSIGNEDPERSON_NAME,GOAL_TEXT,GOAL_REASON,
	ANNOTATION_TEXT,ANNOTATION_AUTHOR_ID,ANNOTATION_AUTHOR_NAME,REPRESENTED_ORGANIZATION_ID,REPRESENTED_ORGANIZATION_NAME,
	ENCOUNTER_ID,ADDITIVE3,SPECIMEN_DESC,SPECIMEN_CODE,PRODUCTOF_TIME,
	SPECIMENPROCESSSTEP_TIME
)
Values
(
	:OBSERVATION_ID,:OBSERVATION_TYPE,:OBSERVATION_TEXT,:EFFECTIVETIME_HIGH,:EFFECTIVETIME_LOW,
	:PRIORITYCODE,:SPECIMEN_ID,:RECORDTARGET,:AUTHOR_TIME,:SIGNATURETEXT,
	:AUTHOR_ASSIGNEDENTITY_ID,:ASSIGNEDPERSON_NAME,:REPRESENTEDORGANIZATION_ID,:REPRESENTEDORGANIZATION_NAME,:VERIFIER_TIME,
	:VERIFIER_SIGNATURETEXT,:VERIFIER_ASSIGNEDENTITY_ID,:VERIFIER_ASSIGNEDPERSON_NAME,:GOAL_TEXT,:GOAL_REASON,
	:ANNOTATION_TEXT,:ANNOTATION_AUTHOR_ID,:ANNOTATION_AUTHOR_NAME,:REPRESENTED_ORGANIZATION_ID,:REPRESENTED_ORGANIZATION_NAME,
	:ENCOUNTER_ID,:ADDITIVE3,:SPECIMEN_DESC,:SPECIMEN_CODE,:PRODUCTOF_TIME,
	:SPECIMENPROCESSSTEP_TIME
)

参数值:
(String)    OBSERVATION_ID = HA20110211LOIE7D65
(String)    OBSERVATION_TYPE = (空)
(String)    OBSERVATION_TEXT = (空)
(String)    EFFECTIVETIME_HIGH = 20110202030303
(String)    EFFECTIVETIME_LOW = 20110202030303
(String)    PRIORITYCODE = R
(String)    SPECIMEN_ID = SP1234567890
(String)    RECORDTARGET = E10000000
(String)    AUTHOR_TIME = 20120202030303
(String)    SIGNATURETEXT = 蒋茜
(String)    AUTHOR_ASSIGNEDENTITY_ID = 120109197706015518
(String)    ASSIGNEDPERSON_NAME = 蒋茜
(String)    REPRESENTEDORGANIZATION_ID = 1234567890
(String)    REPRESENTEDORGANIZATION_NAME = 呼吸内科
(String)    VERIFIER_TIME = 20120202030303
(String)    VERIFIER_SIGNATURETEXT = 蒋茜
(String)    VERIFIER_ASSIGNEDENTITY_ID = 120109197706015518
(String)    VERIFIER_ASSIGNEDPERSON_NAME = 蒋茜
(String)    GOAL_TEXT = keep systolic blood pressure between 90 and 110 mm Hg.
(String)    GOAL_REASON = 间断胸痛伴憋气1年余。
(String)    ANNOTATION_TEXT = 对下达申请单的补充说明和注意事项提示
(String)    ANNOTATION_AUTHOR_ID = 120109197706015518
(String)    ANNOTATION_AUTHOR_NAME = 郑余金
(String)    REPRESENTED_ORGANIZATION_ID = 1234567890
(String)    REPRESENTED_ORGANIZATION_NAME = 呼吸内科
(String)    ENCOUNTER_ID = null
(String)    ADDITIVE3 = 福尔马林
(String)    SPECIMEN_DESC = 对受检标本状态的描述
(String)    SPECIMEN_CODE = (空)
(String)    PRODUCTOF_TIME = 20130303020404
(String)    SPECIMENPROCESSSTEP_TIME = 20130303040404
--------------------13:21:16.5217509--------------------
Insert Into IAI_MEDICAL_REGISTRATION
(
	ENCOUNTEREVENT_ID,TYPE_CODE,EFFECTIVE_TIME,ORIGINAL_TEXT,PATIENT_ID,
	PATIENT_NAME,CONSULTANT_ID,CONSULTANT_NAME,LOCATION_ID,LOCATION_NAME,
	ORGANIZATION_ID,MEDICAL_TYPE
)
Values
(
	:ENCOUNTEREVENT_ID,:TYPE_CODE,:EFFECTIVE_TIME,:ORIGINAL_TEXT,:PATIENT_ID,
	:PATIENT_NAME,:CONSULTANT_ID,:CONSULTANT_NAME,:LOCATION_ID,:LOCATION_NAME,
	:ORGANIZATION_ID,:MEDICAL_TYPE
)

参数值:
(String)    ENCOUNTEREVENT_ID = 9IOEK9123958
(String)    TYPE_CODE = 1
(String)    EFFECTIVE_TIME = 20130101
(String)    ORIGINAL_TEXT = 患者缘于1年前出现腹胀,以上腹为主,劳累或食用高脂食物尤为明显
(String)    PATIENT_ID = 6c798c4b-d4ce-4a66-82ec-5051a5b00000
(String)    PATIENT_NAME = 曹庭秋
(String)    CONSULTANT_ID = 001
(String)    CONSULTANT_NAME = 李军
(String)    LOCATION_ID = 003
(String)    LOCATION_NAME = 内科
(String)    ORGANIZATION_ID = 68823369-9
(Decimal)   MEDICAL_TYPE = 1
--------------------13:21:31.0002019--------------------
Insert Into IAI_MEDICAL_REGISTRATION
(
	ENCOUNTEREVENT_ID,TYPE_CODE,EFFECTIVE_TIME,ORIGINAL_TEXT,PATIENT_ID,
	PATIENT_NAME,CONSULTANT_ID,CONSULTANT_NAME,LOCATION_ID,LOCATION_NAME,
	ORGANIZATION_ID,MEDICAL_TYPE
)
Values
(
	:ENCOUNTEREVENT_ID,:TYPE_CODE,:EFFECTIVE_TIME,:ORIGINAL_TEXT,:PATIENT_ID,
	:PATIENT_NAME,:CONSULTANT_ID,:CONSULTANT_NAME,:LOCATION_ID,:LOCATION_NAME,
	:ORGANIZATION_ID,:MEDICAL_TYPE
)

参数值:
(String)    ENCOUNTEREVENT_ID = 0o99iklii
(String)    TYPE_CODE = 1
(String)    EFFECTIVE_TIME = 20130101
(String)    ORIGINAL_TEXT = 下肢浮肿
(String)    PATIENT_ID = 6c798c4b-d4ce-4a66-82ec-5051a5b00000
(String)    PATIENT_NAME = 李桂芹
(String)    CONSULTANT_ID = 001
(String)    CONSULTANT_NAME = 张宏瑾
(String)    LOCATION_ID = 003
(String)    LOCATION_NAME = 中医科
(String)    ORGANIZATION_ID = 68823369-9
(Decimal)   MEDICAL_TYPE = 1
--------------------13:37:20.1786156--------------------
Insert Into IAI_MEDICAL_REGISTRATION
(
	ENCOUNTEREVENT_ID,TYPE_CODE,EFFECTIVE_TIME,ORIGINAL_TEXT,PATIENT_ID,
	PATIENT_NAME,CONSULTANT_ID,CONSULTANT_NAME,LOCATION_ID,LOCATION_NAME,
	ORGANIZATION_ID,MEDICAL_TYPE
)
Values
(
	:ENCOUNTEREVENT_ID,:TYPE_CODE,:EFFECTIVE_TIME,:ORIGINAL_TEXT,:PATIENT_ID,
	:PATIENT_NAME,:CONSULTANT_ID,:CONSULTANT_NAME,:LOCATION_ID,:LOCATION_NAME,
	:ORGANIZATION_ID,:MEDICAL_TYPE
)

参数值:
(String)    ENCOUNTEREVENT_ID = 9iie9029k
(String)    TYPE_CODE = 3
(String)    EFFECTIVE_TIME = 20130101
(String)    ORIGINAL_TEXT = 腹胀
(String)    PATIENT_ID = 6c798c4b-d4ce-4a66-82ec-5051a5b00000
(String)    PATIENT_NAME = 夏昆山
(String)    CONSULTANT_ID = 001
(String)    CONSULTANT_NAME = 王凤山
(String)    LOCATION_ID = 68823369-9-003
(String)    LOCATION_NAME = 内科一病区
(String)    ORGANIZATION_ID = 68823369-9
(Decimal)   MEDICAL_TYPE = 3
--------------------13:37:36.0525448--------------------
Insert Into IAI_MEDICAL_REGISTRATION
(
	ENCOUNTEREVENT_ID,TYPE_CODE,EFFECTIVE_TIME,ORIGINAL_TEXT,PATIENT_ID,
	PATIENT_NAME,CONSULTANT_ID,CONSULTANT_NAME,LOCATION_ID,LOCATION_NAME,
	ORGANIZATION_ID,MEDICAL_TYPE
)
Values
(
	:ENCOUNTEREVENT_ID,:TYPE_CODE,:EFFECTIVE_TIME,:ORIGINAL_TEXT,:PATIENT_ID,
	:PATIENT_NAME,:CONSULTANT_ID,:CONSULTANT_NAME,:LOCATION_ID,:LOCATION_NAME,
	:ORGANIZATION_ID,:MEDICAL_TYPE
)

参数值:
(String)    ENCOUNTEREVENT_ID = oi90l3ka
(String)    TYPE_CODE = 3
(String)    EFFECTIVE_TIME = 20130101
(String)    ORIGINAL_TEXT = 痛
(String)    PATIENT_ID = 6c798c4b-d4ce-4a66-82ec-5051a5b00000
(String)    PATIENT_NAME = 杨乃娟
(String)    CONSULTANT_ID = 001
(String)    CONSULTANT_NAME = 王淑恩
(String)    LOCATION_ID = 68823369-9-003
(String)    LOCATION_NAME = 妇产科
(String)    ORGANIZATION_ID = 68823369-9
(Decimal)   MEDICAL_TYPE = 3
--------------------13:37:51.5796027--------------------
Insert Into IAI_MEDICAL_REGISTRATION
(
	ENCOUNTEREVENT_ID,TYPE_CODE,EFFECTIVE_TIME,ORIGINAL_TEXT,PATIENT_ID,
	PATIENT_NAME,CONSULTANT_ID,CONSULTANT_NAME,LOCATION_ID,LOCATION_NAME,
	ORGANIZATION_ID,MEDICAL_TYPE
)
Values
(
	:ENCOUNTEREVENT_ID,:TYPE_CODE,:EFFECTIVE_TIME,:ORIGINAL_TEXT,:PATIENT_ID,
	:PATIENT_NAME,:CONSULTANT_ID,:CONSULTANT_NAME,:LOCATION_ID,:LOCATION_NAME,
	:ORGANIZATION_ID,:MEDICAL_TYPE
)

参数值:
(String)    ENCOUNTEREVENT_ID = 0009ioaie
(String)    TYPE_CODE = 3
(String)    EFFECTIVE_TIME = 20130101
(String)    ORIGINAL_TEXT = 王淑恩
(String)    PATIENT_ID = 6c798c4b-d4ce-4a66-82ec-5051a5b00000
(String)    PATIENT_NAME = 李树林
(String)    CONSULTANT_ID = 001
(String)    CONSULTANT_NAME = 齐长秋
(String)    LOCATION_ID = 68823369-9-003
(String)    LOCATION_NAME = 内科
(String)    ORGANIZATION_ID = 68823369-9
(Decimal)   MEDICAL_TYPE = 3
