--------------------11:27:50.3870174--------------------
Insert Into IAI_MEDICAL_REGISTRATION
(
	ENCOUNTEREVENT_ID,TYPE_CODE,EFFECTIVE_TIME,ORIGINAL_TEXT,PATIENT_ID,
	PATIENT_NAME,CONSULTANT_ID,CONSULTANT_NAME,LOCATION_ID,LOCATION_NAME,
	ORGANIZATION_ID,MEDICAL_TYPE
)
Values
(
	:ENCOUNTEREVENT_ID,:TYPE_CODE,:EFFECTIVE_TIME,:ORIGINAL_TEXT,:PATIENT_ID,
	:PATIENT_NAME,:CONSULTANT_ID,:CONSULTANT_NAME,:LOCATION_ID,:LOCATION_NAME,
	:ORGANIZATION_ID,:MEDICAL_TYPE
)

参数值:
(String)    ENCOUNTEREVENT_ID = UJIELA893
(String)    TYPE_CODE = 0
(String)    EFFECTIVE_TIME = 20130101
(String)    ORIGINAL_TEXT = ICD-10诊断码
(String)    PATIENT_ID = 6c798c4b-d4ce-4a66-82ec-5051a5b00000
(String)    PATIENT_NAME = 王莉云
(String)    CONSULTANT_ID = 001
(String)    CONSULTANT_NAME = 张杨
(String)    LOCATION_ID = null
(String)    LOCATION_NAME = null
(String)    ORGANIZATION_ID = null
(Decimal)   MEDICAL_TYPE = 0
--------------------11:28:06.9898852--------------------
Insert Into IAI_MEDICAL_REGISTRATION
(
	ENCOUNTEREVENT_ID,TYPE_CODE,EFFECTIVE_TIME,ORIGINAL_TEXT,PATIENT_ID,
	PATIENT_NAME,CONSULTANT_ID,CONSULTANT_NAME,LOCATION_ID,LOCATION_NAME,
	ORGANIZATION_ID,MEDICAL_TYPE
)
Values
(
	:ENCOUNTEREVENT_ID,:TYPE_CODE,:EFFECTIVE_TIME,:ORIGINAL_TEXT,:PATIENT_ID,
	:PATIENT_NAME,:CONSULTANT_ID,:CONSULTANT_NAME,:LOCATION_ID,:LOCATION_NAME,
	:ORGANIZATION_ID,:MEDICAL_TYPE
)

参数值:
(String)    ENCOUNTEREVENT_ID = 0IOEIEKA
(String)    TYPE_CODE = 0
(String)    EFFECTIVE_TIME = 20130101
(String)    ORIGINAL_TEXT = ICD-10诊断码
(String)    PATIENT_ID = 6c798c4b-d4ce-4a66-82ec-5051a5b00000
(String)    PATIENT_NAME = 王雪红
(String)    CONSULTANT_ID = 001
(String)    CONSULTANT_NAME = 姜越
(String)    LOCATION_ID = null
(String)    LOCATION_NAME = null
(String)    ORGANIZATION_ID = null
(Decimal)   MEDICAL_TYPE = 0
--------------------11:39:46.8462563--------------------
Insert Into IAI_MEDICAL_REGISTRATION
(
	ENCOUNTEREVENT_ID,TYPE_CODE,EFFECTIVE_TIME,ORIGINAL_TEXT,PATIENT_ID,
	PATIENT_NAME,CONSULTANT_ID,CONSULTANT_NAME,LOCATION_ID,LOCATION_NAME,
	ORGANIZATION_ID,MEDICAL_TYPE
)
Values
(
	:ENCOUNTEREVENT_ID,:TYPE_CODE,:EFFECTIVE_TIME,:ORIGINAL_TEXT,:PATIENT_ID,
	:PATIENT_NAME,:CONSULTANT_ID,:CONSULTANT_NAME,:LOCATION_ID,:LOCATION_NAME,
	:ORGANIZATION_ID,:MEDICAL_TYPE
)

参数值:
(String)    ENCOUNTEREVENT_ID = UJIELA893
(String)    TYPE_CODE = 3
(String)    EFFECTIVE_TIME = 20130101
(String)    ORIGINAL_TEXT = ICD-10诊断码
(String)    PATIENT_ID = 6c798c4b-d4ce-4a66-82ec-5051a5b00000
(String)    PATIENT_NAME = 王莉云
(String)    CONSULTANT_ID = 001
(String)    CONSULTANT_NAME = 张杨
(String)    LOCATION_ID = null
(String)    LOCATION_NAME = null
(String)    ORGANIZATION_ID = null
(Decimal)   MEDICAL_TYPE = 0
--------------------11:40:11.8425017--------------------
Insert Into IAI_MEDICAL_REGISTRATION
(
	ENCOUNTEREVENT_ID,TYPE_CODE,EFFECTIVE_TIME,ORIGINAL_TEXT,PATIENT_ID,
	PATIENT_NAME,CONSULTANT_ID,CONSULTANT_NAME,LOCATION_ID,LOCATION_NAME,
	ORGANIZATION_ID,MEDICAL_TYPE
)
Values
(
	:ENCOUNTEREVENT_ID,:TYPE_CODE,:EFFECTIVE_TIME,:ORIGINAL_TEXT,:PATIENT_ID,
	:PATIENT_NAME,:CONSULTANT_ID,:CONSULTANT_NAME,:LOCATION_ID,:LOCATION_NAME,
	:ORGANIZATION_ID,:MEDICAL_TYPE
)

参数值:
(String)    ENCOUNTEREVENT_ID = 0IOEIEKA
(String)    TYPE_CODE = 3
(String)    EFFECTIVE_TIME = 20130101
(String)    ORIGINAL_TEXT = ICD-10诊断码
(String)    PATIENT_ID = 6c798c4b-d4ce-4a66-82ec-5051a5b00000
(String)    PATIENT_NAME = 王雪红
(String)    CONSULTANT_ID = 001
(String)    CONSULTANT_NAME = 姜越
(String)    LOCATION_ID = null
(String)    LOCATION_NAME = null
(String)    ORGANIZATION_ID = null
(Decimal)   MEDICAL_TYPE = 0
--------------------11:40:24.4112553--------------------
Insert Into IAI_MEDICAL_REGISTRATION
(
	ENCOUNTEREVENT_ID,TYPE_CODE,EFFECTIVE_TIME,ORIGINAL_TEXT,PATIENT_ID,
	PATIENT_NAME,CONSULTANT_ID,CONSULTANT_NAME,LOCATION_ID,LOCATION_NAME,
	ORGANIZATION_ID,MEDICAL_TYPE
)
Values
(
	:ENCOUNTEREVENT_ID,:TYPE_CODE,:EFFECTIVE_TIME,:ORIGINAL_TEXT,:PATIENT_ID,
	:PATIENT_NAME,:CONSULTANT_ID,:CONSULTANT_NAME,:LOCATION_ID,:LOCATION_NAME,
	:ORGANIZATION_ID,:MEDICAL_TYPE
)

参数值:
(String)    ENCOUNTEREVENT_ID = 909IKLAOE
(String)    TYPE_CODE = 3
(String)    EFFECTIVE_TIME = 20130101
(String)    ORIGINAL_TEXT = ICD-10诊断码
(String)    PATIENT_ID = 6c798c4b-d4ce-4a66-82ec-5051a5b00000
(String)    PATIENT_NAME = 刘亚勤
(String)    CONSULTANT_ID = 001
(String)    CONSULTANT_NAME = 伍燕兵
(String)    LOCATION_ID = null
(String)    LOCATION_NAME = null
(String)    ORGANIZATION_ID = null
(Decimal)   MEDICAL_TYPE = 0
