--------------------16:49:09.1935332--------------------
IF EXISTS (SELECT * FROM IAI_PATIENT
Where patient_id = :Original_patient_id) SELECT 1 ELSE SELECT 0

参数值:
(String)    Original_patient_id = 患者ID
--------------------17:04:11.8318101--------------------
Update IAI_PATIENT 
Set 
	PATIENT_ID = :PATIENT_ID,
	ID_NUMBER = :ID_NUMBER,
	NAME = :NAME,
	TELECOM = :TELECOM,
	GENDER_CODE = :GENDER_CODE,
	BIRTH_TIME = :BIRTH_TIME,
	STREET_ADDRESS_LINE = :STREET_ADDRESS_LINE,
	STATE = :STATE,
	CITY = :CITY,
	COUNTY = :COUNTY,
	STREET_NAME_BASE = :STREET_NAME_BASE,
	STREET_NAME = :STREET_NAME,
	HOUSE_NUMBER = :HOUSE_NUMBER,
	POSTAL_CODE = :POSTAL_CODE,
	MARITAL_STATUS_CODE = :MARITAL_STATUS_CODE,
	ETHNIC_GROUP_CODE = :ETHNIC_GROUP_CODE,
	OCCUPATION_CODE = :OCCUPATION_CODE,
	EMPLOYERORGANIZATION_NAME = :EMPLOYERORGANIZATION_NAME,
	EMPLOYERORGANIZATION_TELECOM = :EMPLOYERORGANIZATION_TELECOM,
	ASOTHERIDS_ID1 = :ASOTHERIDS_ID1,
	SCOPINGORGANIZATION_ID1 = :SCOPINGORGANIZATION_ID1,
	ASOTHERIDS_ID2 = :ASOTHERIDS_ID2,
	SCOPINGORGANIZATION_ID2 = :SCOPINGORGANIZATION_ID2,
	PERSONALRELATIONSHIP_CODE = :PERSONALRELATIONSHIP_CODE,
	PERSONALRELATIONSHIP_TELECOM = :PERSONALRELATIONSHIP_TELECOM,
	RELATIONSHIPHOLDER1_NAME = :RELATIONSHIPHOLDER1_NAME,
	PROVIDERORGANIZATION_ID = :PROVIDERORGANIZATION_ID,
	PROVIDERORGANIZATION_NAME = :PROVIDERORGANIZATION_NAME,
	BENEFICIARY_CODE = :BENEFICIARY_CODE
Where patient_id = :Original_patient_id

参数值:
(String)    PATIENT_ID = 患者ID1
(String)    ID_NUMBER = 患者ID1
(String)    NAME = 刘永好
(String)    TELECOM = 028-1234567
(String)    GENDER_CODE = 1
(String)    BIRTH_TIME = 19570323
(String)    STREET_ADDRESS_LINE = 四川省成都市双流县红沙村3号
(String)    STATE = 广东省
(String)    CITY = 广州市
(String)    COUNTY = 越秀区
(String)    STREET_NAME_BASE = 童心街
(String)    STREET_NAME = 下塘西路
(String)    HOUSE_NUMBER = 39号
(String)    POSTAL_CODE = 510000
(String)    MARITAL_STATUS_CODE = 10
(String)    ETHNIC_GROUP_CODE = 01
(String)    OCCUPATION_CODE = 13
(String)    EMPLOYERORGANIZATION_NAME = XXX学校
(String)    EMPLOYERORGANIZATION_TELECOM = 028-9999999
(String)    ASOTHERIDS_ID1 = 38273N237
(String)    SCOPINGORGANIZATION_ID1 = XXXXX
(String)    ASOTHERIDS_ID2 = 38273N237
(String)    SCOPINGORGANIZATION_ID2 = XXXXX
(String)    PERSONALRELATIONSHIP_CODE = (空)
(String)    PERSONALRELATIONSHIP_TELECOM = 028-8888888
(String)    RELATIONSHIPHOLDER1_NAME = 刘好
(String)    PROVIDERORGANIZATION_ID = XXXXX
(String)    PROVIDERORGANIZATION_NAME = 无锡中医院
(String)    BENEFICIARY_CODE = 1
(String)    Original_patient_id = 患者ID1
--------------------17:04:13.5299363--------------------
Update IAI_PATIENT 
Set 
	PATIENT_ID = :PATIENT_ID,
	ID_NUMBER = :ID_NUMBER,
	NAME = :NAME,
	TELECOM = :TELECOM,
	GENDER_CODE = :GENDER_CODE,
	BIRTH_TIME = :BIRTH_TIME,
	STREET_ADDRESS_LINE = :STREET_ADDRESS_LINE,
	STATE = :STATE,
	CITY = :CITY,
	COUNTY = :COUNTY,
	STREET_NAME_BASE = :STREET_NAME_BASE,
	STREET_NAME = :STREET_NAME,
	HOUSE_NUMBER = :HOUSE_NUMBER,
	POSTAL_CODE = :POSTAL_CODE,
	MARITAL_STATUS_CODE = :MARITAL_STATUS_CODE,
	ETHNIC_GROUP_CODE = :ETHNIC_GROUP_CODE,
	OCCUPATION_CODE = :OCCUPATION_CODE,
	EMPLOYERORGANIZATION_NAME = :EMPLOYERORGANIZATION_NAME,
	EMPLOYERORGANIZATION_TELECOM = :EMPLOYERORGANIZATION_TELECOM,
	ASOTHERIDS_ID1 = :ASOTHERIDS_ID1,
	SCOPINGORGANIZATION_ID1 = :SCOPINGORGANIZATION_ID1,
	ASOTHERIDS_ID2 = :ASOTHERIDS_ID2,
	SCOPINGORGANIZATION_ID2 = :SCOPINGORGANIZATION_ID2,
	PERSONALRELATIONSHIP_CODE = :PERSONALRELATIONSHIP_CODE,
	PERSONALRELATIONSHIP_TELECOM = :PERSONALRELATIONSHIP_TELECOM,
	RELATIONSHIPHOLDER1_NAME = :RELATIONSHIPHOLDER1_NAME,
	PROVIDERORGANIZATION_ID = :PROVIDERORGANIZATION_ID,
	PROVIDERORGANIZATION_NAME = :PROVIDERORGANIZATION_NAME,
	BENEFICIARY_CODE = :BENEFICIARY_CODE
Where patient_id = :Original_patient_id

参数值:
(String)    PATIENT_ID = 123123ID1231
(String)    ID_NUMBER = 123123ID1231
(String)    NAME = 刘永好
(String)    TELECOM = 028-1234567
(String)    GENDER_CODE = 1
(String)    BIRTH_TIME = 19570323
(String)    STREET_ADDRESS_LINE = 四川省成都市双流县红沙村3号
(String)    STATE = 广东省
(String)    CITY = 广州市
(String)    COUNTY = 越秀区
(String)    STREET_NAME_BASE = 童心街
(String)    STREET_NAME = 下塘西路
(String)    HOUSE_NUMBER = 39号
(String)    POSTAL_CODE = 510000
(String)    MARITAL_STATUS_CODE = 10
(String)    ETHNIC_GROUP_CODE = 01
(String)    OCCUPATION_CODE = 13
(String)    EMPLOYERORGANIZATION_NAME = XXX学校
(String)    EMPLOYERORGANIZATION_TELECOM = 028-9999999
(String)    ASOTHERIDS_ID1 = 38273N237
(String)    SCOPINGORGANIZATION_ID1 = XXXXX
(String)    ASOTHERIDS_ID2 = 38273N237
(String)    SCOPINGORGANIZATION_ID2 = XXXXX
(String)    PERSONALRELATIONSHIP_CODE = (空)
(String)    PERSONALRELATIONSHIP_TELECOM = 028-8888888
(String)    RELATIONSHIPHOLDER1_NAME = 刘好
(String)    PROVIDERORGANIZATION_ID = XXXXX
(String)    PROVIDERORGANIZATION_NAME = 无锡中医院
(String)    BENEFICIARY_CODE = 1
(String)    Original_patient_id = 123123ID1231
--------------------17:04:16.8348801--------------------
Delete From IAI_PATIENT 
Where patient_id = :Original_patient_id

参数值:
(String)    Original_patient_id = 患者ID
--------------------17:04:16.8690269--------------------
Update IAI_PATIENT 
Set 
	PATIENT_ID = :PATIENT_ID
Where patient_id = :Original_patient_id

参数值:
(String)    PATIENT_ID = 患者ID
(String)    Original_patient_id = 患者ID
--------------------17:04:23.3191678--------------------
Update IAI_PROVIDER 
Set 
	HEALTHCAREPROVIDER_ID = :HEALTHCAREPROVIDER_ID,
	HEALTHCAREPROVIDER_CODE = :HEALTHCAREPROVIDER_CODE,
	EFFECTIVETIME_HIGH = :EFFECTIVETIME_HIGH,
	EFFECTIVETIME_LOW = :EFFECTIVETIME_LOW,
	ID_NUMBER = :ID_NUMBER,
	NAME = :NAME,
	GENDER_CODE = :GENDER_CODE,
	BIRTH_TIME = :BIRTH_TIME,
	ORGANIZATION_ID = :ORGANIZATION_ID,
	ORGANIZATION_NAME = :ORGANIZATION_NAME,
	BIRTH_PLACE = :BIRTH_PLACE
Where healthcareprovider_id = :Original_healthcareprovider_id

参数值:
(String)    HEALTHCAREPROVIDER_ID = 000060
(String)    HEALTHCAREPROVIDER_CODE = 231
(String)    EFFECTIVETIME_HIGH = 20501231
(String)    EFFECTIVETIME_LOW = 20100101
(String)    ID_NUMBER = 210103197503147654
(String)    NAME = 张泽辉
(String)    GENDER_CODE = 1
(String)    BIRTH_TIME = 19750314
(String)    ORGANIZATION_ID = 000061
(String)    ORGANIZATION_NAME = 呼吸内科
(String)    BIRTH_PLACE = 沈阳市和平区三好街
(String)    Original_healthcareprovider_id = 000060
--------------------17:04:24.9691579--------------------
Update IAI_PROVIDER 
Set 
	HEALTHCAREPROVIDER_ID = :HEALTHCAREPROVIDER_ID,
	HEALTHCAREPROVIDER_CODE = :HEALTHCAREPROVIDER_CODE,
	EFFECTIVETIME_HIGH = :EFFECTIVETIME_HIGH,
	EFFECTIVETIME_LOW = :EFFECTIVETIME_LOW,
	ID_NUMBER = :ID_NUMBER,
	NAME = :NAME,
	GENDER_CODE = :GENDER_CODE,
	BIRTH_TIME = :BIRTH_TIME,
	ORGANIZATION_ID = :ORGANIZATION_ID,
	ORGANIZATION_NAME = :ORGANIZATION_NAME,
	BIRTH_PLACE = :BIRTH_PLACE
Where healthcareprovider_id = :Original_healthcareprovider_id

参数值:
(String)    HEALTHCAREPROVIDER_ID = 000061
(String)    HEALTHCAREPROVIDER_CODE = 231
(String)    EFFECTIVETIME_HIGH = 20501231
(String)    EFFECTIVETIME_LOW = 20100101
(String)    ID_NUMBER = 210103197503147656
(String)    NAME = 杨泽辉
(String)    GENDER_CODE = 1
(String)    BIRTH_TIME = 19750314
(String)    ORGANIZATION_ID = 1060
(String)    ORGANIZATION_NAME = 呼吸内科
(String)    BIRTH_PLACE = 沈阳市和平区三好街
(String)    Original_healthcareprovider_id = 000061
--------------------17:04:31.2871113--------------------
IF EXISTS (SELECT * FROM IAI_ORGANIZATION
Where organization_id = :Original_organization_id) SELECT 1 ELSE SELECT 0

参数值:
(String)    Original_organization_id = 1234567890
--------------------17:04:32.9998765--------------------
IF EXISTS (SELECT * FROM IAI_ORGANIZATION
Where organization_id = :Original_organization_id) SELECT 1 ELSE SELECT 0

参数值:
(String)    Original_organization_id = 1234567890
