--------------------09:39:41.6388870--------------------
select count(*) from IAI_PROVIDER
Where healthcareprovider_id = :Original_healthcareprovider_id

参数值:
(String)    Original_healthcareprovider_id = 000959
--------------------09:43:29.0761262--------------------
Select * From IAI_PROVIDER
Where healthcareprovider_id = :Original_healthcareprovider_id

参数值:
(String)    Original_healthcareprovider_id = 000060
--------------------09:45:02.0931100--------------------
Select * From IAI_PROVIDER
Where healthcareprovider_id = :Original_healthcareprovider_id

参数值:
(String)    Original_healthcareprovider_id = 004886
--------------------09:45:42.6272098--------------------
Select * From IAI_PROVIDER
Where healthcareprovider_id = :Original_healthcareprovider_id

参数值:
(String)    Original_healthcareprovider_id = 001341
--------------------09:56:08.0799284--------------------
select count(*) from IAI_ORGANIZATION
Where organization_id = :Original_organization_id

参数值:
(String)    Original_organization_id = 000061
--------------------09:56:08.3824916--------------------
Select * From IAI_ORGANIZATION Where 1=2
--------------------09:56:23.9967037--------------------
select count(*) from IAI_ORGANIZATION
Where organization_id = :Original_organization_id

参数值:
(String)    Original_organization_id = 000021
--------------------09:56:24.2389058--------------------
Select * From IAI_ORGANIZATION Where 1=2
--------------------09:56:40.0413725--------------------
select count(*) from IAI_ORGANIZATION
Where organization_id = :Original_organization_id

参数值:
(String)    Original_organization_id = 000161
--------------------09:56:40.3557523--------------------
Select * From IAI_ORGANIZATION Where 1=2
--------------------10:00:02.2312238--------------------
Select * From IAI_ORGANIZATION
Where organization_id = :Original_organization_id

参数值:
(String)    Original_organization_id = 000061
--------------------10:00:17.6863721--------------------
Select * From IAI_ORGANIZATION
Where organization_id = :Original_organization_id

参数值:
(String)    Original_organization_id = 000021
--------------------10:00:32.3354210--------------------
Select * From IAI_ORGANIZATION
Where organization_id = :Original_organization_id

参数值:
(String)    Original_organization_id = 000161
--------------------10:32:08.2348945--------------------
select count(*) from IAI_ORDER
Where order_id = :Original_order_id

参数值:
(String)    Original_order_id = OBS00AO09KQ
--------------------10:32:08.5706958--------------------
Select * From IAI_ORDER Where 1=2
--------------------10:33:04.8665631--------------------
select count(*) from IAI_ORDER
Where order_id = :Original_order_id

参数值:
(String)    Original_order_id = OB9L2R34
--------------------10:33:05.1340353--------------------
Select * From IAI_ORDER Where 1=2
--------------------10:33:22.4534020--------------------
select count(*) from IAI_ORDER
Where order_id = :Original_order_id

参数值:
(String)    Original_order_id = OBS09KO24
--------------------10:33:22.7035124--------------------
Select * From IAI_ORDER Where 1=2
--------------------10:33:29.1351490--------------------
select count(*) from IAI_ORDER
Where order_id = :Original_order_id

参数值:
(String)    Original_order_id = OBS09KO24
--------------------10:38:18.5670185--------------------
Select * From IAI_ORDER
Where order_id = :Original_order_id

参数值:
(String)    Original_order_id = OBS00AO09KQ
--------------------10:38:38.9203935--------------------
Select * From IAI_ORDER
Where order_id = :Original_order_id

参数值:
(String)    Original_order_id = OB9L2R34
--------------------10:38:52.2965141--------------------
Select * From IAI_ORDER
Where order_id = :Original_order_id

参数值:
(String)    Original_order_id = OOEIKG824
--------------------10:39:36.3710363--------------------
Select * From IAI_ORDER
Where order_id = :Original_order_id

参数值:
(String)    Original_order_id = OOEIKG824
--------------------10:41:40.9468556--------------------
select count(*) from IAI_ORDER
Where order_id = :Original_order_id

参数值:
(String)    Original_order_id = OB9OLLLEA4
--------------------10:41:41.2340216--------------------
Select * From IAI_ORDER Where 1=2
--------------------10:42:03.8305036--------------------
Select * From IAI_ORDER
Where order_id = :Original_order_id

参数值:
(String)    Original_order_id = OB9OLLLEA4
--------------------10:48:47.7128845--------------------
select count(*) from IAI_ORDER
Where order_id = :Original_order_id

参数值:
(String)    Original_order_id = OBS001234
--------------------10:49:04.8581394--------------------
select count(*) from IAI_ORDER
Where order_id = :Original_order_id

参数值:
(String)    Original_order_id = OBS001234
--------------------10:49:26.9190725--------------------
select count(*) from IAI_ORDER
Where order_id = :Original_order_id

参数值:
(String)    Original_order_id = OBS001234
--------------------11:12:30.0067309--------------------
select count(*) from IAI_OBSERVATION
Where observation_id = :Original_observation_id

参数值:
(String)    Original_observation_id = HA20110211LOIE7D65
--------------------11:12:31.0138371--------------------
Select * From IAI_OBSERVATION Where 1=2
--------------------11:12:49.2291767--------------------
select count(*) from IAI_OBSERVATION
Where observation_id = :Original_observation_id

参数值:
(String)    Original_observation_id = HA20110211oi9O3M65
--------------------11:12:49.6985906--------------------
Select * From IAI_OBSERVATION Where 1=2
--------------------11:13:11.9093207--------------------
select count(*) from IAI_OBSERVATION
Where observation_id = :Original_observation_id

参数值:
(String)    Original_observation_id = HA2011021094436665
--------------------11:13:12.1676782--------------------
Select * From IAI_OBSERVATION Where 1=2
--------------------11:20:22.1389077--------------------
select count(*) from IAI_OBSERVATION
Where observation_id = :Original_observation_id

参数值:
(String)    Original_observation_id = HA20110211LOIE7D65
--------------------11:20:22.6062992--------------------
Select * From IAI_OBSERVATION Where 1=2
--------------------11:27:42.4361829--------------------
Select * From IAI_OBSERVATION
Where observation_id = :Original_observation_id

参数值:
(String)    Original_observation_id = HA20110211LOIE7D65
--------------------11:28:09.3276483--------------------
Select * From IAI_OBSERVATION
Where observation_id = :Original_observation_id

参数值:
(String)    Original_observation_id = HA20110211oi9O3M65
--------------------11:28:24.7148645--------------------
Select * From IAI_OBSERVATION
Where observation_id = :Original_observation_id

参数值:
(String)    Original_observation_id = HA2011021094436665
--------------------13:20:23.8263324--------------------
Select * From IAI_OBSERVATION
Where observation_id = :Original_observation_id

参数值:
(String)    Original_observation_id = HA2011021094436665
--------------------13:20:25.5629212--------------------
Select * From IAI_MEDICAL_REGISTRATION
Where medical_type = :Original_medical_type And encounterevent_id = :Original_encounterevent_id

参数值:
(Int32)     Original_medical_type = 1
(String)    Original_encounterevent_id = MZ_IKE9832AF
--------------------13:20:37.1864247--------------------
Select * From IAI_MEDICAL_REGISTRATION
Where medical_type = :Original_medical_type And encounterevent_id = :Original_encounterevent_id

参数值:
(Int32)     Original_medical_type = 1
(String)    Original_encounterevent_id = MZ_IKE9832AF
--------------------13:21:16.2475169--------------------
select count(*) from IAI_MEDICAL_REGISTRATION
Where encounterevent_id = :Original_encounterevent_id And medical_type = :Original_medical_type

参数值:
(String)    Original_encounterevent_id = 9IOEK9123958
(Int32)     Original_medical_type = 1
--------------------13:21:16.5037989--------------------
Select * From IAI_MEDICAL_REGISTRATION Where 1=2
--------------------13:21:30.7069550--------------------
select count(*) from IAI_MEDICAL_REGISTRATION
Where encounterevent_id = :Original_encounterevent_id And medical_type = :Original_medical_type

参数值:
(String)    Original_encounterevent_id = 0o99iklii
(Int32)     Original_medical_type = 1
--------------------13:21:30.9832151--------------------
Select * From IAI_MEDICAL_REGISTRATION Where 1=2
--------------------13:21:57.3290129--------------------
Select * From IAI_MEDICAL_REGISTRATION
Where medical_type = :Original_medical_type And encounterevent_id = :Original_encounterevent_id

参数值:
(Int32)     Original_medical_type = 1
(String)    Original_encounterevent_id = 9IOEK9123958
--------------------13:22:23.0789527--------------------
Select * From IAI_MEDICAL_REGISTRATION
Where medical_type = :Original_medical_type And encounterevent_id = :Original_encounterevent_id

参数值:
(Int32)     Original_medical_type = 1
(String)    Original_encounterevent_id = 0o99iklii
--------------------13:37:19.8582312--------------------
select count(*) from IAI_MEDICAL_REGISTRATION
Where encounterevent_id = :Original_encounterevent_id And medical_type = :Original_medical_type

参数值:
(String)    Original_encounterevent_id = 9iie9029k
(Int32)     Original_medical_type = 3
--------------------13:37:20.1616612--------------------
Select * From IAI_MEDICAL_REGISTRATION Where 1=2
--------------------13:37:35.7622858--------------------
select count(*) from IAI_MEDICAL_REGISTRATION
Where encounterevent_id = :Original_encounterevent_id And medical_type = :Original_medical_type

参数值:
(String)    Original_encounterevent_id = oi90l3ka
(Int32)     Original_medical_type = 3
--------------------13:37:36.0405752--------------------
Select * From IAI_MEDICAL_REGISTRATION Where 1=2
--------------------13:37:51.2843911--------------------
select count(*) from IAI_MEDICAL_REGISTRATION
Where encounterevent_id = :Original_encounterevent_id And medical_type = :Original_medical_type

参数值:
(String)    Original_encounterevent_id = 0009ioaie
(Int32)     Original_medical_type = 3
--------------------13:37:51.5686323--------------------
Select * From IAI_MEDICAL_REGISTRATION Where 1=2
--------------------13:41:42.7941179--------------------
Select * From IAI_MEDICAL_REGISTRATION
Where medical_type = :Original_medical_type And encounterevent_id = :Original_encounterevent_id

参数值:
(Int32)     Original_medical_type = 3
(String)    Original_encounterevent_id = 9iie9029k
--------------------13:42:23.1374336--------------------
select count(*) from IAI_MEDICAL_REGISTRATION
Where encounterevent_id = :Original_encounterevent_id And medical_type = :Original_medical_type

参数值:
(String)    Original_encounterevent_id = 9iie9029k
(Int32)     Original_medical_type = 3
--------------------13:42:38.0551230--------------------
Select * From IAI_MEDICAL_REGISTRATION
Where medical_type = :Original_medical_type And encounterevent_id = :Original_encounterevent_id

参数值:
(Int32)     Original_medical_type = 3
(String)    Original_encounterevent_id = 9iie9029k
